============================================================
  Generated by:           Genus(TM) Synthesis Solution 22.15-s086_1
  Generated on:           Oct 25 2024  07:46:27 am
  Module:                 conv_rapida
  Library domain:         timing_cond_0p81v_125c
    Domain index:         0
    Technology library:   tcbn28hpcplusbwp30p140ssg0p81v125c 110
  Operating conditions:   ssg0p81v125c 
  Interconnect mode:      global
  Area mode:              physical library
============================================================

                                                                                Library 
        Gate         Instances    Area                   Library                 Domain 
----------------------------------------------------------------------------------------
AN2D0BWP30P140               1      0.504    tcbn28hpcplusbwp30p140ssg0p81v125c       0 
AN2D1BWP30P140              13      6.552    tcbn28hpcplusbwp30p140ssg0p81v125c       0 
AN2D2BWP30P140               2      1.260    tcbn28hpcplusbwp30p140ssg0p81v125c       0 
AN4D1BWP30P140               6      4.536    tcbn28hpcplusbwp30p140ssg0p81v125c       0 
AO211D1BWP30P140            68     51.408    tcbn28hpcplusbwp30p140ssg0p81v125c       0 
AO211D2BWP30P140             4      3.528    tcbn28hpcplusbwp30p140ssg0p81v125c       0 
AO22D0BWP30P140            976    737.856    tcbn28hpcplusbwp30p140ssg0p81v125c       0 
AOI21D1BWP30P140             7      3.528    tcbn28hpcplusbwp30p140ssg0p81v125c       0 
AOI221D1BWP30P140          575    434.700    tcbn28hpcplusbwp30p140ssg0p81v125c       0 
AOI222D1BWP30P140          151    152.208    tcbn28hpcplusbwp30p140ssg0p81v125c       0 
AOI22D1BWP30P140           750    472.500    tcbn28hpcplusbwp30p140ssg0p81v125c       0 
AOI31D1BWP30P140             1      0.630    tcbn28hpcplusbwp30p140ssg0p81v125c       0 
BUFFD4BWP30P140              1      0.882    tcbn28hpcplusbwp30p140ssg0p81v125c       0 
CKAN2D1BWP30P140            37     18.648    tcbn28hpcplusbwp30p140ssg0p81v125c       0 
CKLNQD1BWP30P140             8     15.120    tcbn28hpcplusbwp30p140ssg0p81v125c       0 
CKMUX2D0BWP30P140           30     26.460    tcbn28hpcplusbwp30p140ssg0p81v125c       0 
CKND1BWP30P140             680    171.360    tcbn28hpcplusbwp30p140ssg0p81v125c       0 
CKND2BWP30P140               2      0.756    tcbn28hpcplusbwp30p140ssg0p81v125c       0 
CKND2D1BWP30P140           176     66.528    tcbn28hpcplusbwp30p140ssg0p81v125c       0 
CKND4BWP30P140               2      1.260    tcbn28hpcplusbwp30p140ssg0p81v125c       0 
CKND6BWP30P140               2      1.764    tcbn28hpcplusbwp30p140ssg0p81v125c       0 
DFCND1BWP30P140              5     12.600    tcbn28hpcplusbwp30p140ssg0p81v125c       0 
DFCNQD1BWP30P140           700   1587.600    tcbn28hpcplusbwp30p140ssg0p81v125c       0 
FA1D1BWP30P140            3921   8398.782    tcbn28hpcplusbwp30p140ssg0p81v125c       0 
HA1D1BWP30P140             411    673.218    tcbn28hpcplusbwp30p140ssg0p81v125c       0 
IAO21D0BWP30P140             2      1.260    tcbn28hpcplusbwp30p140ssg0p81v125c       0 
IND2D1BWP30P140             15      7.560    tcbn28hpcplusbwp30p140ssg0p81v125c       0 
IND3D1BWP30P140              6      3.780    tcbn28hpcplusbwp30p140ssg0p81v125c       0 
INR2D1BWP30P140             47     23.688    tcbn28hpcplusbwp30p140ssg0p81v125c       0 
INR2D2BWP30P140              1      0.756    tcbn28hpcplusbwp30p140ssg0p81v125c       0 
INR2D4BWP30P140              1      1.386    tcbn28hpcplusbwp30p140ssg0p81v125c       0 
INVD0P7BWP30P140            13      3.276    tcbn28hpcplusbwp30p140ssg0p81v125c       0 
INVD1BWP30P140               1      0.252    tcbn28hpcplusbwp30p140ssg0p81v125c       0 
INVD2BWP30P140               3      1.134    tcbn28hpcplusbwp30p140ssg0p81v125c       0 
INVD3BWP30P140               2      1.008    tcbn28hpcplusbwp30p140ssg0p81v125c       0 
INVD6BWP30P140               1      0.882    tcbn28hpcplusbwp30p140ssg0p81v125c       0 
IOA21D1BWP30P140           186    117.180    tcbn28hpcplusbwp30p140ssg0p81v125c       0 
MOAI22D1BWP30P140           61     46.116    tcbn28hpcplusbwp30p140ssg0p81v125c       0 
ND2D1BWP30P140             553    209.034    tcbn28hpcplusbwp30p140ssg0p81v125c       0 
ND2OPTIBD1BWP30P140         11      4.158    tcbn28hpcplusbwp30p140ssg0p81v125c       0 
ND3D1BWP30P140              73     36.792    tcbn28hpcplusbwp30p140ssg0p81v125c       0 
NR2D1BWP30P140              49     18.522    tcbn28hpcplusbwp30p140ssg0p81v125c       0 
NR2OPTIBD1BWP30P140          7      2.646    tcbn28hpcplusbwp30p140ssg0p81v125c       0 
NR3D0P7BWP30P140             6      3.024    tcbn28hpcplusbwp30p140ssg0p81v125c       0 
NR4D0BWP30P140              12      7.560    tcbn28hpcplusbwp30p140ssg0p81v125c       0 
OA21D1BWP30P140              6      3.780    tcbn28hpcplusbwp30p140ssg0p81v125c       0 
OAI211D1BWP30P140            7      4.410    tcbn28hpcplusbwp30p140ssg0p81v125c       0 
OAI21D1BWP30P140            75     37.800    tcbn28hpcplusbwp30p140ssg0p81v125c       0 
OAI22D1BWP30P140            66     41.580    tcbn28hpcplusbwp30p140ssg0p81v125c       0 
OAI33D1BWP30P140             6      5.292    tcbn28hpcplusbwp30p140ssg0p81v125c       0 
OR2D0BWP30P140              12      6.048    tcbn28hpcplusbwp30p140ssg0p81v125c       0 
OR2D1BWP30P140              14      7.056    tcbn28hpcplusbwp30p140ssg0p81v125c       0 
OR3D1BWP30P140             110     69.300    tcbn28hpcplusbwp30p140ssg0p81v125c       0 
OR3D2BWP30P140               6      4.536    tcbn28hpcplusbwp30p140ssg0p81v125c       0 
SDFCNQARD1BWP30P140         20     57.960    tcbn28hpcplusbwp30p140ssg0p81v125c       0 
XNR2UD1BWP30P140           672    592.704    tcbn28hpcplusbwp30p140ssg0p81v125c       0 
XNR3UD1BWP30P140            33     58.212    tcbn28hpcplusbwp30p140ssg0p81v125c       0 
XNR4D1BWP30P140             12     31.752    tcbn28hpcplusbwp30p140ssg0p81v125c       0 
XOR2UD1BWP30P140            69     60.858    tcbn28hpcplusbwp30p140ssg0p81v125c       0 
XOR3UD1BWP30P140           153    269.892    tcbn28hpcplusbwp30p140ssg0p81v125c       0 
XOR4D0BWP30P140             12     31.752    tcbn28hpcplusbwp30p140ssg0p81v125c       0 
----------------------------------------------------------------------------------------
total                    10852  14617.134                                       


                                                        
            Type             Instances    Area   Area % 
--------------------------------------------------------
sequential                         725  1658.160   11.3 
inverter                           706   181.692    1.2 
buffer                               1     0.882    0.0 
clock_gating_integrated_cell         8    15.120    0.1 
logic                             9412 12761.280   87.3 
physical_cells                       0     0.000    0.0 
--------------------------------------------------------
total                            10852 14617.134  100.0 

