============================================================
  Generated by:           Genus(TM) Synthesis Solution 22.15-s086_1
  Generated on:           Oct 25 2024  07:46:55 am
  Module:                 conv_rapida
  Operating conditions:   ssg0p81v125c 
  Operating conditions:   tt0p9v25c 
  Operating conditions:   ffg0p99vm40c 
  Interconnect mode:      global
  Area mode:              physical library
============================================================


Path 1: MET (771 ps) Setup Check with Pin registers_reg[7][19]/CP->D
           View: analysis_view_0p99v_m40c_capbst_fastest
          Group: clk
     Startpoint: (R) EA_reg[3]/CP
          Clock: (R) clk
       Endpoint: (R) registers_reg[7][19]/D
          Clock: (R) clk

                     Capture       Launch     
        Clock Edge:+    2000            0     
       Src Latency:+       0            0     
       Net Latency:+       0 (I)        0 (I) 
           Arrival:=    2000            0     
                                              
             Setup:-      14                  
     Required Time:=    1986                  
      Launch Clock:-       0                  
         Data Path:-    1216                  
             Slack:=     771                  

#--------------------------------------------------------------------------------------------------------------
#       Timing Point        Flags    Arc   Edge        Cell          Fanout  Load Trans Delay Arrival Instance 
#                                                                            (fF)  (ps)  (ps)   (ps)  Location 
#--------------------------------------------------------------------------------------------------------------
  EA_reg[3]/CP              -       -      R     (arrival)               13     -     0     0       0    (-,-) 
  EA_reg[3]/QN              -       CP->QN R     DFCND1BWP30P140          5   6.3    24    53      53    (-,-) 
  g28721/ZN                 -       A1->ZN F     ND2D1BWP30P140           3   4.8    30    23      76    (-,-) 
  g28715/ZN                 -       A1->ZN R     NR2OPTIBD1BWP30P140      2   2.9    22    20      96    (-,-) 
  g28499/Z                  -       A1->Z  R     AN2D2BWP30P140          68  72.1   111    79     175    (-,-) 
  g28429/ZN                 -       I->ZN  F     CKND1BWP30P140           6   8.8    54    42     217    (-,-) 
  g28428/ZN                 -       I->ZN  R     CKND4BWP30P140         170 177.1   143   101     318    (-,-) 
  g28122/Z                  -       A1->Z  R     AO22D0BWP30P140          1   1.6    18    29     346    (-,-) 
  g27589/Z                  -       A3->Z  R     OR3D1BWP30P140          25  31.6   104    72     418    (-,-) 
  mul_88_70_g4857/ZN        -       I->ZN  F     CKND1BWP30P140           3   3.7    34    23     441    (-,-) 
  mul_88_70_g4842/ZN        -       A1->ZN R     NR2OPTIBD1BWP30P140      2   2.9    23    21     462    (-,-) 
  mul_88_70_g4830/ZN        -       A2->ZN F     NR2D1BWP30P140           2   2.7    17    13     475    (-,-) 
  mul_88_70_g4812/ZN        -       B1->ZN R     INR2D1BWP30P140         19  21.7   113    72     547    (-,-) 
  mul_88_70_g4743/ZN        -       A2->ZN F     OAI21D1BWP30P140         1   2.2    39    26     573    (-,-) 
  mul_88_70_g4658/ZN        -       A1->ZN F     XNR2UD1BWP30P140         1   2.8    41    24     597    (-,-) 
  mul_88_70_g4615/S         -       B->S   F     HA1D1BWP30P140           1   3.1    15    24     621    (-,-) 
  mul_88_70_cdnfadd_009_0/S -       A->S   R     FA1D1BWP30P140           1   3.2    19    50     670    (-,-) 
  mul_88_70_cdnfadd_009_1/S -       A->S   F     FA1D1BWP30P140           1   3.0    16    42     712    (-,-) 
  mul_88_70_cdnfadd9/CO     -       B->CO  F     FA1D1BWP30P140           1   2.4    13    29     741    (-,-) 
  mul_88_70_cdnfadd10/CO    -       CI->CO F     FA1D1BWP30P140           1   2.4    13    24     765    (-,-) 
  mul_88_70_cdnfadd11/CO    -       CI->CO F     FA1D1BWP30P140           1   2.4    13    24     790    (-,-) 
  mul_88_70_cdnfadd12/CO    -       CI->CO F     FA1D1BWP30P140           1   2.4    13    24     814    (-,-) 
  mul_88_70_cdnfadd13/CO    -       CI->CO F     FA1D1BWP30P140           1   2.4    12    24     838    (-,-) 
  mul_88_70_cdnfadd14/CO    -       CI->CO F     FA1D1BWP30P140           1   2.4    12    24     862    (-,-) 
  mul_88_70_cdnfadd15/CO    -       CI->CO F     FA1D1BWP30P140           1   2.4    12    24     887    (-,-) 
  mul_88_70_cdnfadd16/CO    -       CI->CO F     FA1D1BWP30P140           1   2.4    12    24     911    (-,-) 
  mul_88_70_cdnfadd17/CO    -       CI->CO F     FA1D1BWP30P140           1   2.4    12    24     935    (-,-) 
  mul_88_70_cdnfadd18/CO    -       CI->CO F     FA1D1BWP30P140           1   2.4    12    24     959    (-,-) 
  mul_88_70_cdnfadd19/CO    -       CI->CO F     FA1D1BWP30P140           1   2.4    12    24     983    (-,-) 
  mul_88_70_cdnfadd20/CO    -       CI->CO F     FA1D1BWP30P140           1   2.4    12    24    1008    (-,-) 
  mul_88_70_cdnfadd21/CO    -       CI->CO F     FA1D1BWP30P140           1   2.4    12    24    1032    (-,-) 
  mul_88_70_cdnfadd22/CO    -       CI->CO F     FA1D1BWP30P140           1   2.4    12    24    1056    (-,-) 
  mul_88_70_cdnfadd23/CO    -       CI->CO F     FA1D1BWP30P140           1   2.4    12    24    1080    (-,-) 
  mul_88_70_cdnfadd24/CO    -       CI->CO F     FA1D1BWP30P140           1   2.4    12    24    1104    (-,-) 
  mul_88_70_cdnfadd25/CO    -       CI->CO F     FA1D1BWP30P140           1   2.4    12    24    1129    (-,-) 
  mul_88_70_cdnfadd26/CO    -       CI->CO F     FA1D1BWP30P140           1   1.8    11    23    1152    (-,-) 
  mul_88_70_g4871/ZN        -       A3->ZN R     XNR3UD1BWP30P140         3   3.8    30    20    1171    (-,-) 
  g31475/ZN                 -       A1->ZN F     CKND2D1BWP30P140         4   5.1    74    25    1196    (-,-) 
  g30341/ZN                 -       A1->ZN R     ND2D1BWP30P140           1   1.8    24    19    1215    (-,-) 
  registers_reg[7][19]/D    <<<     -      R     DFCNQD1BWP30P140         1     -     -     0    1216    (-,-) 
#--------------------------------------------------------------------------------------------------------------


