============================================================
  Generated by:           Genus(TM) Synthesis Solution 22.15-s086_1
  Generated on:           Oct 25 2024  07:46:28 am
  Module:                 conv_rapida
  Operating conditions:   ssg0p81v125c 
  Interconnect mode:      global
  Area mode:              physical library
============================================================


Path 1: MET (0 ps) Setup Check with Pin registers_reg[30][19]/CP->SI
           View: analysis_view_0p81v_125c_capwst_slowest
          Group: clk
     Startpoint: (R) EA_reg[3]/CP
          Clock: (R) clk
       Endpoint: (F) registers_reg[30][19]/SI
          Clock: (R) clk

                     Capture       Launch     
        Clock Edge:+    2000            0     
       Src Latency:+       0            0     
       Net Latency:+       0 (I)        0 (I) 
           Arrival:=    2000            0     
                                              
             Setup:-      86                  
     Required Time:=    1914                  
      Launch Clock:-       0                  
         Data Path:-    1914                  
             Slack:=       0                  

#-------------------------------------------------------------------------------------------------------------
#      Timing Point        Flags    Arc   Edge        Cell          Fanout  Load Trans Delay Arrival Instance 
#                                                                           (fF)  (ps)  (ps)   (ps)  Location 
#-------------------------------------------------------------------------------------------------------------
  EA_reg[3]/CP             -       -      R     (arrival)               13     -     0     0       0    (-,-) 
  EA_reg[3]/QN             -       CP->QN R     DFCND1BWP30P140          5   4.7    30    85      85    (-,-) 
  g28721/ZN                -       A1->ZN F     ND2D1BWP30P140           3   3.9    46    35     119    (-,-) 
  g2/ZN                    -       A1->ZN F     IND2D1BWP30P140          3   3.3    46    49     168    (-,-) 
  g28500/ZN                -       A1->ZN F     IND2D1BWP30P140          6   7.9    87    73     240    (-,-) 
  g28496/ZN                -       I->ZN  R     CKND6BWP30P140         238 191.5   177   131     371    (-,-) 
  g28345/Z                 -       B1->Z  R     AO22D0BWP30P140          1   1.2    29    55     426    (-,-) 
  g27644/Z                 -       A3->Z  R     OR3D1BWP30P140          22  23.1   126    92     518    (-,-) 
  mul_87_70_g4870/ZN       -       I->ZN  F     CKND1BWP30P140           3   3.0    49    34     553    (-,-) 
  mul_87_70_g4812/ZN       -       A1->ZN R     NR3D0P7BWP30P140         9   7.6   129    90     643    (-,-) 
  mul_87_70_g4808/ZN       -       I->ZN  F     CKND1BWP30P140          12  10.7    86    72     716    (-,-) 
  mul_87_70_g4756/ZN       -       A1->ZN R     OAI22D1BWP30P140         1   1.4    55    35     751    (-,-) 
  mul_87_70_g4621/ZN       -       C->ZN  F     AOI221D1BWP30P140        1   1.8    63    26     777    (-,-) 
  mul_87_70_g4605/ZN       -       A1->ZN F     XNR2UD1BWP30P140         1   2.6    64    43     820    (-,-) 
  mul_87_70_cdnfadd3/CO    -       B->CO  F     FA1D1BWP30P140           1   2.1    22    64     885    (-,-) 
  mul_87_70_cdnfadd4/CO    -       CI->CO F     FA1D1BWP30P140           1   2.1    22    43     928    (-,-) 
  mul_87_70_cdnfadd5/CO    -       CI->CO F     FA1D1BWP30P140           1   2.1    22    43     971    (-,-) 
  mul_87_70_cdnfadd6/CO    -       CI->CO F     FA1D1BWP30P140           1   2.1    22    43    1015    (-,-) 
  mul_87_70_cdnfadd7/CO    -       CI->CO F     FA1D1BWP30P140           1   2.1    22    43    1058    (-,-) 
  mul_87_70_cdnfadd8/CO    -       CI->CO F     FA1D1BWP30P140           1   2.1    22    43    1102    (-,-) 
  mul_87_70_cdnfadd9/CO    -       CI->CO F     FA1D1BWP30P140           1   2.1    22    43    1145    (-,-) 
  mul_87_70_cdnfadd10/CO   -       CI->CO F     FA1D1BWP30P140           1   2.1    22    44    1189    (-,-) 
  mul_87_70_cdnfadd11/CO   -       CI->CO F     FA1D1BWP30P140           1   2.1    22    44    1232    (-,-) 
  mul_87_70_cdnfadd12/CO   -       CI->CO F     FA1D1BWP30P140           1   2.1    22    44    1276    (-,-) 
  mul_87_70_cdnfadd13/CO   -       CI->CO F     FA1D1BWP30P140           1   2.1    21    44    1319    (-,-) 
  mul_87_70_cdnfadd14/CO   -       CI->CO F     FA1D1BWP30P140           1   2.1    21    43    1363    (-,-) 
  mul_87_70_cdnfadd15/CO   -       CI->CO F     FA1D1BWP30P140           1   2.1    21    43    1406    (-,-) 
  mul_87_70_cdnfadd16/CO   -       CI->CO F     FA1D1BWP30P140           1   2.1    21    43    1449    (-,-) 
  mul_87_70_cdnfadd17/CO   -       CI->CO F     FA1D1BWP30P140           1   2.1    21    43    1493    (-,-) 
  mul_87_70_cdnfadd18/CO   -       CI->CO F     FA1D1BWP30P140           1   2.1    21    43    1536    (-,-) 
  mul_87_70_cdnfadd19/CO   -       CI->CO F     FA1D1BWP30P140           1   2.1    21    43    1579    (-,-) 
  mul_87_70_cdnfadd20/CO   -       CI->CO F     FA1D1BWP30P140           1   2.1    21    43    1622    (-,-) 
  mul_87_70_cdnfadd21/CO   -       CI->CO F     FA1D1BWP30P140           1   2.1    21    43    1666    (-,-) 
  mul_87_70_cdnfadd22/CO   -       CI->CO F     FA1D1BWP30P140           1   2.1    22    43    1709    (-,-) 
  mul_87_70_cdnfadd23/CO   -       CI->CO F     FA1D1BWP30P140           1   2.1    21    43    1752    (-,-) 
  mul_87_70_cdnfadd24/CO   -       CI->CO F     FA1D1BWP30P140           1   2.1    21    43    1796    (-,-) 
  mul_87_70_cdnfadd25/CO   -       CI->CO F     FA1D1BWP30P140           1   2.1    22    43    1839    (-,-) 
  mul_87_70_cdnfadd26/CO   -       CI->CO F     FA1D1BWP30P140           1   1.3    18    40    1879    (-,-) 
  mul_87_70_g4872/ZN       -       A3->ZN F     XNR3UD1BWP30P140         2   1.9    32    35    1914    (-,-) 
  registers_reg[30][19]/SI <<<     -      F     SDFCNQARD1BWP30P140      2     -     -     0    1914    (-,-) 
#-------------------------------------------------------------------------------------------------------------


