============================================================
  Generated by:           Genus(TM) Synthesis Solution 22.15-s086_1
  Generated on:           Oct 25 2024  07:46:42 am
  Module:                 conv_rapida
  Operating conditions:   ssg0p81v125c 
  Operating conditions:   tt0p9v25c 
  Interconnect mode:      global
  Area mode:              physical library
============================================================


Path 1: MET (432 ps) Setup Check with Pin registers_reg[7][18]/CP->D
           View: analysis_view_0p90v_25c_captyp_nominal
          Group: clk
     Startpoint: (R) EA_reg[3]/CP
          Clock: (R) clk
       Endpoint: (R) registers_reg[7][18]/D
          Clock: (R) clk

                     Capture       Launch     
        Clock Edge:+    2000            0     
       Src Latency:+       0            0     
       Net Latency:+       0 (I)        0 (I) 
           Arrival:=    2000            0     
                                              
             Setup:-      19                  
     Required Time:=    1981                  
      Launch Clock:-       0                  
         Data Path:-    1549                  
             Slack:=     432                  

#--------------------------------------------------------------------------------------------------------------
#       Timing Point        Flags    Arc   Edge        Cell          Fanout  Load Trans Delay Arrival Instance 
#                                                                            (fF)  (ps)  (ps)   (ps)  Location 
#--------------------------------------------------------------------------------------------------------------
  EA_reg[3]/CP              -       -      R     (arrival)               13     -     0     0       0    (-,-) 
  EA_reg[3]/QN              -       CP->QN R     DFCND1BWP30P140          5   5.6    27    66      66    (-,-) 
  g28721/ZN                 -       A1->ZN F     ND2D1BWP30P140           3   4.5    38    30      96    (-,-) 
  g28715/ZN                 -       A1->ZN R     NR2OPTIBD1BWP30P140      2   2.7    28    26     122    (-,-) 
  g28499/Z                  -       A1->Z  R     AN2D2BWP30P140          68  64.7   125    92     214    (-,-) 
  g28429/ZN                 -       I->ZN  F     CKND1BWP30P140           6   8.1    62    52     266    (-,-) 
  g28428/ZN                 -       I->ZN  R     CKND4BWP30P140         170 159.1   162   116     382    (-,-) 
  g28122/Z                  -       A1->Z  R     AO22D0BWP30P140          1   1.4    21    38     420    (-,-) 
  g27589/Z                  -       A3->Z  R     OR3D1BWP30P140          25  29.1   120    84     504    (-,-) 
  mul_88_70_g4857/ZN        -       I->ZN  F     CKND1BWP30P140           3   3.4    42    31     535    (-,-) 
  mul_88_70_g4842/ZN        -       A1->ZN R     NR2OPTIBD1BWP30P140      2   2.6    29    27     562    (-,-) 
  mul_88_70_g4830/ZN        -       A2->ZN F     NR2D1BWP30P140           2   2.5    21    17     579    (-,-) 
  mul_88_70_g4812/ZN        -       B1->ZN R     INR2D1BWP30P140         19  19.8   138    87     666    (-,-) 
  mul_88_70_g4743/ZN        -       A2->ZN F     OAI21D1BWP30P140         1   2.0    49    36     702    (-,-) 
  mul_88_70_g4658/ZN        -       A1->ZN R     XNR2UD1BWP30P140         1   2.7    53    29     731    (-,-) 
  mul_88_70_g4615/S         -       B->S   F     HA1D1BWP30P140           1   2.9    18    35     766    (-,-) 
  mul_88_70_cdnfadd_009_0/S -       A->S   R     FA1D1BWP30P140           1   2.9    23    65     832    (-,-) 
  mul_88_70_cdnfadd_009_1/S -       A->S   F     FA1D1BWP30P140           1   2.8    21    56     888    (-,-) 
  mul_88_70_cdnfadd9/CO     -       B->CO  F     FA1D1BWP30P140           1   2.2    16    39     927    (-,-) 
  mul_88_70_cdnfadd10/CO    -       CI->CO F     FA1D1BWP30P140           1   2.2    16    32     959    (-,-) 
  mul_88_70_cdnfadd11/CO    -       CI->CO F     FA1D1BWP30P140           1   2.2    16    32     991    (-,-) 
  mul_88_70_cdnfadd12/CO    -       CI->CO F     FA1D1BWP30P140           1   2.2    16    32    1023    (-,-) 
  mul_88_70_cdnfadd13/CO    -       CI->CO F     FA1D1BWP30P140           1   2.2    16    32    1055    (-,-) 
  mul_88_70_cdnfadd14/CO    -       CI->CO F     FA1D1BWP30P140           1   2.2    16    32    1087    (-,-) 
  mul_88_70_cdnfadd15/CO    -       CI->CO F     FA1D1BWP30P140           1   2.2    16    32    1119    (-,-) 
  mul_88_70_cdnfadd16/CO    -       CI->CO F     FA1D1BWP30P140           1   2.2    16    32    1151    (-,-) 
  mul_88_70_cdnfadd17/CO    -       CI->CO F     FA1D1BWP30P140           1   2.2    16    32    1183    (-,-) 
  mul_88_70_cdnfadd18/CO    -       CI->CO F     FA1D1BWP30P140           1   2.2    16    32    1215    (-,-) 
  mul_88_70_cdnfadd19/CO    -       CI->CO F     FA1D1BWP30P140           1   2.2    16    32    1247    (-,-) 
  mul_88_70_cdnfadd20/CO    -       CI->CO F     FA1D1BWP30P140           1   2.2    16    32    1279    (-,-) 
  mul_88_70_cdnfadd21/CO    -       CI->CO F     FA1D1BWP30P140           1   2.2    16    32    1311    (-,-) 
  mul_88_70_cdnfadd22/CO    -       CI->CO F     FA1D1BWP30P140           1   2.2    16    32    1343    (-,-) 
  mul_88_70_cdnfadd23/CO    -       CI->CO F     FA1D1BWP30P140           1   2.2    16    32    1375    (-,-) 
  mul_88_70_cdnfadd24/CO    -       CI->CO F     FA1D1BWP30P140           1   2.2    16    32    1407    (-,-) 
  mul_88_70_cdnfadd25/CO    -       CI->CO F     FA1D1BWP30P140           1   2.2    16    32    1439    (-,-) 
  mul_88_70_cdnfadd26/S     -       CI->S  R     FA1D1BWP30P140           3   3.4    25    58    1497    (-,-) 
  g31476/ZN                 -       A1->ZN F     CKND2D1BWP30P140         4   4.6    86    28    1525    (-,-) 
  g30340/ZN                 -       A1->ZN R     ND2D1BWP30P140           1   1.5    29    24    1549    (-,-) 
  registers_reg[7][18]/D    <<<     -      R     DFCNQD1BWP30P140         1     -     -     0    1549    (-,-) 
#--------------------------------------------------------------------------------------------------------------


