============================================================
  Generated by:           Genus(TM) Synthesis Solution 22.15-s086_1
  Generated on:           Oct 25 2024  07:46:27 am
  Module:                 conv_rapida
  Library domain:         timing_cond_0p81v_125c
    Domain index:         0
    Technology library:   tcbn28hpcplusbwp30p140ssg0p81v125c 110
  Operating conditions:   ssg0p81v125c 
  Interconnect mode:      global
  Area mode:              physical library
============================================================

    Instance      Module    Cell Count  Cell Area  Net Area   Total Area 
-------------------------------------------------------------------------
conv_rapida                      10852  14617.134  5976.655    20593.789 
  mult_matrix_A MatrixA           1404   2962.008   644.753     3606.761 
    sp0         CSA_9              156    329.112    71.639      400.751 
      L1a       FA_941              20     42.462     0.000       42.462 
      L1b       FA_932              20     42.462     0.000       42.462 
      L1c       FA_923              20     42.462     0.000       42.462 
      L2a       FA_59_1017          20     41.958     0.000       41.958 
      L2b       FA_58               19     40.320     0.000       40.320 
      L3        FA_59               20     41.958     0.000       41.958 
      L4        FA_60               19     39.816     0.000       39.816 
    sp1         CSA_9_922          156    329.112    71.639      400.751 
      L1a       FA_949              20     42.462     0.000       42.462 
      L1b       FA_940              20     42.462     0.000       42.462 
      L1c       FA_931              20     42.462     0.000       42.462 
      L2a       FA_59_1009          20     41.958     0.000       41.958 
      L2b       FA_58_983           19     40.320     0.000       40.320 
      L3        FA_59_1018          20     41.958     0.000       41.958 
      L4        FA_60_1026          19     39.816     0.000       39.816 
    sp2         CSA_9_921          156    329.112    71.639      400.751 
      L1a       FA_948              20     42.462     0.000       42.462 
      L1b       FA_939              20     42.462     0.000       42.462 
      L1c       FA_930              20     42.462     0.000       42.462 
      L2a       FA_59_1010          20     41.958     0.000       41.958 
      L2b       FA_58_984           19     40.320     0.000       40.320 
      L3        FA_59_1019          20     41.958     0.000       41.958 
      L4        FA_60_1027          19     39.816     0.000       39.816 
    sp3         CSA_9_920          156    329.112    71.639      400.751 
      L1a       FA_947              20     42.462     0.000       42.462 
      L1b       FA_938              20     42.462     0.000       42.462 
      L1c       FA_929              20     42.462     0.000       42.462 
      L2a       FA_59_1011          20     41.958     0.000       41.958 
      L2b       FA_58_985           19     40.320     0.000       40.320 
      L3        FA_59_1020          20     41.958     0.000       41.958 
      L4        FA_60_1028          19     39.816     0.000       39.816 
    sp4         CSA_9_919          156    329.112    71.639      400.751 
      L1a       FA_946              20     42.462     0.000       42.462 
      L1b       FA_937              20     42.462     0.000       42.462 
      L1c       FA_928              20     42.462     0.000       42.462 
      L2a       FA_59_1012          20     41.958     0.000       41.958 
      L2b       FA_58_986           19     40.320     0.000       40.320 
      L3        FA_59_1021          20     41.958     0.000       41.958 
      L4        FA_60_1029          19     39.816     0.000       39.816 
    sp5         CSA_9_918          156    329.112    71.639      400.751 
      L1a       FA_945              20     42.462     0.000       42.462 
      L1b       FA_936              20     42.462     0.000       42.462 
      L1c       FA_927              20     42.462     0.000       42.462 
      L2a       FA_59_1013          20     41.958     0.000       41.958 
      L2b       FA_58_987           19     40.320     0.000       40.320 
      L3        FA_59_1022          20     41.958     0.000       41.958 
      L4        FA_60_1030          19     39.816     0.000       39.816 
    sp6         CSA_9_917          156    329.112    71.639      400.751 
      L1a       FA_944              20     42.462     0.000       42.462 
      L1b       FA_935              20     42.462     0.000       42.462 
      L1c       FA_926              20     42.462     0.000       42.462 
      L2a       FA_59_1014          20     41.958     0.000       41.958 
      L2b       FA_58_988           19     40.320     0.000       40.320 
      L3        FA_59_1023          20     41.958     0.000       41.958 
      L4        FA_60_1031          19     39.816     0.000       39.816 
    sp7         CSA_9_916          156    329.112    71.639      400.751 
      L1a       FA_943              20     42.462     0.000       42.462 
      L1b       FA_934              20     42.462     0.000       42.462 
      L1c       FA_925              20     42.462     0.000       42.462 
      L2a       FA_59_1015          20     41.958     0.000       41.958 
      L2b       FA_58_989           19     40.320     0.000       40.320 
      L3        FA_59_1024          20     41.958     0.000       41.958 
      L4        FA_60_1032          19     39.816     0.000       39.816 
    sp8         CSA_9_915          156    329.112    71.639      400.751 
      L1a       FA_942              20     42.462     0.000       42.462 
      L1b       FA_933              20     42.462     0.000       42.462 
      L1c       FA_924              20     42.462     0.000       42.462 
      L2a       FA_59_1016          20     41.958     0.000       41.958 
      L2b       FA_58_990           19     40.320     0.000       40.320 
      L3        FA_59_1025          20     41.958     0.000       41.958 
      L4        FA_60_1033          19     39.816     0.000       39.816 
  mult_matrix_C MatrixC           2843   4864.608  1135.872     6000.480 
    sn0         CSA_4               59    124.236    23.964      148.200 
      layer1    FA_950              20     42.462     0.000       42.462 
      layer2    FA_59_1008          20     41.958     0.000       41.958 
    sn1         CSA_4_906           59    124.236    23.964      148.200 
      layer1    FA_958              20     42.462     0.000       42.462 
      layer2    FA_59_1000          20     41.958     0.000       41.958 
    sn2         CSA_4_905           59    124.236    23.964      148.200 
      layer1    FA_957              20     42.462     0.000       42.462 
      layer2    FA_59_1001          20     41.958     0.000       41.958 
    sn3         CSA_2               20     41.958     4.793       46.751 
    sn4         CSA_2_898           20     41.958     4.793       46.751 
    sn5         CSA_2_897           20     41.958     4.793       46.751 
    sn6         CSA_4_904           59    124.236    23.964      148.200 
      layer1    FA_956              20     42.462     0.000       42.462 
      layer2    FA_59_1002          20     41.958     0.000       41.958 
    sn7         CSA_4_903           59    124.236    23.964      148.200 
      layer1    FA_955              20     42.462     0.000       42.462 
      layer2    FA_59_1003          20     41.958     0.000       41.958 
    sn8         CSA_4_902           59    124.236    23.964      148.200 
      layer1    FA_954              20     42.462     0.000       42.462 
      layer2    FA_59_1004          20     41.958     0.000       41.958 
    sn9         CSA_2_896           20     41.958     4.793       46.751 
    sn10        CSA_2_895           20     41.958     4.793       46.751 
    sn11        CSA_2_894           20     41.958     4.793       46.751 
    sn12        CSA_4_901           59    124.236    23.964      148.200 
      layer1    FA_953              20     42.462     0.000       42.462 
      layer2    FA_59_1005          20     41.958     0.000       41.958 
    sn13        CSA_4_900           59    124.236    23.964      148.200 
      layer1    FA_952              20     42.462     0.000       42.462 
      layer2    FA_59_1006          20     41.958     0.000       41.958 
    sn14        CSA_4_899           59    124.236    23.964      148.200 
      layer1    FA_951              20     42.462     0.000       42.462 
      layer2    FA_59_1007          20     41.958     0.000       41.958 
    sn15        CSA_2_893           20     41.958     4.793       46.751 
    sn16        CSA_2_892           20     41.958     4.793       46.751 
    sn17        CSA_2_891           20     41.958     4.793       46.751 
    sn18        CSA_2_890           20     41.958     4.793       46.751 
    sn19        CSA_2_889           20     41.958     4.793       46.751 
    sn20        CSA_2_888           20     41.958     4.793       46.751 
    sn24        CSA_2_887           20     41.958     4.793       46.751 
    sn25        CSA_2_886           20     41.958     4.793       46.751 
    sn26        CSA_2_885           20     41.958     4.793       46.751 
    sn30        CSA_2_884           20     41.958     4.793       46.751 
    sn31        CSA_2_883           20     41.958     4.793       46.751 
    sn32        CSA_2_882           20     41.958     4.793       46.751 
    sp0         CSA_5               97    194.418    42.630      237.048 
      L1a       FA                  20     42.462     0.000       42.462 
      L1b       FA_1                20     32.004     0.000       32.004 
      L2        FA_59_999           20     41.958     0.000       41.958 
      L3        FA_3                19     40.320     0.000       40.320 
    sp1         CSA_5_914           97    194.418    42.630      237.048 
      L1a       FA_966              20     42.462     0.000       42.462 
      L1b       FA_1_974            20     32.004     0.000       32.004 
      L2        FA_59_991           20     41.958     0.000       41.958 
      L3        FA_3_982            19     40.320     0.000       40.320 
    sp2         CSA_5_913           97    194.418    42.630      237.048 
      L1a       FA_965              20     42.462     0.000       42.462 
      L1b       FA_1_973            20     32.004     0.000       32.004 
      L2        FA_59_992           20     41.958     0.000       41.958 
      L3        FA_3_981            19     40.320     0.000       40.320 
    sp6         CSA_5_912           97    194.418    42.630      237.048 
      L1a       FA_964              20     42.462     0.000       42.462 
      L1b       FA_1_972            20     32.004     0.000       32.004 
      L2        FA_59_993           20     41.958     0.000       41.958 
      L3        FA_3_980            19     40.320     0.000       40.320 
    sp7         CSA_5_911           97    194.418    42.630      237.048 
      L1a       FA_963              20     42.462     0.000       42.462 
      L1b       FA_1_971            20     32.004     0.000       32.004 
      L2        FA_59_994           20     41.958     0.000       41.958 
      L3        FA_3_979            19     40.320     0.000       40.320 
    sp8         CSA_5_910           97    194.418    42.630      237.048 
      L1a       FA_962              20     42.462     0.000       42.462 
      L1b       FA_1_970            20     32.004     0.000       32.004 
      L2        FA_59_995           20     41.958     0.000       41.958 
      L3        FA_3_978            19     40.320     0.000       40.320 
    sp12        CSA_5_909           97    194.418    42.630      237.048 
      L1a       FA_961              20     42.462     0.000       42.462 
      L1b       FA_1_969            20     32.004     0.000       32.004 
      L2        FA_59_996           20     41.958     0.000       41.958 
      L3        FA_3_977            19     40.320     0.000       40.320 
    sp13        CSA_5_908           97    194.418    42.630      237.048 
      L1a       FA_960              20     42.462     0.000       42.462 
      L1b       FA_1_968            20     32.004     0.000       32.004 
      L2        FA_59_997           20     41.958     0.000       41.958 
      L3        FA_3_976            19     40.320     0.000       40.320 
    sp14        CSA_5_907           97    194.418    42.630      237.048 
      L1a       FA_959              20     42.462     0.000       42.462 
      L1b       FA_1_967            20     32.004     0.000       32.004 
      L2        FA_59_998           20     41.958     0.000       41.958 
      L3        FA_3_975            19     40.320     0.000       40.320 
