============================================================
  Generated by:           Genus(TM) Synthesis Solution 22.15-s086_1
  Generated on:           Oct 25 2024  07:46:57 am
  Module:                 conv_rapida
  Operating conditions:   ssg0p81v125c 
  Operating conditions:   tt0p9v25c 
  Operating conditions:   ffg0p99vm40c 
  Interconnect mode:      global
  Area mode:              physical library
============================================================

-------------------------------------------------------------------------------
Inputs without clocked external delays

The following primary inputs have no clocked external delays in mode            
'analysis_view_0p99v_m40c_capbst_fastest'.  As a result the timing paths        
leading from the ports have no timing constraints derived from clock waveforms. 
 The'external_delay' command is used to create new external delays.             

port:conv_rapida/inputMAP[0][0]
port:conv_rapida/inputMAP[0][10]
port:conv_rapida/inputMAP[0][11]
port:conv_rapida/inputMAP[0][12]
port:conv_rapida/inputMAP[0][13]
port:conv_rapida/inputMAP[0][14]
port:conv_rapida/inputMAP[0][15]
port:conv_rapida/inputMAP[0][16]
port:conv_rapida/inputMAP[0][17]
port:conv_rapida/inputMAP[0][18]
port:conv_rapida/inputMAP[0][19]
port:conv_rapida/inputMAP[0][1]
port:conv_rapida/inputMAP[0][2]
port:conv_rapida/inputMAP[0][3]
port:conv_rapida/inputMAP[0][4]
port:conv_rapida/inputMAP[0][5]
port:conv_rapida/inputMAP[0][6]
port:conv_rapida/inputMAP[0][7]
port:conv_rapida/inputMAP[0][8]
port:conv_rapida/inputMAP[0][9]
port:conv_rapida/inputMAP[10][0]
port:conv_rapida/inputMAP[10][10]
port:conv_rapida/inputMAP[10][11]
port:conv_rapida/inputMAP[10][12]
port:conv_rapida/inputMAP[10][13]
port:conv_rapida/inputMAP[10][14]
port:conv_rapida/inputMAP[10][15]
port:conv_rapida/inputMAP[10][16]
port:conv_rapida/inputMAP[10][17]
port:conv_rapida/inputMAP[10][18]
port:conv_rapida/inputMAP[10][19]
port:conv_rapida/inputMAP[10][1]
port:conv_rapida/inputMAP[10][2]
port:conv_rapida/inputMAP[10][3]
port:conv_rapida/inputMAP[10][4]
port:conv_rapida/inputMAP[10][5]
port:conv_rapida/inputMAP[10][6]
port:conv_rapida/inputMAP[10][7]
port:conv_rapida/inputMAP[10][8]
port:conv_rapida/inputMAP[10][9]
port:conv_rapida/inputMAP[11][0]
port:conv_rapida/inputMAP[11][10]
port:conv_rapida/inputMAP[11][11]
port:conv_rapida/inputMAP[11][12]
port:conv_rapida/inputMAP[11][13]
port:conv_rapida/inputMAP[11][14]
port:conv_rapida/inputMAP[11][15]
port:conv_rapida/inputMAP[11][16]
port:conv_rapida/inputMAP[11][17]
port:conv_rapida/inputMAP[11][18]
port:conv_rapida/inputMAP[11][19]
port:conv_rapida/inputMAP[11][1]
port:conv_rapida/inputMAP[11][2]
port:conv_rapida/inputMAP[11][3]
port:conv_rapida/inputMAP[11][4]
port:conv_rapida/inputMAP[11][5]
port:conv_rapida/inputMAP[11][6]
port:conv_rapida/inputMAP[11][7]
port:conv_rapida/inputMAP[11][8]
port:conv_rapida/inputMAP[11][9]
port:conv_rapida/inputMAP[12][0]
port:conv_rapida/inputMAP[12][10]
port:conv_rapida/inputMAP[12][11]
port:conv_rapida/inputMAP[12][12]
port:conv_rapida/inputMAP[12][13]
port:conv_rapida/inputMAP[12][14]
port:conv_rapida/inputMAP[12][15]
port:conv_rapida/inputMAP[12][16]
port:conv_rapida/inputMAP[12][17]
port:conv_rapida/inputMAP[12][18]
port:conv_rapida/inputMAP[12][19]
port:conv_rapida/inputMAP[12][1]
port:conv_rapida/inputMAP[12][2]
port:conv_rapida/inputMAP[12][3]
port:conv_rapida/inputMAP[12][4]
port:conv_rapida/inputMAP[12][5]
port:conv_rapida/inputMAP[12][6]
port:conv_rapida/inputMAP[12][7]
port:conv_rapida/inputMAP[12][8]
port:conv_rapida/inputMAP[12][9]
port:conv_rapida/inputMAP[13][0]
port:conv_rapida/inputMAP[13][10]
port:conv_rapida/inputMAP[13][11]
port:conv_rapida/inputMAP[13][12]
port:conv_rapida/inputMAP[13][13]
port:conv_rapida/inputMAP[13][14]
port:conv_rapida/inputMAP[13][15]
port:conv_rapida/inputMAP[13][16]
port:conv_rapida/inputMAP[13][17]
port:conv_rapida/inputMAP[13][18]
port:conv_rapida/inputMAP[13][19]
port:conv_rapida/inputMAP[13][1]
port:conv_rapida/inputMAP[13][2]
port:conv_rapida/inputMAP[13][3]
port:conv_rapida/inputMAP[13][4]
port:conv_rapida/inputMAP[13][5]
port:conv_rapida/inputMAP[13][6]
port:conv_rapida/inputMAP[13][7]
port:conv_rapida/inputMAP[13][8]
port:conv_rapida/inputMAP[13][9]
port:conv_rapida/inputMAP[14][0]
port:conv_rapida/inputMAP[14][10]
port:conv_rapida/inputMAP[14][11]
port:conv_rapida/inputMAP[14][12]
port:conv_rapida/inputMAP[14][13]
port:conv_rapida/inputMAP[14][14]
port:conv_rapida/inputMAP[14][15]
port:conv_rapida/inputMAP[14][16]
port:conv_rapida/inputMAP[14][17]
port:conv_rapida/inputMAP[14][18]
port:conv_rapida/inputMAP[14][19]
port:conv_rapida/inputMAP[14][1]
port:conv_rapida/inputMAP[14][2]
port:conv_rapida/inputMAP[14][3]
port:conv_rapida/inputMAP[14][4]
port:conv_rapida/inputMAP[14][5]
port:conv_rapida/inputMAP[14][6]
port:conv_rapida/inputMAP[14][7]
port:conv_rapida/inputMAP[14][8]
port:conv_rapida/inputMAP[14][9]
port:conv_rapida/inputMAP[15][0]
port:conv_rapida/inputMAP[15][10]
port:conv_rapida/inputMAP[15][11]
port:conv_rapida/inputMAP[15][12]
port:conv_rapida/inputMAP[15][13]
port:conv_rapida/inputMAP[15][14]
port:conv_rapida/inputMAP[15][15]
port:conv_rapida/inputMAP[15][16]
port:conv_rapida/inputMAP[15][17]
port:conv_rapida/inputMAP[15][18]
port:conv_rapida/inputMAP[15][19]
port:conv_rapida/inputMAP[15][1]
port:conv_rapida/inputMAP[15][2]
port:conv_rapida/inputMAP[15][3]
port:conv_rapida/inputMAP[15][4]
port:conv_rapida/inputMAP[15][5]
port:conv_rapida/inputMAP[15][6]
port:conv_rapida/inputMAP[15][7]
port:conv_rapida/inputMAP[15][8]
port:conv_rapida/inputMAP[15][9]
port:conv_rapida/inputMAP[16][0]
port:conv_rapida/inputMAP[16][10]
port:conv_rapida/inputMAP[16][11]
port:conv_rapida/inputMAP[16][12]
port:conv_rapida/inputMAP[16][13]
port:conv_rapida/inputMAP[16][14]
port:conv_rapida/inputMAP[16][15]
port:conv_rapida/inputMAP[16][16]
port:conv_rapida/inputMAP[16][17]
port:conv_rapida/inputMAP[16][18]
port:conv_rapida/inputMAP[16][19]
port:conv_rapida/inputMAP[16][1]
port:conv_rapida/inputMAP[16][2]
port:conv_rapida/inputMAP[16][3]
port:conv_rapida/inputMAP[16][4]
port:conv_rapida/inputMAP[16][5]
port:conv_rapida/inputMAP[16][6]
port:conv_rapida/inputMAP[16][7]
port:conv_rapida/inputMAP[16][8]
port:conv_rapida/inputMAP[16][9]
port:conv_rapida/inputMAP[17][0]
port:conv_rapida/inputMAP[17][10]
port:conv_rapida/inputMAP[17][11]
port:conv_rapida/inputMAP[17][12]
port:conv_rapida/inputMAP[17][13]
port:conv_rapida/inputMAP[17][14]
port:conv_rapida/inputMAP[17][15]
port:conv_rapida/inputMAP[17][16]
port:conv_rapida/inputMAP[17][17]
port:conv_rapida/inputMAP[17][18]
port:conv_rapida/inputMAP[17][19]
port:conv_rapida/inputMAP[17][1]
port:conv_rapida/inputMAP[17][2]
port:conv_rapida/inputMAP[17][3]
port:conv_rapida/inputMAP[17][4]
port:conv_rapida/inputMAP[17][5]
port:conv_rapida/inputMAP[17][6]
port:conv_rapida/inputMAP[17][7]
port:conv_rapida/inputMAP[17][8]
port:conv_rapida/inputMAP[17][9]
port:conv_rapida/inputMAP[18][0]
port:conv_rapida/inputMAP[18][10]
port:conv_rapida/inputMAP[18][11]
port:conv_rapida/inputMAP[18][12]
port:conv_rapida/inputMAP[18][13]
port:conv_rapida/inputMAP[18][14]
port:conv_rapida/inputMAP[18][15]
port:conv_rapida/inputMAP[18][16]
port:conv_rapida/inputMAP[18][17]
port:conv_rapida/inputMAP[18][18]
port:conv_rapida/inputMAP[18][19]
port:conv_rapida/inputMAP[18][1]
port:conv_rapida/inputMAP[18][2]
port:conv_rapida/inputMAP[18][3]
port:conv_rapida/inputMAP[18][4]
port:conv_rapida/inputMAP[18][5]
port:conv_rapida/inputMAP[18][6]
port:conv_rapida/inputMAP[18][7]
port:conv_rapida/inputMAP[18][8]
port:conv_rapida/inputMAP[18][9]
port:conv_rapida/inputMAP[19][0]
port:conv_rapida/inputMAP[19][10]
port:conv_rapida/inputMAP[19][11]
port:conv_rapida/inputMAP[19][12]
port:conv_rapida/inputMAP[19][13]
port:conv_rapida/inputMAP[19][14]
port:conv_rapida/inputMAP[19][15]
port:conv_rapida/inputMAP[19][16]
port:conv_rapida/inputMAP[19][17]
port:conv_rapida/inputMAP[19][18]
port:conv_rapida/inputMAP[19][19]
port:conv_rapida/inputMAP[19][1]
port:conv_rapida/inputMAP[19][2]
port:conv_rapida/inputMAP[19][3]
port:conv_rapida/inputMAP[19][4]
port:conv_rapida/inputMAP[19][5]
port:conv_rapida/inputMAP[19][6]
port:conv_rapida/inputMAP[19][7]
port:conv_rapida/inputMAP[19][8]
port:conv_rapida/inputMAP[19][9]
port:conv_rapida/inputMAP[1][0]
port:conv_rapida/inputMAP[1][10]
port:conv_rapida/inputMAP[1][11]
port:conv_rapida/inputMAP[1][12]
port:conv_rapida/inputMAP[1][13]
port:conv_rapida/inputMAP[1][14]
port:conv_rapida/inputMAP[1][15]
port:conv_rapida/inputMAP[1][16]
port:conv_rapida/inputMAP[1][17]
port:conv_rapida/inputMAP[1][18]
port:conv_rapida/inputMAP[1][19]
port:conv_rapida/inputMAP[1][1]
port:conv_rapida/inputMAP[1][2]
port:conv_rapida/inputMAP[1][3]
port:conv_rapida/inputMAP[1][4]
port:conv_rapida/inputMAP[1][5]
port:conv_rapida/inputMAP[1][6]
port:conv_rapida/inputMAP[1][7]
port:conv_rapida/inputMAP[1][8]
port:conv_rapida/inputMAP[1][9]
port:conv_rapida/inputMAP[20][0]
port:conv_rapida/inputMAP[20][10]
port:conv_rapida/inputMAP[20][11]
port:conv_rapida/inputMAP[20][12]
port:conv_rapida/inputMAP[20][13]
port:conv_rapida/inputMAP[20][14]
port:conv_rapida/inputMAP[20][15]
port:conv_rapida/inputMAP[20][16]
port:conv_rapida/inputMAP[20][17]
port:conv_rapida/inputMAP[20][18]
port:conv_rapida/inputMAP[20][19]
port:conv_rapida/inputMAP[20][1]
port:conv_rapida/inputMAP[20][2]
port:conv_rapida/inputMAP[20][3]
port:conv_rapida/inputMAP[20][4]
port:conv_rapida/inputMAP[20][5]
port:conv_rapida/inputMAP[20][6]
port:conv_rapida/inputMAP[20][7]
port:conv_rapida/inputMAP[20][8]
port:conv_rapida/inputMAP[20][9]
port:conv_rapida/inputMAP[21][0]
port:conv_rapida/inputMAP[21][10]
port:conv_rapida/inputMAP[21][11]
port:conv_rapida/inputMAP[21][12]
port:conv_rapida/inputMAP[21][13]
port:conv_rapida/inputMAP[21][14]
port:conv_rapida/inputMAP[21][15]
port:conv_rapida/inputMAP[21][16]
port:conv_rapida/inputMAP[21][17]
port:conv_rapida/inputMAP[21][18]
port:conv_rapida/inputMAP[21][19]
port:conv_rapida/inputMAP[21][1]
port:conv_rapida/inputMAP[21][2]
port:conv_rapida/inputMAP[21][3]
port:conv_rapida/inputMAP[21][4]
port:conv_rapida/inputMAP[21][5]
port:conv_rapida/inputMAP[21][6]
port:conv_rapida/inputMAP[21][7]
port:conv_rapida/inputMAP[21][8]
port:conv_rapida/inputMAP[21][9]
port:conv_rapida/inputMAP[22][0]
port:conv_rapida/inputMAP[22][10]
port:conv_rapida/inputMAP[22][11]
port:conv_rapida/inputMAP[22][12]
port:conv_rapida/inputMAP[22][13]
port:conv_rapida/inputMAP[22][14]
port:conv_rapida/inputMAP[22][15]
port:conv_rapida/inputMAP[22][16]
port:conv_rapida/inputMAP[22][17]
port:conv_rapida/inputMAP[22][18]
port:conv_rapida/inputMAP[22][19]
port:conv_rapida/inputMAP[22][1]
port:conv_rapida/inputMAP[22][2]
port:conv_rapida/inputMAP[22][3]
port:conv_rapida/inputMAP[22][4]
port:conv_rapida/inputMAP[22][5]
port:conv_rapida/inputMAP[22][6]
port:conv_rapida/inputMAP[22][7]
port:conv_rapida/inputMAP[22][8]
port:conv_rapida/inputMAP[22][9]
port:conv_rapida/inputMAP[23][0]
port:conv_rapida/inputMAP[23][10]
port:conv_rapida/inputMAP[23][11]
port:conv_rapida/inputMAP[23][12]
port:conv_rapida/inputMAP[23][13]
port:conv_rapida/inputMAP[23][14]
port:conv_rapida/inputMAP[23][15]
port:conv_rapida/inputMAP[23][16]
port:conv_rapida/inputMAP[23][17]
port:conv_rapida/inputMAP[23][18]
port:conv_rapida/inputMAP[23][19]
port:conv_rapida/inputMAP[23][1]
port:conv_rapida/inputMAP[23][2]
port:conv_rapida/inputMAP[23][3]
port:conv_rapida/inputMAP[23][4]
port:conv_rapida/inputMAP[23][5]
port:conv_rapida/inputMAP[23][6]
port:conv_rapida/inputMAP[23][7]
port:conv_rapida/inputMAP[23][8]
port:conv_rapida/inputMAP[23][9]
port:conv_rapida/inputMAP[24][0]
port:conv_rapida/inputMAP[24][10]
port:conv_rapida/inputMAP[24][11]
port:conv_rapida/inputMAP[24][12]
port:conv_rapida/inputMAP[24][13]
port:conv_rapida/inputMAP[24][14]
port:conv_rapida/inputMAP[24][15]
port:conv_rapida/inputMAP[24][16]
port:conv_rapida/inputMAP[24][17]
port:conv_rapida/inputMAP[24][18]
port:conv_rapida/inputMAP[24][19]
port:conv_rapida/inputMAP[24][1]
port:conv_rapida/inputMAP[24][2]
port:conv_rapida/inputMAP[24][3]
port:conv_rapida/inputMAP[24][4]
port:conv_rapida/inputMAP[24][5]
port:conv_rapida/inputMAP[24][6]
port:conv_rapida/inputMAP[24][7]
port:conv_rapida/inputMAP[24][8]
port:conv_rapida/inputMAP[24][9]
port:conv_rapida/inputMAP[2][0]
port:conv_rapida/inputMAP[2][10]
port:conv_rapida/inputMAP[2][11]
port:conv_rapida/inputMAP[2][12]
port:conv_rapida/inputMAP[2][13]
port:conv_rapida/inputMAP[2][14]
port:conv_rapida/inputMAP[2][15]
port:conv_rapida/inputMAP[2][16]
port:conv_rapida/inputMAP[2][17]
port:conv_rapida/inputMAP[2][18]
port:conv_rapida/inputMAP[2][19]
port:conv_rapida/inputMAP[2][1]
port:conv_rapida/inputMAP[2][2]
port:conv_rapida/inputMAP[2][3]
port:conv_rapida/inputMAP[2][4]
port:conv_rapida/inputMAP[2][5]
port:conv_rapida/inputMAP[2][6]
port:conv_rapida/inputMAP[2][7]
port:conv_rapida/inputMAP[2][8]
port:conv_rapida/inputMAP[2][9]
port:conv_rapida/inputMAP[3][0]
port:conv_rapida/inputMAP[3][10]
port:conv_rapida/inputMAP[3][11]
port:conv_rapida/inputMAP[3][12]
port:conv_rapida/inputMAP[3][13]
port:conv_rapida/inputMAP[3][14]
port:conv_rapida/inputMAP[3][15]
port:conv_rapida/inputMAP[3][16]
port:conv_rapida/inputMAP[3][17]
port:conv_rapida/inputMAP[3][18]
port:conv_rapida/inputMAP[3][19]
port:conv_rapida/inputMAP[3][1]
port:conv_rapida/inputMAP[3][2]
port:conv_rapida/inputMAP[3][3]
port:conv_rapida/inputMAP[3][4]
port:conv_rapida/inputMAP[3][5]
port:conv_rapida/inputMAP[3][6]
port:conv_rapida/inputMAP[3][7]
port:conv_rapida/inputMAP[3][8]
port:conv_rapida/inputMAP[3][9]
port:conv_rapida/inputMAP[4][0]
port:conv_rapida/inputMAP[4][10]
port:conv_rapida/inputMAP[4][11]
port:conv_rapida/inputMAP[4][12]
port:conv_rapida/inputMAP[4][13]
port:conv_rapida/inputMAP[4][14]
port:conv_rapida/inputMAP[4][15]
port:conv_rapida/inputMAP[4][16]
port:conv_rapida/inputMAP[4][17]
port:conv_rapida/inputMAP[4][18]
port:conv_rapida/inputMAP[4][19]
port:conv_rapida/inputMAP[4][1]
port:conv_rapida/inputMAP[4][2]
port:conv_rapida/inputMAP[4][3]
port:conv_rapida/inputMAP[4][4]
port:conv_rapida/inputMAP[4][5]
port:conv_rapida/inputMAP[4][6]
port:conv_rapida/inputMAP[4][7]
port:conv_rapida/inputMAP[4][8]
port:conv_rapida/inputMAP[4][9]
port:conv_rapida/inputMAP[5][0]
port:conv_rapida/inputMAP[5][10]
port:conv_rapida/inputMAP[5][11]
port:conv_rapida/inputMAP[5][12]
port:conv_rapida/inputMAP[5][13]
port:conv_rapida/inputMAP[5][14]
port:conv_rapida/inputMAP[5][15]
port:conv_rapida/inputMAP[5][16]
port:conv_rapida/inputMAP[5][17]
port:conv_rapida/inputMAP[5][18]
port:conv_rapida/inputMAP[5][19]
port:conv_rapida/inputMAP[5][1]
port:conv_rapida/inputMAP[5][2]
port:conv_rapida/inputMAP[5][3]
port:conv_rapida/inputMAP[5][4]
port:conv_rapida/inputMAP[5][5]
port:conv_rapida/inputMAP[5][6]
port:conv_rapida/inputMAP[5][7]
port:conv_rapida/inputMAP[5][8]
port:conv_rapida/inputMAP[5][9]
port:conv_rapida/inputMAP[6][0]
port:conv_rapida/inputMAP[6][10]
port:conv_rapida/inputMAP[6][11]
port:conv_rapida/inputMAP[6][12]
port:conv_rapida/inputMAP[6][13]
port:conv_rapida/inputMAP[6][14]
port:conv_rapida/inputMAP[6][15]
port:conv_rapida/inputMAP[6][16]
port:conv_rapida/inputMAP[6][17]
port:conv_rapida/inputMAP[6][18]
port:conv_rapida/inputMAP[6][19]
port:conv_rapida/inputMAP[6][1]
port:conv_rapida/inputMAP[6][2]
port:conv_rapida/inputMAP[6][3]
port:conv_rapida/inputMAP[6][4]
port:conv_rapida/inputMAP[6][5]
port:conv_rapida/inputMAP[6][6]
port:conv_rapida/inputMAP[6][7]
port:conv_rapida/inputMAP[6][8]
port:conv_rapida/inputMAP[6][9]
port:conv_rapida/inputMAP[7][0]
port:conv_rapida/inputMAP[7][10]
port:conv_rapida/inputMAP[7][11]
port:conv_rapida/inputMAP[7][12]
port:conv_rapida/inputMAP[7][13]
port:conv_rapida/inputMAP[7][14]
port:conv_rapida/inputMAP[7][15]
port:conv_rapida/inputMAP[7][16]
port:conv_rapida/inputMAP[7][17]
port:conv_rapida/inputMAP[7][18]
port:conv_rapida/inputMAP[7][19]
port:conv_rapida/inputMAP[7][1]
port:conv_rapida/inputMAP[7][2]
port:conv_rapida/inputMAP[7][3]
port:conv_rapida/inputMAP[7][4]
port:conv_rapida/inputMAP[7][5]
port:conv_rapida/inputMAP[7][6]
port:conv_rapida/inputMAP[7][7]
port:conv_rapida/inputMAP[7][8]
port:conv_rapida/inputMAP[7][9]
port:conv_rapida/inputMAP[8][0]
port:conv_rapida/inputMAP[8][10]
port:conv_rapida/inputMAP[8][11]
port:conv_rapida/inputMAP[8][12]
port:conv_rapida/inputMAP[8][13]
port:conv_rapida/inputMAP[8][14]
port:conv_rapida/inputMAP[8][15]
port:conv_rapida/inputMAP[8][16]
port:conv_rapida/inputMAP[8][17]
port:conv_rapida/inputMAP[8][18]
port:conv_rapida/inputMAP[8][19]
port:conv_rapida/inputMAP[8][1]
port:conv_rapida/inputMAP[8][2]
port:conv_rapida/inputMAP[8][3]
port:conv_rapida/inputMAP[8][4]
port:conv_rapida/inputMAP[8][5]
port:conv_rapida/inputMAP[8][6]
port:conv_rapida/inputMAP[8][7]
port:conv_rapida/inputMAP[8][8]
port:conv_rapida/inputMAP[8][9]
port:conv_rapida/inputMAP[9][0]
port:conv_rapida/inputMAP[9][10]
port:conv_rapida/inputMAP[9][11]
port:conv_rapida/inputMAP[9][12]
port:conv_rapida/inputMAP[9][13]
port:conv_rapida/inputMAP[9][14]
port:conv_rapida/inputMAP[9][15]
port:conv_rapida/inputMAP[9][16]
port:conv_rapida/inputMAP[9][17]
port:conv_rapida/inputMAP[9][18]
port:conv_rapida/inputMAP[9][19]
port:conv_rapida/inputMAP[9][1]
port:conv_rapida/inputMAP[9][2]
port:conv_rapida/inputMAP[9][3]
port:conv_rapida/inputMAP[9][4]
port:conv_rapida/inputMAP[9][5]
port:conv_rapida/inputMAP[9][6]
port:conv_rapida/inputMAP[9][7]
port:conv_rapida/inputMAP[9][8]
port:conv_rapida/inputMAP[9][9]
port:conv_rapida/reset
port:conv_rapida/start
port:conv_rapida/weights[0][0]
port:conv_rapida/weights[0][10]
port:conv_rapida/weights[0][11]
port:conv_rapida/weights[0][12]
port:conv_rapida/weights[0][13]
port:conv_rapida/weights[0][14]
port:conv_rapida/weights[0][15]
port:conv_rapida/weights[0][16]
port:conv_rapida/weights[0][17]
port:conv_rapida/weights[0][18]
port:conv_rapida/weights[0][19]
port:conv_rapida/weights[0][1]
port:conv_rapida/weights[0][2]
port:conv_rapida/weights[0][3]
port:conv_rapida/weights[0][4]
port:conv_rapida/weights[0][5]
port:conv_rapida/weights[0][6]
port:conv_rapida/weights[0][7]
port:conv_rapida/weights[0][8]
port:conv_rapida/weights[0][9]
port:conv_rapida/weights[10][0]
port:conv_rapida/weights[10][10]
port:conv_rapida/weights[10][11]
port:conv_rapida/weights[10][12]
port:conv_rapida/weights[10][13]
port:conv_rapida/weights[10][14]
port:conv_rapida/weights[10][15]
port:conv_rapida/weights[10][16]
port:conv_rapida/weights[10][17]
port:conv_rapida/weights[10][18]
port:conv_rapida/weights[10][19]
port:conv_rapida/weights[10][1]
port:conv_rapida/weights[10][2]
port:conv_rapida/weights[10][3]
port:conv_rapida/weights[10][4]
port:conv_rapida/weights[10][5]
port:conv_rapida/weights[10][6]
port:conv_rapida/weights[10][7]
port:conv_rapida/weights[10][8]
port:conv_rapida/weights[10][9]
port:conv_rapida/weights[11][0]
port:conv_rapida/weights[11][10]
port:conv_rapida/weights[11][11]
port:conv_rapida/weights[11][12]
port:conv_rapida/weights[11][13]
port:conv_rapida/weights[11][14]
port:conv_rapida/weights[11][15]
port:conv_rapida/weights[11][16]
port:conv_rapida/weights[11][17]
port:conv_rapida/weights[11][18]
port:conv_rapida/weights[11][19]
port:conv_rapida/weights[11][1]
port:conv_rapida/weights[11][2]
port:conv_rapida/weights[11][3]
port:conv_rapida/weights[11][4]
port:conv_rapida/weights[11][5]
port:conv_rapida/weights[11][6]
port:conv_rapida/weights[11][7]
port:conv_rapida/weights[11][8]
port:conv_rapida/weights[11][9]
port:conv_rapida/weights[12][0]
port:conv_rapida/weights[12][10]
port:conv_rapida/weights[12][11]
port:conv_rapida/weights[12][12]
port:conv_rapida/weights[12][13]
port:conv_rapida/weights[12][14]
port:conv_rapida/weights[12][15]
port:conv_rapida/weights[12][16]
port:conv_rapida/weights[12][17]
port:conv_rapida/weights[12][18]
port:conv_rapida/weights[12][19]
port:conv_rapida/weights[12][1]
port:conv_rapida/weights[12][2]
port:conv_rapida/weights[12][3]
port:conv_rapida/weights[12][4]
port:conv_rapida/weights[12][5]
port:conv_rapida/weights[12][6]
port:conv_rapida/weights[12][7]
port:conv_rapida/weights[12][8]
port:conv_rapida/weights[12][9]
port:conv_rapida/weights[13][0]
port:conv_rapida/weights[13][10]
port:conv_rapida/weights[13][11]
port:conv_rapida/weights[13][12]
port:conv_rapida/weights[13][13]
port:conv_rapida/weights[13][14]
port:conv_rapida/weights[13][15]
port:conv_rapida/weights[13][16]
port:conv_rapida/weights[13][17]
port:conv_rapida/weights[13][18]
port:conv_rapida/weights[13][19]
port:conv_rapida/weights[13][1]
port:conv_rapida/weights[13][2]
port:conv_rapida/weights[13][3]
port:conv_rapida/weights[13][4]
port:conv_rapida/weights[13][5]
port:conv_rapida/weights[13][6]
port:conv_rapida/weights[13][7]
port:conv_rapida/weights[13][8]
port:conv_rapida/weights[13][9]
port:conv_rapida/weights[14][0]
port:conv_rapida/weights[14][10]
port:conv_rapida/weights[14][11]
port:conv_rapida/weights[14][12]
port:conv_rapida/weights[14][13]
port:conv_rapida/weights[14][14]
port:conv_rapida/weights[14][15]
port:conv_rapida/weights[14][16]
port:conv_rapida/weights[14][17]
port:conv_rapida/weights[14][18]
port:conv_rapida/weights[14][19]
port:conv_rapida/weights[14][1]
port:conv_rapida/weights[14][2]
port:conv_rapida/weights[14][3]
port:conv_rapida/weights[14][4]
port:conv_rapida/weights[14][5]
port:conv_rapida/weights[14][6]
port:conv_rapida/weights[14][7]
port:conv_rapida/weights[14][8]
port:conv_rapida/weights[14][9]
port:conv_rapida/weights[15][0]
port:conv_rapida/weights[15][10]
port:conv_rapida/weights[15][11]
port:conv_rapida/weights[15][12]
port:conv_rapida/weights[15][13]
port:conv_rapida/weights[15][14]
port:conv_rapida/weights[15][15]
port:conv_rapida/weights[15][16]
port:conv_rapida/weights[15][17]
port:conv_rapida/weights[15][18]
port:conv_rapida/weights[15][19]
port:conv_rapida/weights[15][1]
port:conv_rapida/weights[15][2]
port:conv_rapida/weights[15][3]
port:conv_rapida/weights[15][4]
port:conv_rapida/weights[15][5]
port:conv_rapida/weights[15][6]
port:conv_rapida/weights[15][7]
port:conv_rapida/weights[15][8]
port:conv_rapida/weights[15][9]
port:conv_rapida/weights[16][0]
port:conv_rapida/weights[16][10]
port:conv_rapida/weights[16][11]
port:conv_rapida/weights[16][12]
port:conv_rapida/weights[16][13]
port:conv_rapida/weights[16][14]
port:conv_rapida/weights[16][15]
port:conv_rapida/weights[16][16]
port:conv_rapida/weights[16][17]
port:conv_rapida/weights[16][18]
port:conv_rapida/weights[16][19]
port:conv_rapida/weights[16][1]
port:conv_rapida/weights[16][2]
port:conv_rapida/weights[16][3]
port:conv_rapida/weights[16][4]
port:conv_rapida/weights[16][5]
port:conv_rapida/weights[16][6]
port:conv_rapida/weights[16][7]
port:conv_rapida/weights[16][8]
port:conv_rapida/weights[16][9]
port:conv_rapida/weights[17][0]
port:conv_rapida/weights[17][10]
port:conv_rapida/weights[17][11]
port:conv_rapida/weights[17][12]
port:conv_rapida/weights[17][13]
port:conv_rapida/weights[17][14]
port:conv_rapida/weights[17][15]
port:conv_rapida/weights[17][16]
port:conv_rapida/weights[17][17]
port:conv_rapida/weights[17][18]
port:conv_rapida/weights[17][19]
port:conv_rapida/weights[17][1]
port:conv_rapida/weights[17][2]
port:conv_rapida/weights[17][3]
port:conv_rapida/weights[17][4]
port:conv_rapida/weights[17][5]
port:conv_rapida/weights[17][6]
port:conv_rapida/weights[17][7]
port:conv_rapida/weights[17][8]
port:conv_rapida/weights[17][9]
port:conv_rapida/weights[18][0]
port:conv_rapida/weights[18][10]
port:conv_rapida/weights[18][11]
port:conv_rapida/weights[18][12]
port:conv_rapida/weights[18][13]
port:conv_rapida/weights[18][14]
port:conv_rapida/weights[18][15]
port:conv_rapida/weights[18][16]
port:conv_rapida/weights[18][17]
port:conv_rapida/weights[18][18]
port:conv_rapida/weights[18][19]
port:conv_rapida/weights[18][1]
port:conv_rapida/weights[18][2]
port:conv_rapida/weights[18][3]
port:conv_rapida/weights[18][4]
port:conv_rapida/weights[18][5]
port:conv_rapida/weights[18][6]
port:conv_rapida/weights[18][7]
port:conv_rapida/weights[18][8]
port:conv_rapida/weights[18][9]
port:conv_rapida/weights[19][0]
port:conv_rapida/weights[19][10]
port:conv_rapida/weights[19][11]
port:conv_rapida/weights[19][12]
port:conv_rapida/weights[19][13]
port:conv_rapida/weights[19][14]
port:conv_rapida/weights[19][15]
port:conv_rapida/weights[19][16]
port:conv_rapida/weights[19][17]
port:conv_rapida/weights[19][18]
port:conv_rapida/weights[19][19]
port:conv_rapida/weights[19][1]
port:conv_rapida/weights[19][2]
port:conv_rapida/weights[19][3]
port:conv_rapida/weights[19][4]
port:conv_rapida/weights[19][5]
port:conv_rapida/weights[19][6]
port:conv_rapida/weights[19][7]
port:conv_rapida/weights[19][8]
port:conv_rapida/weights[19][9]
port:conv_rapida/weights[1][0]
port:conv_rapida/weights[1][10]
port:conv_rapida/weights[1][11]
port:conv_rapida/weights[1][12]
port:conv_rapida/weights[1][13]
port:conv_rapida/weights[1][14]
port:conv_rapida/weights[1][15]
port:conv_rapida/weights[1][16]
port:conv_rapida/weights[1][17]
port:conv_rapida/weights[1][18]
port:conv_rapida/weights[1][19]
port:conv_rapida/weights[1][1]
port:conv_rapida/weights[1][2]
port:conv_rapida/weights[1][3]
port:conv_rapida/weights[1][4]
port:conv_rapida/weights[1][5]
port:conv_rapida/weights[1][6]
port:conv_rapida/weights[1][7]
port:conv_rapida/weights[1][8]
port:conv_rapida/weights[1][9]
port:conv_rapida/weights[20][0]
port:conv_rapida/weights[20][10]
port:conv_rapida/weights[20][11]
port:conv_rapida/weights[20][12]
port:conv_rapida/weights[20][13]
port:conv_rapida/weights[20][14]
port:conv_rapida/weights[20][15]
port:conv_rapida/weights[20][16]
port:conv_rapida/weights[20][17]
port:conv_rapida/weights[20][18]
port:conv_rapida/weights[20][19]
port:conv_rapida/weights[20][1]
port:conv_rapida/weights[20][2]
port:conv_rapida/weights[20][3]
port:conv_rapida/weights[20][4]
port:conv_rapida/weights[20][5]
port:conv_rapida/weights[20][6]
port:conv_rapida/weights[20][7]
port:conv_rapida/weights[20][8]
port:conv_rapida/weights[20][9]
port:conv_rapida/weights[21][0]
port:conv_rapida/weights[21][10]
port:conv_rapida/weights[21][11]
port:conv_rapida/weights[21][12]
port:conv_rapida/weights[21][13]
port:conv_rapida/weights[21][14]
port:conv_rapida/weights[21][15]
port:conv_rapida/weights[21][16]
port:conv_rapida/weights[21][17]
port:conv_rapida/weights[21][18]
port:conv_rapida/weights[21][19]
port:conv_rapida/weights[21][1]
port:conv_rapida/weights[21][2]
port:conv_rapida/weights[21][3]
port:conv_rapida/weights[21][4]
port:conv_rapida/weights[21][5]
port:conv_rapida/weights[21][6]
port:conv_rapida/weights[21][7]
port:conv_rapida/weights[21][8]
port:conv_rapida/weights[21][9]
port:conv_rapida/weights[22][0]
port:conv_rapida/weights[22][10]
port:conv_rapida/weights[22][11]
port:conv_rapida/weights[22][12]
port:conv_rapida/weights[22][13]
port:conv_rapida/weights[22][14]
port:conv_rapida/weights[22][15]
port:conv_rapida/weights[22][16]
port:conv_rapida/weights[22][17]
port:conv_rapida/weights[22][18]
port:conv_rapida/weights[22][19]
port:conv_rapida/weights[22][1]
port:conv_rapida/weights[22][2]
port:conv_rapida/weights[22][3]
port:conv_rapida/weights[22][4]
port:conv_rapida/weights[22][5]
port:conv_rapida/weights[22][6]
port:conv_rapida/weights[22][7]
port:conv_rapida/weights[22][8]
port:conv_rapida/weights[22][9]
port:conv_rapida/weights[23][0]
port:conv_rapida/weights[23][10]
port:conv_rapida/weights[23][11]
port:conv_rapida/weights[23][12]
port:conv_rapida/weights[23][13]
port:conv_rapida/weights[23][14]
port:conv_rapida/weights[23][15]
port:conv_rapida/weights[23][16]
port:conv_rapida/weights[23][17]
port:conv_rapida/weights[23][18]
port:conv_rapida/weights[23][19]
port:conv_rapida/weights[23][1]
port:conv_rapida/weights[23][2]
port:conv_rapida/weights[23][3]
port:conv_rapida/weights[23][4]
port:conv_rapida/weights[23][5]
port:conv_rapida/weights[23][6]
port:conv_rapida/weights[23][7]
port:conv_rapida/weights[23][8]
port:conv_rapida/weights[23][9]
port:conv_rapida/weights[24][0]
port:conv_rapida/weights[24][10]
port:conv_rapida/weights[24][11]
port:conv_rapida/weights[24][12]
port:conv_rapida/weights[24][13]
port:conv_rapida/weights[24][14]
port:conv_rapida/weights[24][15]
port:conv_rapida/weights[24][16]
port:conv_rapida/weights[24][17]
port:conv_rapida/weights[24][18]
port:conv_rapida/weights[24][19]
port:conv_rapida/weights[24][1]
port:conv_rapida/weights[24][2]
port:conv_rapida/weights[24][3]
port:conv_rapida/weights[24][4]
port:conv_rapida/weights[24][5]
port:conv_rapida/weights[24][6]
port:conv_rapida/weights[24][7]
port:conv_rapida/weights[24][8]
port:conv_rapida/weights[24][9]
port:conv_rapida/weights[25][0]
port:conv_rapida/weights[25][10]
port:conv_rapida/weights[25][11]
port:conv_rapida/weights[25][12]
port:conv_rapida/weights[25][13]
port:conv_rapida/weights[25][14]
port:conv_rapida/weights[25][15]
port:conv_rapida/weights[25][16]
port:conv_rapida/weights[25][17]
port:conv_rapida/weights[25][18]
port:conv_rapida/weights[25][19]
port:conv_rapida/weights[25][1]
port:conv_rapida/weights[25][2]
port:conv_rapida/weights[25][3]
port:conv_rapida/weights[25][4]
port:conv_rapida/weights[25][5]
port:conv_rapida/weights[25][6]
port:conv_rapida/weights[25][7]
port:conv_rapida/weights[25][8]
port:conv_rapida/weights[25][9]
port:conv_rapida/weights[26][0]
port:conv_rapida/weights[26][10]
port:conv_rapida/weights[26][11]
port:conv_rapida/weights[26][12]
port:conv_rapida/weights[26][13]
port:conv_rapida/weights[26][14]
port:conv_rapida/weights[26][15]
port:conv_rapida/weights[26][16]
port:conv_rapida/weights[26][17]
port:conv_rapida/weights[26][18]
port:conv_rapida/weights[26][19]
port:conv_rapida/weights[26][1]
port:conv_rapida/weights[26][2]
port:conv_rapida/weights[26][3]
port:conv_rapida/weights[26][4]
port:conv_rapida/weights[26][5]
port:conv_rapida/weights[26][6]
port:conv_rapida/weights[26][7]
port:conv_rapida/weights[26][8]
port:conv_rapida/weights[26][9]
port:conv_rapida/weights[27][0]
port:conv_rapida/weights[27][10]
port:conv_rapida/weights[27][11]
port:conv_rapida/weights[27][12]
port:conv_rapida/weights[27][13]
port:conv_rapida/weights[27][14]
port:conv_rapida/weights[27][15]
port:conv_rapida/weights[27][16]
port:conv_rapida/weights[27][17]
port:conv_rapida/weights[27][18]
port:conv_rapida/weights[27][19]
port:conv_rapida/weights[27][1]
port:conv_rapida/weights[27][2]
port:conv_rapida/weights[27][3]
port:conv_rapida/weights[27][4]
port:conv_rapida/weights[27][5]
port:conv_rapida/weights[27][6]
port:conv_rapida/weights[27][7]
port:conv_rapida/weights[27][8]
port:conv_rapida/weights[27][9]
port:conv_rapida/weights[28][0]
port:conv_rapida/weights[28][10]
port:conv_rapida/weights[28][11]
port:conv_rapida/weights[28][12]
port:conv_rapida/weights[28][13]
port:conv_rapida/weights[28][14]
port:conv_rapida/weights[28][15]
port:conv_rapida/weights[28][16]
port:conv_rapida/weights[28][17]
port:conv_rapida/weights[28][18]
port:conv_rapida/weights[28][19]
port:conv_rapida/weights[28][1]
port:conv_rapida/weights[28][2]
port:conv_rapida/weights[28][3]
port:conv_rapida/weights[28][4]
port:conv_rapida/weights[28][5]
port:conv_rapida/weights[28][6]
port:conv_rapida/weights[28][7]
port:conv_rapida/weights[28][8]
port:conv_rapida/weights[28][9]
port:conv_rapida/weights[29][0]
port:conv_rapida/weights[29][10]
port:conv_rapida/weights[29][11]
port:conv_rapida/weights[29][12]
port:conv_rapida/weights[29][13]
port:conv_rapida/weights[29][14]
port:conv_rapida/weights[29][15]
port:conv_rapida/weights[29][16]
port:conv_rapida/weights[29][17]
port:conv_rapida/weights[29][18]
port:conv_rapida/weights[29][19]
port:conv_rapida/weights[29][1]
port:conv_rapida/weights[29][2]
port:conv_rapida/weights[29][3]
port:conv_rapida/weights[29][4]
port:conv_rapida/weights[29][5]
port:conv_rapida/weights[29][6]
port:conv_rapida/weights[29][7]
port:conv_rapida/weights[29][8]
port:conv_rapida/weights[29][9]
port:conv_rapida/weights[2][0]
port:conv_rapida/weights[2][10]
port:conv_rapida/weights[2][11]
port:conv_rapida/weights[2][12]
port:conv_rapida/weights[2][13]
port:conv_rapida/weights[2][14]
port:conv_rapida/weights[2][15]
port:conv_rapida/weights[2][16]
port:conv_rapida/weights[2][17]
port:conv_rapida/weights[2][18]
port:conv_rapida/weights[2][19]
port:conv_rapida/weights[2][1]
port:conv_rapida/weights[2][2]
port:conv_rapida/weights[2][3]
port:conv_rapida/weights[2][4]
port:conv_rapida/weights[2][5]
port:conv_rapida/weights[2][6]
port:conv_rapida/weights[2][7]
port:conv_rapida/weights[2][8]
port:conv_rapida/weights[2][9]
port:conv_rapida/weights[30][0]
port:conv_rapida/weights[30][10]
port:conv_rapida/weights[30][11]
port:conv_rapida/weights[30][12]
port:conv_rapida/weights[30][13]
port:conv_rapida/weights[30][14]
port:conv_rapida/weights[30][15]
port:conv_rapida/weights[30][16]
port:conv_rapida/weights[30][17]
port:conv_rapida/weights[30][18]
port:conv_rapida/weights[30][19]
port:conv_rapida/weights[30][1]
port:conv_rapida/weights[30][2]
port:conv_rapida/weights[30][3]
port:conv_rapida/weights[30][4]
port:conv_rapida/weights[30][5]
port:conv_rapida/weights[30][6]
port:conv_rapida/weights[30][7]
port:conv_rapida/weights[30][8]
port:conv_rapida/weights[30][9]
port:conv_rapida/weights[31][0]
port:conv_rapida/weights[31][10]
port:conv_rapida/weights[31][11]
port:conv_rapida/weights[31][12]
port:conv_rapida/weights[31][13]
port:conv_rapida/weights[31][14]
port:conv_rapida/weights[31][15]
port:conv_rapida/weights[31][16]
port:conv_rapida/weights[31][17]
port:conv_rapida/weights[31][18]
port:conv_rapida/weights[31][19]
port:conv_rapida/weights[31][1]
port:conv_rapida/weights[31][2]
port:conv_rapida/weights[31][3]
port:conv_rapida/weights[31][4]
port:conv_rapida/weights[31][5]
port:conv_rapida/weights[31][6]
port:conv_rapida/weights[31][7]
port:conv_rapida/weights[31][8]
port:conv_rapida/weights[31][9]
port:conv_rapida/weights[32][0]
port:conv_rapida/weights[32][10]
port:conv_rapida/weights[32][11]
port:conv_rapida/weights[32][12]
port:conv_rapida/weights[32][13]
port:conv_rapida/weights[32][14]
port:conv_rapida/weights[32][15]
port:conv_rapida/weights[32][16]
port:conv_rapida/weights[32][17]
port:conv_rapida/weights[32][18]
port:conv_rapida/weights[32][19]
port:conv_rapida/weights[32][1]
port:conv_rapida/weights[32][2]
port:conv_rapida/weights[32][3]
port:conv_rapida/weights[32][4]
port:conv_rapida/weights[32][5]
port:conv_rapida/weights[32][6]
port:conv_rapida/weights[32][7]
port:conv_rapida/weights[32][8]
port:conv_rapida/weights[32][9]
port:conv_rapida/weights[33][0]
port:conv_rapida/weights[33][10]
port:conv_rapida/weights[33][11]
port:conv_rapida/weights[33][12]
port:conv_rapida/weights[33][13]
port:conv_rapida/weights[33][14]
port:conv_rapida/weights[33][15]
port:conv_rapida/weights[33][16]
port:conv_rapida/weights[33][17]
port:conv_rapida/weights[33][18]
port:conv_rapida/weights[33][19]
port:conv_rapida/weights[33][1]
port:conv_rapida/weights[33][2]
port:conv_rapida/weights[33][3]
port:conv_rapida/weights[33][4]
port:conv_rapida/weights[33][5]
port:conv_rapida/weights[33][6]
port:conv_rapida/weights[33][7]
port:conv_rapida/weights[33][8]
port:conv_rapida/weights[33][9]
port:conv_rapida/weights[34][0]
port:conv_rapida/weights[34][10]
port:conv_rapida/weights[34][11]
port:conv_rapida/weights[34][12]
port:conv_rapida/weights[34][13]
port:conv_rapida/weights[34][14]
port:conv_rapida/weights[34][15]
port:conv_rapida/weights[34][16]
port:conv_rapida/weights[34][17]
port:conv_rapida/weights[34][18]
port:conv_rapida/weights[34][19]
port:conv_rapida/weights[34][1]
port:conv_rapida/weights[34][2]
port:conv_rapida/weights[34][3]
port:conv_rapida/weights[34][4]
port:conv_rapida/weights[34][5]
port:conv_rapida/weights[34][6]
port:conv_rapida/weights[34][7]
port:conv_rapida/weights[34][8]
port:conv_rapida/weights[34][9]
port:conv_rapida/weights[35][0]
port:conv_rapida/weights[35][10]
port:conv_rapida/weights[35][11]
port:conv_rapida/weights[35][12]
port:conv_rapida/weights[35][13]
port:conv_rapida/weights[35][14]
port:conv_rapida/weights[35][15]
port:conv_rapida/weights[35][16]
port:conv_rapida/weights[35][17]
port:conv_rapida/weights[35][18]
port:conv_rapida/weights[35][19]
port:conv_rapida/weights[35][1]
port:conv_rapida/weights[35][2]
port:conv_rapida/weights[35][3]
port:conv_rapida/weights[35][4]
port:conv_rapida/weights[35][5]
port:conv_rapida/weights[35][6]
port:conv_rapida/weights[35][7]
port:conv_rapida/weights[35][8]
port:conv_rapida/weights[35][9]
port:conv_rapida/weights[3][0]
port:conv_rapida/weights[3][10]
port:conv_rapida/weights[3][11]
port:conv_rapida/weights[3][12]
port:conv_rapida/weights[3][13]
port:conv_rapida/weights[3][14]
port:conv_rapida/weights[3][15]
port:conv_rapida/weights[3][16]
port:conv_rapida/weights[3][17]
port:conv_rapida/weights[3][18]
port:conv_rapida/weights[3][19]
port:conv_rapida/weights[3][1]
port:conv_rapida/weights[3][2]
port:conv_rapida/weights[3][3]
port:conv_rapida/weights[3][4]
port:conv_rapida/weights[3][5]
port:conv_rapida/weights[3][6]
port:conv_rapida/weights[3][7]
port:conv_rapida/weights[3][8]
port:conv_rapida/weights[3][9]
port:conv_rapida/weights[4][0]
port:conv_rapida/weights[4][10]
port:conv_rapida/weights[4][11]
port:conv_rapida/weights[4][12]
port:conv_rapida/weights[4][13]
port:conv_rapida/weights[4][14]
port:conv_rapida/weights[4][15]
port:conv_rapida/weights[4][16]
port:conv_rapida/weights[4][17]
port:conv_rapida/weights[4][18]
port:conv_rapida/weights[4][19]
port:conv_rapida/weights[4][1]
port:conv_rapida/weights[4][2]
port:conv_rapida/weights[4][3]
port:conv_rapida/weights[4][4]
port:conv_rapida/weights[4][5]
port:conv_rapida/weights[4][6]
port:conv_rapida/weights[4][7]
port:conv_rapida/weights[4][8]
port:conv_rapida/weights[4][9]
port:conv_rapida/weights[5][0]
port:conv_rapida/weights[5][10]
port:conv_rapida/weights[5][11]
port:conv_rapida/weights[5][12]
port:conv_rapida/weights[5][13]
port:conv_rapida/weights[5][14]
port:conv_rapida/weights[5][15]
port:conv_rapida/weights[5][16]
port:conv_rapida/weights[5][17]
port:conv_rapida/weights[5][18]
port:conv_rapida/weights[5][19]
port:conv_rapida/weights[5][1]
port:conv_rapida/weights[5][2]
port:conv_rapida/weights[5][3]
port:conv_rapida/weights[5][4]
port:conv_rapida/weights[5][5]
port:conv_rapida/weights[5][6]
port:conv_rapida/weights[5][7]
port:conv_rapida/weights[5][8]
port:conv_rapida/weights[5][9]
port:conv_rapida/weights[6][0]
port:conv_rapida/weights[6][10]
port:conv_rapida/weights[6][11]
port:conv_rapida/weights[6][12]
port:conv_rapida/weights[6][13]
port:conv_rapida/weights[6][14]
port:conv_rapida/weights[6][15]
port:conv_rapida/weights[6][16]
port:conv_rapida/weights[6][17]
port:conv_rapida/weights[6][18]
port:conv_rapida/weights[6][19]
port:conv_rapida/weights[6][1]
port:conv_rapida/weights[6][2]
port:conv_rapida/weights[6][3]
port:conv_rapida/weights[6][4]
port:conv_rapida/weights[6][5]
port:conv_rapida/weights[6][6]
port:conv_rapida/weights[6][7]
port:conv_rapida/weights[6][8]
port:conv_rapida/weights[6][9]
port:conv_rapida/weights[7][0]
port:conv_rapida/weights[7][10]
port:conv_rapida/weights[7][11]
port:conv_rapida/weights[7][12]
port:conv_rapida/weights[7][13]
port:conv_rapida/weights[7][14]
port:conv_rapida/weights[7][15]
port:conv_rapida/weights[7][16]
port:conv_rapida/weights[7][17]
port:conv_rapida/weights[7][18]
port:conv_rapida/weights[7][19]
port:conv_rapida/weights[7][1]
port:conv_rapida/weights[7][2]
port:conv_rapida/weights[7][3]
port:conv_rapida/weights[7][4]
port:conv_rapida/weights[7][5]
port:conv_rapida/weights[7][6]
port:conv_rapida/weights[7][7]
port:conv_rapida/weights[7][8]
port:conv_rapida/weights[7][9]
port:conv_rapida/weights[8][0]
port:conv_rapida/weights[8][10]
port:conv_rapida/weights[8][11]
port:conv_rapida/weights[8][12]
port:conv_rapida/weights[8][13]
port:conv_rapida/weights[8][14]
port:conv_rapida/weights[8][15]
port:conv_rapida/weights[8][16]
port:conv_rapida/weights[8][17]
port:conv_rapida/weights[8][18]
port:conv_rapida/weights[8][19]
port:conv_rapida/weights[8][1]
port:conv_rapida/weights[8][2]
port:conv_rapida/weights[8][3]
port:conv_rapida/weights[8][4]
port:conv_rapida/weights[8][5]
port:conv_rapida/weights[8][6]
port:conv_rapida/weights[8][7]
port:conv_rapida/weights[8][8]
port:conv_rapida/weights[8][9]
port:conv_rapida/weights[9][0]
port:conv_rapida/weights[9][10]
port:conv_rapida/weights[9][11]
port:conv_rapida/weights[9][12]
port:conv_rapida/weights[9][13]
port:conv_rapida/weights[9][14]
port:conv_rapida/weights[9][15]
port:conv_rapida/weights[9][16]
port:conv_rapida/weights[9][17]
port:conv_rapida/weights[9][18]
port:conv_rapida/weights[9][19]
port:conv_rapida/weights[9][1]
port:conv_rapida/weights[9][2]
port:conv_rapida/weights[9][3]
port:conv_rapida/weights[9][4]
port:conv_rapida/weights[9][5]
port:conv_rapida/weights[9][6]
port:conv_rapida/weights[9][7]
port:conv_rapida/weights[9][8]
port:conv_rapida/weights[9][9]
-------------------------------------------------------------------------------

-------------------------------------------------------------------------------
Outputs without clocked external delays

The following primary outputs have no clocked external delays in mode           
'analysis_view_0p99v_m40c_capbst_fastest'.  As a result the timing paths        
leading to the ports have no timing constraints derived from clock waveforms.   
The'external_delay' command is used to create new external delays.              

port:conv_rapida/data_valid
port:conv_rapida/outputMAP[0][0]
port:conv_rapida/outputMAP[0][10]
port:conv_rapida/outputMAP[0][11]
port:conv_rapida/outputMAP[0][12]
port:conv_rapida/outputMAP[0][13]
port:conv_rapida/outputMAP[0][14]
port:conv_rapida/outputMAP[0][15]
port:conv_rapida/outputMAP[0][16]
port:conv_rapida/outputMAP[0][17]
port:conv_rapida/outputMAP[0][18]
port:conv_rapida/outputMAP[0][19]
port:conv_rapida/outputMAP[0][1]
port:conv_rapida/outputMAP[0][2]
port:conv_rapida/outputMAP[0][3]
port:conv_rapida/outputMAP[0][4]
port:conv_rapida/outputMAP[0][5]
port:conv_rapida/outputMAP[0][6]
port:conv_rapida/outputMAP[0][7]
port:conv_rapida/outputMAP[0][8]
port:conv_rapida/outputMAP[0][9]
port:conv_rapida/outputMAP[1][0]
port:conv_rapida/outputMAP[1][10]
port:conv_rapida/outputMAP[1][11]
port:conv_rapida/outputMAP[1][12]
port:conv_rapida/outputMAP[1][13]
port:conv_rapida/outputMAP[1][14]
port:conv_rapida/outputMAP[1][15]
port:conv_rapida/outputMAP[1][16]
port:conv_rapida/outputMAP[1][17]
port:conv_rapida/outputMAP[1][18]
port:conv_rapida/outputMAP[1][19]
port:conv_rapida/outputMAP[1][1]
port:conv_rapida/outputMAP[1][2]
port:conv_rapida/outputMAP[1][3]
port:conv_rapida/outputMAP[1][4]
port:conv_rapida/outputMAP[1][5]
port:conv_rapida/outputMAP[1][6]
port:conv_rapida/outputMAP[1][7]
port:conv_rapida/outputMAP[1][8]
port:conv_rapida/outputMAP[1][9]
port:conv_rapida/outputMAP[2][0]
port:conv_rapida/outputMAP[2][10]
port:conv_rapida/outputMAP[2][11]
port:conv_rapida/outputMAP[2][12]
port:conv_rapida/outputMAP[2][13]
port:conv_rapida/outputMAP[2][14]
port:conv_rapida/outputMAP[2][15]
port:conv_rapida/outputMAP[2][16]
port:conv_rapida/outputMAP[2][17]
port:conv_rapida/outputMAP[2][18]
port:conv_rapida/outputMAP[2][19]
port:conv_rapida/outputMAP[2][1]
port:conv_rapida/outputMAP[2][2]
port:conv_rapida/outputMAP[2][3]
port:conv_rapida/outputMAP[2][4]
port:conv_rapida/outputMAP[2][5]
port:conv_rapida/outputMAP[2][6]
port:conv_rapida/outputMAP[2][7]
port:conv_rapida/outputMAP[2][8]
port:conv_rapida/outputMAP[2][9]
port:conv_rapida/outputMAP[3][0]
port:conv_rapida/outputMAP[3][10]
port:conv_rapida/outputMAP[3][11]
port:conv_rapida/outputMAP[3][12]
port:conv_rapida/outputMAP[3][13]
port:conv_rapida/outputMAP[3][14]
port:conv_rapida/outputMAP[3][15]
port:conv_rapida/outputMAP[3][16]
port:conv_rapida/outputMAP[3][17]
port:conv_rapida/outputMAP[3][18]
port:conv_rapida/outputMAP[3][19]
port:conv_rapida/outputMAP[3][1]
port:conv_rapida/outputMAP[3][2]
port:conv_rapida/outputMAP[3][3]
port:conv_rapida/outputMAP[3][4]
port:conv_rapida/outputMAP[3][5]
port:conv_rapida/outputMAP[3][6]
port:conv_rapida/outputMAP[3][7]
port:conv_rapida/outputMAP[3][8]
port:conv_rapida/outputMAP[3][9]
port:conv_rapida/outputMAP[4][0]
port:conv_rapida/outputMAP[4][10]
port:conv_rapida/outputMAP[4][11]
port:conv_rapida/outputMAP[4][12]
port:conv_rapida/outputMAP[4][13]
port:conv_rapida/outputMAP[4][14]
port:conv_rapida/outputMAP[4][15]
port:conv_rapida/outputMAP[4][16]
port:conv_rapida/outputMAP[4][17]
port:conv_rapida/outputMAP[4][18]
port:conv_rapida/outputMAP[4][19]
port:conv_rapida/outputMAP[4][1]
port:conv_rapida/outputMAP[4][2]
port:conv_rapida/outputMAP[4][3]
port:conv_rapida/outputMAP[4][4]
port:conv_rapida/outputMAP[4][5]
port:conv_rapida/outputMAP[4][6]
port:conv_rapida/outputMAP[4][7]
port:conv_rapida/outputMAP[4][8]
port:conv_rapida/outputMAP[4][9]
port:conv_rapida/outputMAP[5][0]
port:conv_rapida/outputMAP[5][10]
port:conv_rapida/outputMAP[5][11]
port:conv_rapida/outputMAP[5][12]
port:conv_rapida/outputMAP[5][13]
port:conv_rapida/outputMAP[5][14]
port:conv_rapida/outputMAP[5][15]
port:conv_rapida/outputMAP[5][16]
port:conv_rapida/outputMAP[5][17]
port:conv_rapida/outputMAP[5][18]
port:conv_rapida/outputMAP[5][19]
port:conv_rapida/outputMAP[5][1]
port:conv_rapida/outputMAP[5][2]
port:conv_rapida/outputMAP[5][3]
port:conv_rapida/outputMAP[5][4]
port:conv_rapida/outputMAP[5][5]
port:conv_rapida/outputMAP[5][6]
port:conv_rapida/outputMAP[5][7]
port:conv_rapida/outputMAP[5][8]
port:conv_rapida/outputMAP[5][9]
port:conv_rapida/outputMAP[6][0]
port:conv_rapida/outputMAP[6][10]
port:conv_rapida/outputMAP[6][11]
port:conv_rapida/outputMAP[6][12]
port:conv_rapida/outputMAP[6][13]
port:conv_rapida/outputMAP[6][14]
port:conv_rapida/outputMAP[6][15]
port:conv_rapida/outputMAP[6][16]
port:conv_rapida/outputMAP[6][17]
port:conv_rapida/outputMAP[6][18]
port:conv_rapida/outputMAP[6][19]
port:conv_rapida/outputMAP[6][1]
port:conv_rapida/outputMAP[6][2]
port:conv_rapida/outputMAP[6][3]
port:conv_rapida/outputMAP[6][4]
port:conv_rapida/outputMAP[6][5]
port:conv_rapida/outputMAP[6][6]
port:conv_rapida/outputMAP[6][7]
port:conv_rapida/outputMAP[6][8]
port:conv_rapida/outputMAP[6][9]
port:conv_rapida/outputMAP[7][0]
port:conv_rapida/outputMAP[7][10]
port:conv_rapida/outputMAP[7][11]
port:conv_rapida/outputMAP[7][12]
port:conv_rapida/outputMAP[7][13]
port:conv_rapida/outputMAP[7][14]
port:conv_rapida/outputMAP[7][15]
port:conv_rapida/outputMAP[7][16]
port:conv_rapida/outputMAP[7][17]
port:conv_rapida/outputMAP[7][18]
port:conv_rapida/outputMAP[7][19]
port:conv_rapida/outputMAP[7][1]
port:conv_rapida/outputMAP[7][2]
port:conv_rapida/outputMAP[7][3]
port:conv_rapida/outputMAP[7][4]
port:conv_rapida/outputMAP[7][5]
port:conv_rapida/outputMAP[7][6]
port:conv_rapida/outputMAP[7][7]
port:conv_rapida/outputMAP[7][8]
port:conv_rapida/outputMAP[7][9]
port:conv_rapida/outputMAP[8][0]
port:conv_rapida/outputMAP[8][10]
port:conv_rapida/outputMAP[8][11]
port:conv_rapida/outputMAP[8][12]
port:conv_rapida/outputMAP[8][13]
port:conv_rapida/outputMAP[8][14]
port:conv_rapida/outputMAP[8][15]
port:conv_rapida/outputMAP[8][16]
port:conv_rapida/outputMAP[8][17]
port:conv_rapida/outputMAP[8][18]
port:conv_rapida/outputMAP[8][19]
port:conv_rapida/outputMAP[8][1]
port:conv_rapida/outputMAP[8][2]
port:conv_rapida/outputMAP[8][3]
port:conv_rapida/outputMAP[8][4]
port:conv_rapida/outputMAP[8][5]
port:conv_rapida/outputMAP[8][6]
port:conv_rapida/outputMAP[8][7]
port:conv_rapida/outputMAP[8][8]
port:conv_rapida/outputMAP[8][9]
-------------------------------------------------------------------------------

-------------------------------------------------------------------------------
Inputs without external driver/transition

The following primary inputs have no external driver or input transition set    
in mode 'analysis_view_0p99v_m40c_capbst_fastest'. As a result the transition   
on the ports will be assumed as zero. The 'external_driver' attribute is used   
to add and external driver or the 'fixed_slew' attribute to add an external     
transition.                                                                     

port:conv_rapida/inputMAP[0][0]
port:conv_rapida/inputMAP[0][10]
port:conv_rapida/inputMAP[0][11]
port:conv_rapida/inputMAP[0][12]
port:conv_rapida/inputMAP[0][13]
port:conv_rapida/inputMAP[0][14]
port:conv_rapida/inputMAP[0][15]
port:conv_rapida/inputMAP[0][16]
port:conv_rapida/inputMAP[0][17]
port:conv_rapida/inputMAP[0][18]
port:conv_rapida/inputMAP[0][19]
port:conv_rapida/inputMAP[0][1]
port:conv_rapida/inputMAP[0][2]
port:conv_rapida/inputMAP[0][3]
port:conv_rapida/inputMAP[0][4]
port:conv_rapida/inputMAP[0][5]
port:conv_rapida/inputMAP[0][6]
port:conv_rapida/inputMAP[0][7]
port:conv_rapida/inputMAP[0][8]
port:conv_rapida/inputMAP[0][9]
port:conv_rapida/inputMAP[10][0]
port:conv_rapida/inputMAP[10][10]
port:conv_rapida/inputMAP[10][11]
port:conv_rapida/inputMAP[10][12]
port:conv_rapida/inputMAP[10][13]
port:conv_rapida/inputMAP[10][14]
port:conv_rapida/inputMAP[10][15]
port:conv_rapida/inputMAP[10][16]
port:conv_rapida/inputMAP[10][17]
port:conv_rapida/inputMAP[10][18]
port:conv_rapida/inputMAP[10][19]
port:conv_rapida/inputMAP[10][1]
port:conv_rapida/inputMAP[10][2]
port:conv_rapida/inputMAP[10][3]
port:conv_rapida/inputMAP[10][4]
port:conv_rapida/inputMAP[10][5]
port:conv_rapida/inputMAP[10][6]
port:conv_rapida/inputMAP[10][7]
port:conv_rapida/inputMAP[10][8]
port:conv_rapida/inputMAP[10][9]
port:conv_rapida/inputMAP[11][0]
port:conv_rapida/inputMAP[11][10]
port:conv_rapida/inputMAP[11][11]
port:conv_rapida/inputMAP[11][12]
port:conv_rapida/inputMAP[11][13]
port:conv_rapida/inputMAP[11][14]
port:conv_rapida/inputMAP[11][15]
port:conv_rapida/inputMAP[11][16]
port:conv_rapida/inputMAP[11][17]
port:conv_rapida/inputMAP[11][18]
port:conv_rapida/inputMAP[11][19]
port:conv_rapida/inputMAP[11][1]
port:conv_rapida/inputMAP[11][2]
port:conv_rapida/inputMAP[11][3]
port:conv_rapida/inputMAP[11][4]
port:conv_rapida/inputMAP[11][5]
port:conv_rapida/inputMAP[11][6]
port:conv_rapida/inputMAP[11][7]
port:conv_rapida/inputMAP[11][8]
port:conv_rapida/inputMAP[11][9]
port:conv_rapida/inputMAP[12][0]
port:conv_rapida/inputMAP[12][10]
port:conv_rapida/inputMAP[12][11]
port:conv_rapida/inputMAP[12][12]
port:conv_rapida/inputMAP[12][13]
port:conv_rapida/inputMAP[12][14]
port:conv_rapida/inputMAP[12][15]
port:conv_rapida/inputMAP[12][16]
port:conv_rapida/inputMAP[12][17]
port:conv_rapida/inputMAP[12][18]
port:conv_rapida/inputMAP[12][19]
port:conv_rapida/inputMAP[12][1]
port:conv_rapida/inputMAP[12][2]
port:conv_rapida/inputMAP[12][3]
port:conv_rapida/inputMAP[12][4]
port:conv_rapida/inputMAP[12][5]
port:conv_rapida/inputMAP[12][6]
port:conv_rapida/inputMAP[12][7]
port:conv_rapida/inputMAP[12][8]
port:conv_rapida/inputMAP[12][9]
port:conv_rapida/inputMAP[13][0]
port:conv_rapida/inputMAP[13][10]
port:conv_rapida/inputMAP[13][11]
port:conv_rapida/inputMAP[13][12]
port:conv_rapida/inputMAP[13][13]
port:conv_rapida/inputMAP[13][14]
port:conv_rapida/inputMAP[13][15]
port:conv_rapida/inputMAP[13][16]
port:conv_rapida/inputMAP[13][17]
port:conv_rapida/inputMAP[13][18]
port:conv_rapida/inputMAP[13][19]
port:conv_rapida/inputMAP[13][1]
port:conv_rapida/inputMAP[13][2]
port:conv_rapida/inputMAP[13][3]
port:conv_rapida/inputMAP[13][4]
port:conv_rapida/inputMAP[13][5]
port:conv_rapida/inputMAP[13][6]
port:conv_rapida/inputMAP[13][7]
port:conv_rapida/inputMAP[13][8]
port:conv_rapida/inputMAP[13][9]
port:conv_rapida/inputMAP[14][0]
port:conv_rapida/inputMAP[14][10]
port:conv_rapida/inputMAP[14][11]
port:conv_rapida/inputMAP[14][12]
port:conv_rapida/inputMAP[14][13]
port:conv_rapida/inputMAP[14][14]
port:conv_rapida/inputMAP[14][15]
port:conv_rapida/inputMAP[14][16]
port:conv_rapida/inputMAP[14][17]
port:conv_rapida/inputMAP[14][18]
port:conv_rapida/inputMAP[14][19]
port:conv_rapida/inputMAP[14][1]
port:conv_rapida/inputMAP[14][2]
port:conv_rapida/inputMAP[14][3]
port:conv_rapida/inputMAP[14][4]
port:conv_rapida/inputMAP[14][5]
port:conv_rapida/inputMAP[14][6]
port:conv_rapida/inputMAP[14][7]
port:conv_rapida/inputMAP[14][8]
port:conv_rapida/inputMAP[14][9]
port:conv_rapida/inputMAP[15][0]
port:conv_rapida/inputMAP[15][10]
port:conv_rapida/inputMAP[15][11]
port:conv_rapida/inputMAP[15][12]
port:conv_rapida/inputMAP[15][13]
port:conv_rapida/inputMAP[15][14]
port:conv_rapida/inputMAP[15][15]
port:conv_rapida/inputMAP[15][16]
port:conv_rapida/inputMAP[15][17]
port:conv_rapida/inputMAP[15][18]
port:conv_rapida/inputMAP[15][19]
port:conv_rapida/inputMAP[15][1]
port:conv_rapida/inputMAP[15][2]
port:conv_rapida/inputMAP[15][3]
port:conv_rapida/inputMAP[15][4]
port:conv_rapida/inputMAP[15][5]
port:conv_rapida/inputMAP[15][6]
port:conv_rapida/inputMAP[15][7]
port:conv_rapida/inputMAP[15][8]
port:conv_rapida/inputMAP[15][9]
port:conv_rapida/inputMAP[16][0]
port:conv_rapida/inputMAP[16][10]
port:conv_rapida/inputMAP[16][11]
port:conv_rapida/inputMAP[16][12]
port:conv_rapida/inputMAP[16][13]
port:conv_rapida/inputMAP[16][14]
port:conv_rapida/inputMAP[16][15]
port:conv_rapida/inputMAP[16][16]
port:conv_rapida/inputMAP[16][17]
port:conv_rapida/inputMAP[16][18]
port:conv_rapida/inputMAP[16][19]
port:conv_rapida/inputMAP[16][1]
port:conv_rapida/inputMAP[16][2]
port:conv_rapida/inputMAP[16][3]
port:conv_rapida/inputMAP[16][4]
port:conv_rapida/inputMAP[16][5]
port:conv_rapida/inputMAP[16][6]
port:conv_rapida/inputMAP[16][7]
port:conv_rapida/inputMAP[16][8]
port:conv_rapida/inputMAP[16][9]
port:conv_rapida/inputMAP[17][0]
port:conv_rapida/inputMAP[17][10]
port:conv_rapida/inputMAP[17][11]
port:conv_rapida/inputMAP[17][12]
port:conv_rapida/inputMAP[17][13]
port:conv_rapida/inputMAP[17][14]
port:conv_rapida/inputMAP[17][15]
port:conv_rapida/inputMAP[17][16]
port:conv_rapida/inputMAP[17][17]
port:conv_rapida/inputMAP[17][18]
port:conv_rapida/inputMAP[17][19]
port:conv_rapida/inputMAP[17][1]
port:conv_rapida/inputMAP[17][2]
port:conv_rapida/inputMAP[17][3]
port:conv_rapida/inputMAP[17][4]
port:conv_rapida/inputMAP[17][5]
port:conv_rapida/inputMAP[17][6]
port:conv_rapida/inputMAP[17][7]
port:conv_rapida/inputMAP[17][8]
port:conv_rapida/inputMAP[17][9]
port:conv_rapida/inputMAP[18][0]
port:conv_rapida/inputMAP[18][10]
port:conv_rapida/inputMAP[18][11]
port:conv_rapida/inputMAP[18][12]
port:conv_rapida/inputMAP[18][13]
port:conv_rapida/inputMAP[18][14]
port:conv_rapida/inputMAP[18][15]
port:conv_rapida/inputMAP[18][16]
port:conv_rapida/inputMAP[18][17]
port:conv_rapida/inputMAP[18][18]
port:conv_rapida/inputMAP[18][19]
port:conv_rapida/inputMAP[18][1]
port:conv_rapida/inputMAP[18][2]
port:conv_rapida/inputMAP[18][3]
port:conv_rapida/inputMAP[18][4]
port:conv_rapida/inputMAP[18][5]
port:conv_rapida/inputMAP[18][6]
port:conv_rapida/inputMAP[18][7]
port:conv_rapida/inputMAP[18][8]
port:conv_rapida/inputMAP[18][9]
port:conv_rapida/inputMAP[19][0]
port:conv_rapida/inputMAP[19][10]
port:conv_rapida/inputMAP[19][11]
port:conv_rapida/inputMAP[19][12]
port:conv_rapida/inputMAP[19][13]
port:conv_rapida/inputMAP[19][14]
port:conv_rapida/inputMAP[19][15]
port:conv_rapida/inputMAP[19][16]
port:conv_rapida/inputMAP[19][17]
port:conv_rapida/inputMAP[19][18]
port:conv_rapida/inputMAP[19][19]
port:conv_rapida/inputMAP[19][1]
port:conv_rapida/inputMAP[19][2]
port:conv_rapida/inputMAP[19][3]
port:conv_rapida/inputMAP[19][4]
port:conv_rapida/inputMAP[19][5]
port:conv_rapida/inputMAP[19][6]
port:conv_rapida/inputMAP[19][7]
port:conv_rapida/inputMAP[19][8]
port:conv_rapida/inputMAP[19][9]
port:conv_rapida/inputMAP[1][0]
port:conv_rapida/inputMAP[1][10]
port:conv_rapida/inputMAP[1][11]
port:conv_rapida/inputMAP[1][12]
port:conv_rapida/inputMAP[1][13]
port:conv_rapida/inputMAP[1][14]
port:conv_rapida/inputMAP[1][15]
port:conv_rapida/inputMAP[1][16]
port:conv_rapida/inputMAP[1][17]
port:conv_rapida/inputMAP[1][18]
port:conv_rapida/inputMAP[1][19]
port:conv_rapida/inputMAP[1][1]
port:conv_rapida/inputMAP[1][2]
port:conv_rapida/inputMAP[1][3]
port:conv_rapida/inputMAP[1][4]
port:conv_rapida/inputMAP[1][5]
port:conv_rapida/inputMAP[1][6]
port:conv_rapida/inputMAP[1][7]
port:conv_rapida/inputMAP[1][8]
port:conv_rapida/inputMAP[1][9]
port:conv_rapida/inputMAP[20][0]
port:conv_rapida/inputMAP[20][10]
port:conv_rapida/inputMAP[20][11]
port:conv_rapida/inputMAP[20][12]
port:conv_rapida/inputMAP[20][13]
port:conv_rapida/inputMAP[20][14]
port:conv_rapida/inputMAP[20][15]
port:conv_rapida/inputMAP[20][16]
port:conv_rapida/inputMAP[20][17]
port:conv_rapida/inputMAP[20][18]
port:conv_rapida/inputMAP[20][19]
port:conv_rapida/inputMAP[20][1]
port:conv_rapida/inputMAP[20][2]
port:conv_rapida/inputMAP[20][3]
port:conv_rapida/inputMAP[20][4]
port:conv_rapida/inputMAP[20][5]
port:conv_rapida/inputMAP[20][6]
port:conv_rapida/inputMAP[20][7]
port:conv_rapida/inputMAP[20][8]
port:conv_rapida/inputMAP[20][9]
port:conv_rapida/inputMAP[21][0]
port:conv_rapida/inputMAP[21][10]
port:conv_rapida/inputMAP[21][11]
port:conv_rapida/inputMAP[21][12]
port:conv_rapida/inputMAP[21][13]
port:conv_rapida/inputMAP[21][14]
port:conv_rapida/inputMAP[21][15]
port:conv_rapida/inputMAP[21][16]
port:conv_rapida/inputMAP[21][17]
port:conv_rapida/inputMAP[21][18]
port:conv_rapida/inputMAP[21][19]
port:conv_rapida/inputMAP[21][1]
port:conv_rapida/inputMAP[21][2]
port:conv_rapida/inputMAP[21][3]
port:conv_rapida/inputMAP[21][4]
port:conv_rapida/inputMAP[21][5]
port:conv_rapida/inputMAP[21][6]
port:conv_rapida/inputMAP[21][7]
port:conv_rapida/inputMAP[21][8]
port:conv_rapida/inputMAP[21][9]
port:conv_rapida/inputMAP[22][0]
port:conv_rapida/inputMAP[22][10]
port:conv_rapida/inputMAP[22][11]
port:conv_rapida/inputMAP[22][12]
port:conv_rapida/inputMAP[22][13]
port:conv_rapida/inputMAP[22][14]
port:conv_rapida/inputMAP[22][15]
port:conv_rapida/inputMAP[22][16]
port:conv_rapida/inputMAP[22][17]
port:conv_rapida/inputMAP[22][18]
port:conv_rapida/inputMAP[22][19]
port:conv_rapida/inputMAP[22][1]
port:conv_rapida/inputMAP[22][2]
port:conv_rapida/inputMAP[22][3]
port:conv_rapida/inputMAP[22][4]
port:conv_rapida/inputMAP[22][5]
port:conv_rapida/inputMAP[22][6]
port:conv_rapida/inputMAP[22][7]
port:conv_rapida/inputMAP[22][8]
port:conv_rapida/inputMAP[22][9]
port:conv_rapida/inputMAP[23][0]
port:conv_rapida/inputMAP[23][10]
port:conv_rapida/inputMAP[23][11]
port:conv_rapida/inputMAP[23][12]
port:conv_rapida/inputMAP[23][13]
port:conv_rapida/inputMAP[23][14]
port:conv_rapida/inputMAP[23][15]
port:conv_rapida/inputMAP[23][16]
port:conv_rapida/inputMAP[23][17]
port:conv_rapida/inputMAP[23][18]
port:conv_rapida/inputMAP[23][19]
port:conv_rapida/inputMAP[23][1]
port:conv_rapida/inputMAP[23][2]
port:conv_rapida/inputMAP[23][3]
port:conv_rapida/inputMAP[23][4]
port:conv_rapida/inputMAP[23][5]
port:conv_rapida/inputMAP[23][6]
port:conv_rapida/inputMAP[23][7]
port:conv_rapida/inputMAP[23][8]
port:conv_rapida/inputMAP[23][9]
port:conv_rapida/inputMAP[24][0]
port:conv_rapida/inputMAP[24][10]
port:conv_rapida/inputMAP[24][11]
port:conv_rapida/inputMAP[24][12]
port:conv_rapida/inputMAP[24][13]
port:conv_rapida/inputMAP[24][14]
port:conv_rapida/inputMAP[24][15]
port:conv_rapida/inputMAP[24][16]
port:conv_rapida/inputMAP[24][17]
port:conv_rapida/inputMAP[24][18]
port:conv_rapida/inputMAP[24][19]
port:conv_rapida/inputMAP[24][1]
port:conv_rapida/inputMAP[24][2]
port:conv_rapida/inputMAP[24][3]
port:conv_rapida/inputMAP[24][4]
port:conv_rapida/inputMAP[24][5]
port:conv_rapida/inputMAP[24][6]
port:conv_rapida/inputMAP[24][7]
port:conv_rapida/inputMAP[24][8]
port:conv_rapida/inputMAP[24][9]
port:conv_rapida/inputMAP[2][0]
port:conv_rapida/inputMAP[2][10]
port:conv_rapida/inputMAP[2][11]
port:conv_rapida/inputMAP[2][12]
port:conv_rapida/inputMAP[2][13]
port:conv_rapida/inputMAP[2][14]
port:conv_rapida/inputMAP[2][15]
port:conv_rapida/inputMAP[2][16]
port:conv_rapida/inputMAP[2][17]
port:conv_rapida/inputMAP[2][18]
port:conv_rapida/inputMAP[2][19]
port:conv_rapida/inputMAP[2][1]
port:conv_rapida/inputMAP[2][2]
port:conv_rapida/inputMAP[2][3]
port:conv_rapida/inputMAP[2][4]
port:conv_rapida/inputMAP[2][5]
port:conv_rapida/inputMAP[2][6]
port:conv_rapida/inputMAP[2][7]
port:conv_rapida/inputMAP[2][8]
port:conv_rapida/inputMAP[2][9]
port:conv_rapida/inputMAP[3][0]
port:conv_rapida/inputMAP[3][10]
port:conv_rapida/inputMAP[3][11]
port:conv_rapida/inputMAP[3][12]
port:conv_rapida/inputMAP[3][13]
port:conv_rapida/inputMAP[3][14]
port:conv_rapida/inputMAP[3][15]
port:conv_rapida/inputMAP[3][16]
port:conv_rapida/inputMAP[3][17]
port:conv_rapida/inputMAP[3][18]
port:conv_rapida/inputMAP[3][19]
port:conv_rapida/inputMAP[3][1]
port:conv_rapida/inputMAP[3][2]
port:conv_rapida/inputMAP[3][3]
port:conv_rapida/inputMAP[3][4]
port:conv_rapida/inputMAP[3][5]
port:conv_rapida/inputMAP[3][6]
port:conv_rapida/inputMAP[3][7]
port:conv_rapida/inputMAP[3][8]
port:conv_rapida/inputMAP[3][9]
port:conv_rapida/inputMAP[4][0]
port:conv_rapida/inputMAP[4][10]
port:conv_rapida/inputMAP[4][11]
port:conv_rapida/inputMAP[4][12]
port:conv_rapida/inputMAP[4][13]
port:conv_rapida/inputMAP[4][14]
port:conv_rapida/inputMAP[4][15]
port:conv_rapida/inputMAP[4][16]
port:conv_rapida/inputMAP[4][17]
port:conv_rapida/inputMAP[4][18]
port:conv_rapida/inputMAP[4][19]
port:conv_rapida/inputMAP[4][1]
port:conv_rapida/inputMAP[4][2]
port:conv_rapida/inputMAP[4][3]
port:conv_rapida/inputMAP[4][4]
port:conv_rapida/inputMAP[4][5]
port:conv_rapida/inputMAP[4][6]
port:conv_rapida/inputMAP[4][7]
port:conv_rapida/inputMAP[4][8]
port:conv_rapida/inputMAP[4][9]
port:conv_rapida/inputMAP[5][0]
port:conv_rapida/inputMAP[5][10]
port:conv_rapida/inputMAP[5][11]
port:conv_rapida/inputMAP[5][12]
port:conv_rapida/inputMAP[5][13]
port:conv_rapida/inputMAP[5][14]
port:conv_rapida/inputMAP[5][15]
port:conv_rapida/inputMAP[5][16]
port:conv_rapida/inputMAP[5][17]
port:conv_rapida/inputMAP[5][18]
port:conv_rapida/inputMAP[5][19]
port:conv_rapida/inputMAP[5][1]
port:conv_rapida/inputMAP[5][2]
port:conv_rapida/inputMAP[5][3]
port:conv_rapida/inputMAP[5][4]
port:conv_rapida/inputMAP[5][5]
port:conv_rapida/inputMAP[5][6]
port:conv_rapida/inputMAP[5][7]
port:conv_rapida/inputMAP[5][8]
port:conv_rapida/inputMAP[5][9]
port:conv_rapida/inputMAP[6][0]
port:conv_rapida/inputMAP[6][10]
port:conv_rapida/inputMAP[6][11]
port:conv_rapida/inputMAP[6][12]
port:conv_rapida/inputMAP[6][13]
port:conv_rapida/inputMAP[6][14]
port:conv_rapida/inputMAP[6][15]
port:conv_rapida/inputMAP[6][16]
port:conv_rapida/inputMAP[6][17]
port:conv_rapida/inputMAP[6][18]
port:conv_rapida/inputMAP[6][19]
port:conv_rapida/inputMAP[6][1]
port:conv_rapida/inputMAP[6][2]
port:conv_rapida/inputMAP[6][3]
port:conv_rapida/inputMAP[6][4]
port:conv_rapida/inputMAP[6][5]
port:conv_rapida/inputMAP[6][6]
port:conv_rapida/inputMAP[6][7]
port:conv_rapida/inputMAP[6][8]
port:conv_rapida/inputMAP[6][9]
port:conv_rapida/inputMAP[7][0]
port:conv_rapida/inputMAP[7][10]
port:conv_rapida/inputMAP[7][11]
port:conv_rapida/inputMAP[7][12]
port:conv_rapida/inputMAP[7][13]
port:conv_rapida/inputMAP[7][14]
port:conv_rapida/inputMAP[7][15]
port:conv_rapida/inputMAP[7][16]
port:conv_rapida/inputMAP[7][17]
port:conv_rapida/inputMAP[7][18]
port:conv_rapida/inputMAP[7][19]
port:conv_rapida/inputMAP[7][1]
port:conv_rapida/inputMAP[7][2]
port:conv_rapida/inputMAP[7][3]
port:conv_rapida/inputMAP[7][4]
port:conv_rapida/inputMAP[7][5]
port:conv_rapida/inputMAP[7][6]
port:conv_rapida/inputMAP[7][7]
port:conv_rapida/inputMAP[7][8]
port:conv_rapida/inputMAP[7][9]
port:conv_rapida/inputMAP[8][0]
port:conv_rapida/inputMAP[8][10]
port:conv_rapida/inputMAP[8][11]
port:conv_rapida/inputMAP[8][12]
port:conv_rapida/inputMAP[8][13]
port:conv_rapida/inputMAP[8][14]
port:conv_rapida/inputMAP[8][15]
port:conv_rapida/inputMAP[8][16]
port:conv_rapida/inputMAP[8][17]
port:conv_rapida/inputMAP[8][18]
port:conv_rapida/inputMAP[8][19]
port:conv_rapida/inputMAP[8][1]
port:conv_rapida/inputMAP[8][2]
port:conv_rapida/inputMAP[8][3]
port:conv_rapida/inputMAP[8][4]
port:conv_rapida/inputMAP[8][5]
port:conv_rapida/inputMAP[8][6]
port:conv_rapida/inputMAP[8][7]
port:conv_rapida/inputMAP[8][8]
port:conv_rapida/inputMAP[8][9]
port:conv_rapida/inputMAP[9][0]
port:conv_rapida/inputMAP[9][10]
port:conv_rapida/inputMAP[9][11]
port:conv_rapida/inputMAP[9][12]
port:conv_rapida/inputMAP[9][13]
port:conv_rapida/inputMAP[9][14]
port:conv_rapida/inputMAP[9][15]
port:conv_rapida/inputMAP[9][16]
port:conv_rapida/inputMAP[9][17]
port:conv_rapida/inputMAP[9][18]
port:conv_rapida/inputMAP[9][19]
port:conv_rapida/inputMAP[9][1]
port:conv_rapida/inputMAP[9][2]
port:conv_rapida/inputMAP[9][3]
port:conv_rapida/inputMAP[9][4]
port:conv_rapida/inputMAP[9][5]
port:conv_rapida/inputMAP[9][6]
port:conv_rapida/inputMAP[9][7]
port:conv_rapida/inputMAP[9][8]
port:conv_rapida/inputMAP[9][9]
port:conv_rapida/reset
port:conv_rapida/start
port:conv_rapida/weights[0][0]
port:conv_rapida/weights[0][10]
port:conv_rapida/weights[0][11]
port:conv_rapida/weights[0][12]
port:conv_rapida/weights[0][13]
port:conv_rapida/weights[0][14]
port:conv_rapida/weights[0][15]
port:conv_rapida/weights[0][16]
port:conv_rapida/weights[0][17]
port:conv_rapida/weights[0][18]
port:conv_rapida/weights[0][19]
port:conv_rapida/weights[0][1]
port:conv_rapida/weights[0][2]
port:conv_rapida/weights[0][3]
port:conv_rapida/weights[0][4]
port:conv_rapida/weights[0][5]
port:conv_rapida/weights[0][6]
port:conv_rapida/weights[0][7]
port:conv_rapida/weights[0][8]
port:conv_rapida/weights[0][9]
port:conv_rapida/weights[10][0]
port:conv_rapida/weights[10][10]
port:conv_rapida/weights[10][11]
port:conv_rapida/weights[10][12]
port:conv_rapida/weights[10][13]
port:conv_rapida/weights[10][14]
port:conv_rapida/weights[10][15]
port:conv_rapida/weights[10][16]
port:conv_rapida/weights[10][17]
port:conv_rapida/weights[10][18]
port:conv_rapida/weights[10][19]
port:conv_rapida/weights[10][1]
port:conv_rapida/weights[10][2]
port:conv_rapida/weights[10][3]
port:conv_rapida/weights[10][4]
port:conv_rapida/weights[10][5]
port:conv_rapida/weights[10][6]
port:conv_rapida/weights[10][7]
port:conv_rapida/weights[10][8]
port:conv_rapida/weights[10][9]
port:conv_rapida/weights[11][0]
port:conv_rapida/weights[11][10]
port:conv_rapida/weights[11][11]
port:conv_rapida/weights[11][12]
port:conv_rapida/weights[11][13]
port:conv_rapida/weights[11][14]
port:conv_rapida/weights[11][15]
port:conv_rapida/weights[11][16]
port:conv_rapida/weights[11][17]
port:conv_rapida/weights[11][18]
port:conv_rapida/weights[11][19]
port:conv_rapida/weights[11][1]
port:conv_rapida/weights[11][2]
port:conv_rapida/weights[11][3]
port:conv_rapida/weights[11][4]
port:conv_rapida/weights[11][5]
port:conv_rapida/weights[11][6]
port:conv_rapida/weights[11][7]
port:conv_rapida/weights[11][8]
port:conv_rapida/weights[11][9]
port:conv_rapida/weights[12][0]
port:conv_rapida/weights[12][10]
port:conv_rapida/weights[12][11]
port:conv_rapida/weights[12][12]
port:conv_rapida/weights[12][13]
port:conv_rapida/weights[12][14]
port:conv_rapida/weights[12][15]
port:conv_rapida/weights[12][16]
port:conv_rapida/weights[12][17]
port:conv_rapida/weights[12][18]
port:conv_rapida/weights[12][19]
port:conv_rapida/weights[12][1]
port:conv_rapida/weights[12][2]
port:conv_rapida/weights[12][3]
port:conv_rapida/weights[12][4]
port:conv_rapida/weights[12][5]
port:conv_rapida/weights[12][6]
port:conv_rapida/weights[12][7]
port:conv_rapida/weights[12][8]
port:conv_rapida/weights[12][9]
port:conv_rapida/weights[13][0]
port:conv_rapida/weights[13][10]
port:conv_rapida/weights[13][11]
port:conv_rapida/weights[13][12]
port:conv_rapida/weights[13][13]
port:conv_rapida/weights[13][14]
port:conv_rapida/weights[13][15]
port:conv_rapida/weights[13][16]
port:conv_rapida/weights[13][17]
port:conv_rapida/weights[13][18]
port:conv_rapida/weights[13][19]
port:conv_rapida/weights[13][1]
port:conv_rapida/weights[13][2]
port:conv_rapida/weights[13][3]
port:conv_rapida/weights[13][4]
port:conv_rapida/weights[13][5]
port:conv_rapida/weights[13][6]
port:conv_rapida/weights[13][7]
port:conv_rapida/weights[13][8]
port:conv_rapida/weights[13][9]
port:conv_rapida/weights[14][0]
port:conv_rapida/weights[14][10]
port:conv_rapida/weights[14][11]
port:conv_rapida/weights[14][12]
port:conv_rapida/weights[14][13]
port:conv_rapida/weights[14][14]
port:conv_rapida/weights[14][15]
port:conv_rapida/weights[14][16]
port:conv_rapida/weights[14][17]
port:conv_rapida/weights[14][18]
port:conv_rapida/weights[14][19]
port:conv_rapida/weights[14][1]
port:conv_rapida/weights[14][2]
port:conv_rapida/weights[14][3]
port:conv_rapida/weights[14][4]
port:conv_rapida/weights[14][5]
port:conv_rapida/weights[14][6]
port:conv_rapida/weights[14][7]
port:conv_rapida/weights[14][8]
port:conv_rapida/weights[14][9]
port:conv_rapida/weights[15][0]
port:conv_rapida/weights[15][10]
port:conv_rapida/weights[15][11]
port:conv_rapida/weights[15][12]
port:conv_rapida/weights[15][13]
port:conv_rapida/weights[15][14]
port:conv_rapida/weights[15][15]
port:conv_rapida/weights[15][16]
port:conv_rapida/weights[15][17]
port:conv_rapida/weights[15][18]
port:conv_rapida/weights[15][19]
port:conv_rapida/weights[15][1]
port:conv_rapida/weights[15][2]
port:conv_rapida/weights[15][3]
port:conv_rapida/weights[15][4]
port:conv_rapida/weights[15][5]
port:conv_rapida/weights[15][6]
port:conv_rapida/weights[15][7]
port:conv_rapida/weights[15][8]
port:conv_rapida/weights[15][9]
port:conv_rapida/weights[16][0]
port:conv_rapida/weights[16][10]
port:conv_rapida/weights[16][11]
port:conv_rapida/weights[16][12]
port:conv_rapida/weights[16][13]
port:conv_rapida/weights[16][14]
port:conv_rapida/weights[16][15]
port:conv_rapida/weights[16][16]
port:conv_rapida/weights[16][17]
port:conv_rapida/weights[16][18]
port:conv_rapida/weights[16][19]
port:conv_rapida/weights[16][1]
port:conv_rapida/weights[16][2]
port:conv_rapida/weights[16][3]
port:conv_rapida/weights[16][4]
port:conv_rapida/weights[16][5]
port:conv_rapida/weights[16][6]
port:conv_rapida/weights[16][7]
port:conv_rapida/weights[16][8]
port:conv_rapida/weights[16][9]
port:conv_rapida/weights[17][0]
port:conv_rapida/weights[17][10]
port:conv_rapida/weights[17][11]
port:conv_rapida/weights[17][12]
port:conv_rapida/weights[17][13]
port:conv_rapida/weights[17][14]
port:conv_rapida/weights[17][15]
port:conv_rapida/weights[17][16]
port:conv_rapida/weights[17][17]
port:conv_rapida/weights[17][18]
port:conv_rapida/weights[17][19]
port:conv_rapida/weights[17][1]
port:conv_rapida/weights[17][2]
port:conv_rapida/weights[17][3]
port:conv_rapida/weights[17][4]
port:conv_rapida/weights[17][5]
port:conv_rapida/weights[17][6]
port:conv_rapida/weights[17][7]
port:conv_rapida/weights[17][8]
port:conv_rapida/weights[17][9]
port:conv_rapida/weights[18][0]
port:conv_rapida/weights[18][10]
port:conv_rapida/weights[18][11]
port:conv_rapida/weights[18][12]
port:conv_rapida/weights[18][13]
port:conv_rapida/weights[18][14]
port:conv_rapida/weights[18][15]
port:conv_rapida/weights[18][16]
port:conv_rapida/weights[18][17]
port:conv_rapida/weights[18][18]
port:conv_rapida/weights[18][19]
port:conv_rapida/weights[18][1]
port:conv_rapida/weights[18][2]
port:conv_rapida/weights[18][3]
port:conv_rapida/weights[18][4]
port:conv_rapida/weights[18][5]
port:conv_rapida/weights[18][6]
port:conv_rapida/weights[18][7]
port:conv_rapida/weights[18][8]
port:conv_rapida/weights[18][9]
port:conv_rapida/weights[19][0]
port:conv_rapida/weights[19][10]
port:conv_rapida/weights[19][11]
port:conv_rapida/weights[19][12]
port:conv_rapida/weights[19][13]
port:conv_rapida/weights[19][14]
port:conv_rapida/weights[19][15]
port:conv_rapida/weights[19][16]
port:conv_rapida/weights[19][17]
port:conv_rapida/weights[19][18]
port:conv_rapida/weights[19][19]
port:conv_rapida/weights[19][1]
port:conv_rapida/weights[19][2]
port:conv_rapida/weights[19][3]
port:conv_rapida/weights[19][4]
port:conv_rapida/weights[19][5]
port:conv_rapida/weights[19][6]
port:conv_rapida/weights[19][7]
port:conv_rapida/weights[19][8]
port:conv_rapida/weights[19][9]
port:conv_rapida/weights[1][0]
port:conv_rapida/weights[1][10]
port:conv_rapida/weights[1][11]
port:conv_rapida/weights[1][12]
port:conv_rapida/weights[1][13]
port:conv_rapida/weights[1][14]
port:conv_rapida/weights[1][15]
port:conv_rapida/weights[1][16]
port:conv_rapida/weights[1][17]
port:conv_rapida/weights[1][18]
port:conv_rapida/weights[1][19]
port:conv_rapida/weights[1][1]
port:conv_rapida/weights[1][2]
port:conv_rapida/weights[1][3]
port:conv_rapida/weights[1][4]
port:conv_rapida/weights[1][5]
port:conv_rapida/weights[1][6]
port:conv_rapida/weights[1][7]
port:conv_rapida/weights[1][8]
port:conv_rapida/weights[1][9]
port:conv_rapida/weights[20][0]
port:conv_rapida/weights[20][10]
port:conv_rapida/weights[20][11]
port:conv_rapida/weights[20][12]
port:conv_rapida/weights[20][13]
port:conv_rapida/weights[20][14]
port:conv_rapida/weights[20][15]
port:conv_rapida/weights[20][16]
port:conv_rapida/weights[20][17]
port:conv_rapida/weights[20][18]
port:conv_rapida/weights[20][19]
port:conv_rapida/weights[20][1]
port:conv_rapida/weights[20][2]
port:conv_rapida/weights[20][3]
port:conv_rapida/weights[20][4]
port:conv_rapida/weights[20][5]
port:conv_rapida/weights[20][6]
port:conv_rapida/weights[20][7]
port:conv_rapida/weights[20][8]
port:conv_rapida/weights[20][9]
port:conv_rapida/weights[21][0]
port:conv_rapida/weights[21][10]
port:conv_rapida/weights[21][11]
port:conv_rapida/weights[21][12]
port:conv_rapida/weights[21][13]
port:conv_rapida/weights[21][14]
port:conv_rapida/weights[21][15]
port:conv_rapida/weights[21][16]
port:conv_rapida/weights[21][17]
port:conv_rapida/weights[21][18]
port:conv_rapida/weights[21][19]
port:conv_rapida/weights[21][1]
port:conv_rapida/weights[21][2]
port:conv_rapida/weights[21][3]
port:conv_rapida/weights[21][4]
port:conv_rapida/weights[21][5]
port:conv_rapida/weights[21][6]
port:conv_rapida/weights[21][7]
port:conv_rapida/weights[21][8]
port:conv_rapida/weights[21][9]
port:conv_rapida/weights[22][0]
port:conv_rapida/weights[22][10]
port:conv_rapida/weights[22][11]
port:conv_rapida/weights[22][12]
port:conv_rapida/weights[22][13]
port:conv_rapida/weights[22][14]
port:conv_rapida/weights[22][15]
port:conv_rapida/weights[22][16]
port:conv_rapida/weights[22][17]
port:conv_rapida/weights[22][18]
port:conv_rapida/weights[22][19]
port:conv_rapida/weights[22][1]
port:conv_rapida/weights[22][2]
port:conv_rapida/weights[22][3]
port:conv_rapida/weights[22][4]
port:conv_rapida/weights[22][5]
port:conv_rapida/weights[22][6]
port:conv_rapida/weights[22][7]
port:conv_rapida/weights[22][8]
port:conv_rapida/weights[22][9]
port:conv_rapida/weights[23][0]
port:conv_rapida/weights[23][10]
port:conv_rapida/weights[23][11]
port:conv_rapida/weights[23][12]
port:conv_rapida/weights[23][13]
port:conv_rapida/weights[23][14]
port:conv_rapida/weights[23][15]
port:conv_rapida/weights[23][16]
port:conv_rapida/weights[23][17]
port:conv_rapida/weights[23][18]
port:conv_rapida/weights[23][19]
port:conv_rapida/weights[23][1]
port:conv_rapida/weights[23][2]
port:conv_rapida/weights[23][3]
port:conv_rapida/weights[23][4]
port:conv_rapida/weights[23][5]
port:conv_rapida/weights[23][6]
port:conv_rapida/weights[23][7]
port:conv_rapida/weights[23][8]
port:conv_rapida/weights[23][9]
port:conv_rapida/weights[24][0]
port:conv_rapida/weights[24][10]
port:conv_rapida/weights[24][11]
port:conv_rapida/weights[24][12]
port:conv_rapida/weights[24][13]
port:conv_rapida/weights[24][14]
port:conv_rapida/weights[24][15]
port:conv_rapida/weights[24][16]
port:conv_rapida/weights[24][17]
port:conv_rapida/weights[24][18]
port:conv_rapida/weights[24][19]
port:conv_rapida/weights[24][1]
port:conv_rapida/weights[24][2]
port:conv_rapida/weights[24][3]
port:conv_rapida/weights[24][4]
port:conv_rapida/weights[24][5]
port:conv_rapida/weights[24][6]
port:conv_rapida/weights[24][7]
port:conv_rapida/weights[24][8]
port:conv_rapida/weights[24][9]
port:conv_rapida/weights[25][0]
port:conv_rapida/weights[25][10]
port:conv_rapida/weights[25][11]
port:conv_rapida/weights[25][12]
port:conv_rapida/weights[25][13]
port:conv_rapida/weights[25][14]
port:conv_rapida/weights[25][15]
port:conv_rapida/weights[25][16]
port:conv_rapida/weights[25][17]
port:conv_rapida/weights[25][18]
port:conv_rapida/weights[25][19]
port:conv_rapida/weights[25][1]
port:conv_rapida/weights[25][2]
port:conv_rapida/weights[25][3]
port:conv_rapida/weights[25][4]
port:conv_rapida/weights[25][5]
port:conv_rapida/weights[25][6]
port:conv_rapida/weights[25][7]
port:conv_rapida/weights[25][8]
port:conv_rapida/weights[25][9]
port:conv_rapida/weights[26][0]
port:conv_rapida/weights[26][10]
port:conv_rapida/weights[26][11]
port:conv_rapida/weights[26][12]
port:conv_rapida/weights[26][13]
port:conv_rapida/weights[26][14]
port:conv_rapida/weights[26][15]
port:conv_rapida/weights[26][16]
port:conv_rapida/weights[26][17]
port:conv_rapida/weights[26][18]
port:conv_rapida/weights[26][19]
port:conv_rapida/weights[26][1]
port:conv_rapida/weights[26][2]
port:conv_rapida/weights[26][3]
port:conv_rapida/weights[26][4]
port:conv_rapida/weights[26][5]
port:conv_rapida/weights[26][6]
port:conv_rapida/weights[26][7]
port:conv_rapida/weights[26][8]
port:conv_rapida/weights[26][9]
port:conv_rapida/weights[27][0]
port:conv_rapida/weights[27][10]
port:conv_rapida/weights[27][11]
port:conv_rapida/weights[27][12]
port:conv_rapida/weights[27][13]
port:conv_rapida/weights[27][14]
port:conv_rapida/weights[27][15]
port:conv_rapida/weights[27][16]
port:conv_rapida/weights[27][17]
port:conv_rapida/weights[27][18]
port:conv_rapida/weights[27][19]
port:conv_rapida/weights[27][1]
port:conv_rapida/weights[27][2]
port:conv_rapida/weights[27][3]
port:conv_rapida/weights[27][4]
port:conv_rapida/weights[27][5]
port:conv_rapida/weights[27][6]
port:conv_rapida/weights[27][7]
port:conv_rapida/weights[27][8]
port:conv_rapida/weights[27][9]
port:conv_rapida/weights[28][0]
port:conv_rapida/weights[28][10]
port:conv_rapida/weights[28][11]
port:conv_rapida/weights[28][12]
port:conv_rapida/weights[28][13]
port:conv_rapida/weights[28][14]
port:conv_rapida/weights[28][15]
port:conv_rapida/weights[28][16]
port:conv_rapida/weights[28][17]
port:conv_rapida/weights[28][18]
port:conv_rapida/weights[28][19]
port:conv_rapida/weights[28][1]
port:conv_rapida/weights[28][2]
port:conv_rapida/weights[28][3]
port:conv_rapida/weights[28][4]
port:conv_rapida/weights[28][5]
port:conv_rapida/weights[28][6]
port:conv_rapida/weights[28][7]
port:conv_rapida/weights[28][8]
port:conv_rapida/weights[28][9]
port:conv_rapida/weights[29][0]
port:conv_rapida/weights[29][10]
port:conv_rapida/weights[29][11]
port:conv_rapida/weights[29][12]
port:conv_rapida/weights[29][13]
port:conv_rapida/weights[29][14]
port:conv_rapida/weights[29][15]
port:conv_rapida/weights[29][16]
port:conv_rapida/weights[29][17]
port:conv_rapida/weights[29][18]
port:conv_rapida/weights[29][19]
port:conv_rapida/weights[29][1]
port:conv_rapida/weights[29][2]
port:conv_rapida/weights[29][3]
port:conv_rapida/weights[29][4]
port:conv_rapida/weights[29][5]
port:conv_rapida/weights[29][6]
port:conv_rapida/weights[29][7]
port:conv_rapida/weights[29][8]
port:conv_rapida/weights[29][9]
port:conv_rapida/weights[2][0]
port:conv_rapida/weights[2][10]
port:conv_rapida/weights[2][11]
port:conv_rapida/weights[2][12]
port:conv_rapida/weights[2][13]
port:conv_rapida/weights[2][14]
port:conv_rapida/weights[2][15]
port:conv_rapida/weights[2][16]
port:conv_rapida/weights[2][17]
port:conv_rapida/weights[2][18]
port:conv_rapida/weights[2][19]
port:conv_rapida/weights[2][1]
port:conv_rapida/weights[2][2]
port:conv_rapida/weights[2][3]
port:conv_rapida/weights[2][4]
port:conv_rapida/weights[2][5]
port:conv_rapida/weights[2][6]
port:conv_rapida/weights[2][7]
port:conv_rapida/weights[2][8]
port:conv_rapida/weights[2][9]
port:conv_rapida/weights[30][0]
port:conv_rapida/weights[30][10]
port:conv_rapida/weights[30][11]
port:conv_rapida/weights[30][12]
port:conv_rapida/weights[30][13]
port:conv_rapida/weights[30][14]
port:conv_rapida/weights[30][15]
port:conv_rapida/weights[30][16]
port:conv_rapida/weights[30][17]
port:conv_rapida/weights[30][18]
port:conv_rapida/weights[30][19]
port:conv_rapida/weights[30][1]
port:conv_rapida/weights[30][2]
port:conv_rapida/weights[30][3]
port:conv_rapida/weights[30][4]
port:conv_rapida/weights[30][5]
port:conv_rapida/weights[30][6]
port:conv_rapida/weights[30][7]
port:conv_rapida/weights[30][8]
port:conv_rapida/weights[30][9]
port:conv_rapida/weights[31][0]
port:conv_rapida/weights[31][10]
port:conv_rapida/weights[31][11]
port:conv_rapida/weights[31][12]
port:conv_rapida/weights[31][13]
port:conv_rapida/weights[31][14]
port:conv_rapida/weights[31][15]
port:conv_rapida/weights[31][16]
port:conv_rapida/weights[31][17]
port:conv_rapida/weights[31][18]
port:conv_rapida/weights[31][19]
port:conv_rapida/weights[31][1]
port:conv_rapida/weights[31][2]
port:conv_rapida/weights[31][3]
port:conv_rapida/weights[31][4]
port:conv_rapida/weights[31][5]
port:conv_rapida/weights[31][6]
port:conv_rapida/weights[31][7]
port:conv_rapida/weights[31][8]
port:conv_rapida/weights[31][9]
port:conv_rapida/weights[32][0]
port:conv_rapida/weights[32][10]
port:conv_rapida/weights[32][11]
port:conv_rapida/weights[32][12]
port:conv_rapida/weights[32][13]
port:conv_rapida/weights[32][14]
port:conv_rapida/weights[32][15]
port:conv_rapida/weights[32][16]
port:conv_rapida/weights[32][17]
port:conv_rapida/weights[32][18]
port:conv_rapida/weights[32][19]
port:conv_rapida/weights[32][1]
port:conv_rapida/weights[32][2]
port:conv_rapida/weights[32][3]
port:conv_rapida/weights[32][4]
port:conv_rapida/weights[32][5]
port:conv_rapida/weights[32][6]
port:conv_rapida/weights[32][7]
port:conv_rapida/weights[32][8]
port:conv_rapida/weights[32][9]
port:conv_rapida/weights[33][0]
port:conv_rapida/weights[33][10]
port:conv_rapida/weights[33][11]
port:conv_rapida/weights[33][12]
port:conv_rapida/weights[33][13]
port:conv_rapida/weights[33][14]
port:conv_rapida/weights[33][15]
port:conv_rapida/weights[33][16]
port:conv_rapida/weights[33][17]
port:conv_rapida/weights[33][18]
port:conv_rapida/weights[33][19]
port:conv_rapida/weights[33][1]
port:conv_rapida/weights[33][2]
port:conv_rapida/weights[33][3]
port:conv_rapida/weights[33][4]
port:conv_rapida/weights[33][5]
port:conv_rapida/weights[33][6]
port:conv_rapida/weights[33][7]
port:conv_rapida/weights[33][8]
port:conv_rapida/weights[33][9]
port:conv_rapida/weights[34][0]
port:conv_rapida/weights[34][10]
port:conv_rapida/weights[34][11]
port:conv_rapida/weights[34][12]
port:conv_rapida/weights[34][13]
port:conv_rapida/weights[34][14]
port:conv_rapida/weights[34][15]
port:conv_rapida/weights[34][16]
port:conv_rapida/weights[34][17]
port:conv_rapida/weights[34][18]
port:conv_rapida/weights[34][19]
port:conv_rapida/weights[34][1]
port:conv_rapida/weights[34][2]
port:conv_rapida/weights[34][3]
port:conv_rapida/weights[34][4]
port:conv_rapida/weights[34][5]
port:conv_rapida/weights[34][6]
port:conv_rapida/weights[34][7]
port:conv_rapida/weights[34][8]
port:conv_rapida/weights[34][9]
port:conv_rapida/weights[35][0]
port:conv_rapida/weights[35][10]
port:conv_rapida/weights[35][11]
port:conv_rapida/weights[35][12]
port:conv_rapida/weights[35][13]
port:conv_rapida/weights[35][14]
port:conv_rapida/weights[35][15]
port:conv_rapida/weights[35][16]
port:conv_rapida/weights[35][17]
port:conv_rapida/weights[35][18]
port:conv_rapida/weights[35][19]
port:conv_rapida/weights[35][1]
port:conv_rapida/weights[35][2]
port:conv_rapida/weights[35][3]
port:conv_rapida/weights[35][4]
port:conv_rapida/weights[35][5]
port:conv_rapida/weights[35][6]
port:conv_rapida/weights[35][7]
port:conv_rapida/weights[35][8]
port:conv_rapida/weights[35][9]
port:conv_rapida/weights[3][0]
port:conv_rapida/weights[3][10]
port:conv_rapida/weights[3][11]
port:conv_rapida/weights[3][12]
port:conv_rapida/weights[3][13]
port:conv_rapida/weights[3][14]
port:conv_rapida/weights[3][15]
port:conv_rapida/weights[3][16]
port:conv_rapida/weights[3][17]
port:conv_rapida/weights[3][18]
port:conv_rapida/weights[3][19]
port:conv_rapida/weights[3][1]
port:conv_rapida/weights[3][2]
port:conv_rapida/weights[3][3]
port:conv_rapida/weights[3][4]
port:conv_rapida/weights[3][5]
port:conv_rapida/weights[3][6]
port:conv_rapida/weights[3][7]
port:conv_rapida/weights[3][8]
port:conv_rapida/weights[3][9]
port:conv_rapida/weights[4][0]
port:conv_rapida/weights[4][10]
port:conv_rapida/weights[4][11]
port:conv_rapida/weights[4][12]
port:conv_rapida/weights[4][13]
port:conv_rapida/weights[4][14]
port:conv_rapida/weights[4][15]
port:conv_rapida/weights[4][16]
port:conv_rapida/weights[4][17]
port:conv_rapida/weights[4][18]
port:conv_rapida/weights[4][19]
port:conv_rapida/weights[4][1]
port:conv_rapida/weights[4][2]
port:conv_rapida/weights[4][3]
port:conv_rapida/weights[4][4]
port:conv_rapida/weights[4][5]
port:conv_rapida/weights[4][6]
port:conv_rapida/weights[4][7]
port:conv_rapida/weights[4][8]
port:conv_rapida/weights[4][9]
port:conv_rapida/weights[5][0]
port:conv_rapida/weights[5][10]
port:conv_rapida/weights[5][11]
port:conv_rapida/weights[5][12]
port:conv_rapida/weights[5][13]
port:conv_rapida/weights[5][14]
port:conv_rapida/weights[5][15]
port:conv_rapida/weights[5][16]
port:conv_rapida/weights[5][17]
port:conv_rapida/weights[5][18]
port:conv_rapida/weights[5][19]
port:conv_rapida/weights[5][1]
port:conv_rapida/weights[5][2]
port:conv_rapida/weights[5][3]
port:conv_rapida/weights[5][4]
port:conv_rapida/weights[5][5]
port:conv_rapida/weights[5][6]
port:conv_rapida/weights[5][7]
port:conv_rapida/weights[5][8]
port:conv_rapida/weights[5][9]
port:conv_rapida/weights[6][0]
port:conv_rapida/weights[6][10]
port:conv_rapida/weights[6][11]
port:conv_rapida/weights[6][12]
port:conv_rapida/weights[6][13]
port:conv_rapida/weights[6][14]
port:conv_rapida/weights[6][15]
port:conv_rapida/weights[6][16]
port:conv_rapida/weights[6][17]
port:conv_rapida/weights[6][18]
port:conv_rapida/weights[6][19]
port:conv_rapida/weights[6][1]
port:conv_rapida/weights[6][2]
port:conv_rapida/weights[6][3]
port:conv_rapida/weights[6][4]
port:conv_rapida/weights[6][5]
port:conv_rapida/weights[6][6]
port:conv_rapida/weights[6][7]
port:conv_rapida/weights[6][8]
port:conv_rapida/weights[6][9]
port:conv_rapida/weights[7][0]
port:conv_rapida/weights[7][10]
port:conv_rapida/weights[7][11]
port:conv_rapida/weights[7][12]
port:conv_rapida/weights[7][13]
port:conv_rapida/weights[7][14]
port:conv_rapida/weights[7][15]
port:conv_rapida/weights[7][16]
port:conv_rapida/weights[7][17]
port:conv_rapida/weights[7][18]
port:conv_rapida/weights[7][19]
port:conv_rapida/weights[7][1]
port:conv_rapida/weights[7][2]
port:conv_rapida/weights[7][3]
port:conv_rapida/weights[7][4]
port:conv_rapida/weights[7][5]
port:conv_rapida/weights[7][6]
port:conv_rapida/weights[7][7]
port:conv_rapida/weights[7][8]
port:conv_rapida/weights[7][9]
port:conv_rapida/weights[8][0]
port:conv_rapida/weights[8][10]
port:conv_rapida/weights[8][11]
port:conv_rapida/weights[8][12]
port:conv_rapida/weights[8][13]
port:conv_rapida/weights[8][14]
port:conv_rapida/weights[8][15]
port:conv_rapida/weights[8][16]
port:conv_rapida/weights[8][17]
port:conv_rapida/weights[8][18]
port:conv_rapida/weights[8][19]
port:conv_rapida/weights[8][1]
port:conv_rapida/weights[8][2]
port:conv_rapida/weights[8][3]
port:conv_rapida/weights[8][4]
port:conv_rapida/weights[8][5]
port:conv_rapida/weights[8][6]
port:conv_rapida/weights[8][7]
port:conv_rapida/weights[8][8]
port:conv_rapida/weights[8][9]
port:conv_rapida/weights[9][0]
port:conv_rapida/weights[9][10]
port:conv_rapida/weights[9][11]
port:conv_rapida/weights[9][12]
port:conv_rapida/weights[9][13]
port:conv_rapida/weights[9][14]
port:conv_rapida/weights[9][15]
port:conv_rapida/weights[9][16]
port:conv_rapida/weights[9][17]
port:conv_rapida/weights[9][18]
port:conv_rapida/weights[9][19]
port:conv_rapida/weights[9][1]
port:conv_rapida/weights[9][2]
port:conv_rapida/weights[9][3]
port:conv_rapida/weights[9][4]
port:conv_rapida/weights[9][5]
port:conv_rapida/weights[9][6]
port:conv_rapida/weights[9][7]
port:conv_rapida/weights[9][8]
port:conv_rapida/weights[9][9]
-------------------------------------------------------------------------------

-------------------------------------------------------------------------------
Outputs without external load

The following primary outputs have no external load set  in mode                
'analysis_view_0p99v_m40c_capbst_fastest'. As a result the load on the ports    
will be assumed as zero. The 'external_pin_cap' attribute is used to add and    
external pin cap.                                                               

port:conv_rapida/data_valid
port:conv_rapida/outputMAP[0][0]
port:conv_rapida/outputMAP[0][10]
port:conv_rapida/outputMAP[0][11]
port:conv_rapida/outputMAP[0][12]
port:conv_rapida/outputMAP[0][13]
port:conv_rapida/outputMAP[0][14]
port:conv_rapida/outputMAP[0][15]
port:conv_rapida/outputMAP[0][16]
port:conv_rapida/outputMAP[0][17]
port:conv_rapida/outputMAP[0][18]
port:conv_rapida/outputMAP[0][19]
port:conv_rapida/outputMAP[0][1]
port:conv_rapida/outputMAP[0][2]
port:conv_rapida/outputMAP[0][3]
port:conv_rapida/outputMAP[0][4]
port:conv_rapida/outputMAP[0][5]
port:conv_rapida/outputMAP[0][6]
port:conv_rapida/outputMAP[0][7]
port:conv_rapida/outputMAP[0][8]
port:conv_rapida/outputMAP[0][9]
port:conv_rapida/outputMAP[1][0]
port:conv_rapida/outputMAP[1][10]
port:conv_rapida/outputMAP[1][11]
port:conv_rapida/outputMAP[1][12]
port:conv_rapida/outputMAP[1][13]
port:conv_rapida/outputMAP[1][14]
port:conv_rapida/outputMAP[1][15]
port:conv_rapida/outputMAP[1][16]
port:conv_rapida/outputMAP[1][17]
port:conv_rapida/outputMAP[1][18]
port:conv_rapida/outputMAP[1][19]
port:conv_rapida/outputMAP[1][1]
port:conv_rapida/outputMAP[1][2]
port:conv_rapida/outputMAP[1][3]
port:conv_rapida/outputMAP[1][4]
port:conv_rapida/outputMAP[1][5]
port:conv_rapida/outputMAP[1][6]
port:conv_rapida/outputMAP[1][7]
port:conv_rapida/outputMAP[1][8]
port:conv_rapida/outputMAP[1][9]
port:conv_rapida/outputMAP[2][0]
port:conv_rapida/outputMAP[2][10]
port:conv_rapida/outputMAP[2][11]
port:conv_rapida/outputMAP[2][12]
port:conv_rapida/outputMAP[2][13]
port:conv_rapida/outputMAP[2][14]
port:conv_rapida/outputMAP[2][15]
port:conv_rapida/outputMAP[2][16]
port:conv_rapida/outputMAP[2][17]
port:conv_rapida/outputMAP[2][18]
port:conv_rapida/outputMAP[2][19]
port:conv_rapida/outputMAP[2][1]
port:conv_rapida/outputMAP[2][2]
port:conv_rapida/outputMAP[2][3]
port:conv_rapida/outputMAP[2][4]
port:conv_rapida/outputMAP[2][5]
port:conv_rapida/outputMAP[2][6]
port:conv_rapida/outputMAP[2][7]
port:conv_rapida/outputMAP[2][8]
port:conv_rapida/outputMAP[2][9]
port:conv_rapida/outputMAP[3][0]
port:conv_rapida/outputMAP[3][10]
port:conv_rapida/outputMAP[3][11]
port:conv_rapida/outputMAP[3][12]
port:conv_rapida/outputMAP[3][13]
port:conv_rapida/outputMAP[3][14]
port:conv_rapida/outputMAP[3][15]
port:conv_rapida/outputMAP[3][16]
port:conv_rapida/outputMAP[3][17]
port:conv_rapida/outputMAP[3][18]
port:conv_rapida/outputMAP[3][19]
port:conv_rapida/outputMAP[3][1]
port:conv_rapida/outputMAP[3][2]
port:conv_rapida/outputMAP[3][3]
port:conv_rapida/outputMAP[3][4]
port:conv_rapida/outputMAP[3][5]
port:conv_rapida/outputMAP[3][6]
port:conv_rapida/outputMAP[3][7]
port:conv_rapida/outputMAP[3][8]
port:conv_rapida/outputMAP[3][9]
port:conv_rapida/outputMAP[4][0]
port:conv_rapida/outputMAP[4][10]
port:conv_rapida/outputMAP[4][11]
port:conv_rapida/outputMAP[4][12]
port:conv_rapida/outputMAP[4][13]
port:conv_rapida/outputMAP[4][14]
port:conv_rapida/outputMAP[4][15]
port:conv_rapida/outputMAP[4][16]
port:conv_rapida/outputMAP[4][17]
port:conv_rapida/outputMAP[4][18]
port:conv_rapida/outputMAP[4][19]
port:conv_rapida/outputMAP[4][1]
port:conv_rapida/outputMAP[4][2]
port:conv_rapida/outputMAP[4][3]
port:conv_rapida/outputMAP[4][4]
port:conv_rapida/outputMAP[4][5]
port:conv_rapida/outputMAP[4][6]
port:conv_rapida/outputMAP[4][7]
port:conv_rapida/outputMAP[4][8]
port:conv_rapida/outputMAP[4][9]
port:conv_rapida/outputMAP[5][0]
port:conv_rapida/outputMAP[5][10]
port:conv_rapida/outputMAP[5][11]
port:conv_rapida/outputMAP[5][12]
port:conv_rapida/outputMAP[5][13]
port:conv_rapida/outputMAP[5][14]
port:conv_rapida/outputMAP[5][15]
port:conv_rapida/outputMAP[5][16]
port:conv_rapida/outputMAP[5][17]
port:conv_rapida/outputMAP[5][18]
port:conv_rapida/outputMAP[5][19]
port:conv_rapida/outputMAP[5][1]
port:conv_rapida/outputMAP[5][2]
port:conv_rapida/outputMAP[5][3]
port:conv_rapida/outputMAP[5][4]
port:conv_rapida/outputMAP[5][5]
port:conv_rapida/outputMAP[5][6]
port:conv_rapida/outputMAP[5][7]
port:conv_rapida/outputMAP[5][8]
port:conv_rapida/outputMAP[5][9]
port:conv_rapida/outputMAP[6][0]
port:conv_rapida/outputMAP[6][10]
port:conv_rapida/outputMAP[6][11]
port:conv_rapida/outputMAP[6][12]
port:conv_rapida/outputMAP[6][13]
port:conv_rapida/outputMAP[6][14]
port:conv_rapida/outputMAP[6][15]
port:conv_rapida/outputMAP[6][16]
port:conv_rapida/outputMAP[6][17]
port:conv_rapida/outputMAP[6][18]
port:conv_rapida/outputMAP[6][19]
port:conv_rapida/outputMAP[6][1]
port:conv_rapida/outputMAP[6][2]
port:conv_rapida/outputMAP[6][3]
port:conv_rapida/outputMAP[6][4]
port:conv_rapida/outputMAP[6][5]
port:conv_rapida/outputMAP[6][6]
port:conv_rapida/outputMAP[6][7]
port:conv_rapida/outputMAP[6][8]
port:conv_rapida/outputMAP[6][9]
port:conv_rapida/outputMAP[7][0]
port:conv_rapida/outputMAP[7][10]
port:conv_rapida/outputMAP[7][11]
port:conv_rapida/outputMAP[7][12]
port:conv_rapida/outputMAP[7][13]
port:conv_rapida/outputMAP[7][14]
port:conv_rapida/outputMAP[7][15]
port:conv_rapida/outputMAP[7][16]
port:conv_rapida/outputMAP[7][17]
port:conv_rapida/outputMAP[7][18]
port:conv_rapida/outputMAP[7][19]
port:conv_rapida/outputMAP[7][1]
port:conv_rapida/outputMAP[7][2]
port:conv_rapida/outputMAP[7][3]
port:conv_rapida/outputMAP[7][4]
port:conv_rapida/outputMAP[7][5]
port:conv_rapida/outputMAP[7][6]
port:conv_rapida/outputMAP[7][7]
port:conv_rapida/outputMAP[7][8]
port:conv_rapida/outputMAP[7][9]
port:conv_rapida/outputMAP[8][0]
port:conv_rapida/outputMAP[8][10]
port:conv_rapida/outputMAP[8][11]
port:conv_rapida/outputMAP[8][12]
port:conv_rapida/outputMAP[8][13]
port:conv_rapida/outputMAP[8][14]
port:conv_rapida/outputMAP[8][15]
port:conv_rapida/outputMAP[8][16]
port:conv_rapida/outputMAP[8][17]
port:conv_rapida/outputMAP[8][18]
port:conv_rapida/outputMAP[8][19]
port:conv_rapida/outputMAP[8][1]
port:conv_rapida/outputMAP[8][2]
port:conv_rapida/outputMAP[8][3]
port:conv_rapida/outputMAP[8][4]
port:conv_rapida/outputMAP[8][5]
port:conv_rapida/outputMAP[8][6]
port:conv_rapida/outputMAP[8][7]
port:conv_rapida/outputMAP[8][8]
port:conv_rapida/outputMAP[8][9]
-------------------------------------------------------------------------------


Lint summary
 Unconnected/logic driven clocks                                  0
 Sequential data pins driven by a clock signal                    0
 Sequential clock pins without clock waveform                     0
 Sequential clock pins with multiple clock waveforms              0
 Generated clocks without clock waveform                          0
 Generated clocks with incompatible options                       0
 Generated clocks with multi-master clock                         0
 Paths constrained with different clocks                          0
 Loop-breaking cells for combinational feedback                   0
 Nets with multiple drivers                                       0
 Timing exceptions with no effect                                 0
 Suspicious multi_cycle exceptions                                0
 Pins/ports with conflicting case constants                       0
 Inputs without clocked external delays                        1222
 Outputs without clocked external delays                        181
 Inputs without external driver/transition                     1222
 Outputs without external load                                  181
 Exceptions with invalid timing start-/endpoints                  0

                                                  Total:       2806

