============================================================
  Generated by:           Genus(TM) Synthesis Solution 22.15-s086_1
  Generated on:           Oct 09 2024  09:39:57 pm
  Module:                 conv_standard
  Library domain:         timing_cond_0p81v_125c
    Domain index:         0
    Technology library:   tcbn28hpcplusbwp30p140ssg0p81v125c 110
  Operating conditions:   ssg0p81v125c 
  Interconnect mode:      global
  Area mode:              physical library
============================================================

   Instance      Module     Cell Count  Cell Area  Net Area   Total Area 
-------------------------------------------------------------------------
conv_standard                     7424   7717.752  3735.860    11453.612 
  macOp       macoperation        5933   6321.798  2480.278     8802.076 
    sps       CSA_9                222    456.624   103.151      559.775 
      L1a     FA                    28     59.598     0.000       59.598 
      L1b     FA_82                 28     59.598     0.000       59.598 
      L1c     FA_81                 28     59.598     0.000       59.598 
      L2a     FA_5_83               28     59.094     0.000       59.094 
      L2b     FA_4                  27     57.456     0.000       57.456 
      L3      FA_5                  28     57.960     0.000       57.960 
      L4      FA_6                  27     55.818     0.000       55.818 
