============================================================
  Generated by:           Genus(TM) Synthesis Solution 22.15-s086_1
  Generated on:           Oct 09 2024  09:39:57 pm
  Module:                 conv_standard
  Library domain:         timing_cond_0p81v_125c
    Domain index:         0
    Technology library:   tcbn28hpcplusbwp30p140ssg0p81v125c 110
  Operating conditions:   ssg0p81v125c 
  Interconnect mode:      global
  Area mode:              physical library
============================================================

                                                                                    Library 
          Gate            Instances    Area                  Library                 Domain 
--------------------------------------------------------------------------------------------
AN2D1BWP30P140                    9     4.536    tcbn28hpcplusbwp30p140ssg0p81v125c       0 
AN2D4BWP30P140                    1     1.134    tcbn28hpcplusbwp30p140ssg0p81v125c       0 
AO211D1BWP30P140                 26    19.656    tcbn28hpcplusbwp30p140ssg0p81v125c       0 
AO211D2BWP30P140                  1     0.882    tcbn28hpcplusbwp30p140ssg0p81v125c       0 
AO21D1BWP30P140                  61    38.430    tcbn28hpcplusbwp30p140ssg0p81v125c       0 
AO21D2BWP30P140                   5     3.780    tcbn28hpcplusbwp30p140ssg0p81v125c       0 
AO21D4BWP30P140                   3     4.158    tcbn28hpcplusbwp30p140ssg0p81v125c       0 
AO22D0BWP30P140                  23    17.388    tcbn28hpcplusbwp30p140ssg0p81v125c       0 
AO22D1BWP30P140                  15    13.230    tcbn28hpcplusbwp30p140ssg0p81v125c       0 
AO22D2BWP30P140                   1     1.008    tcbn28hpcplusbwp30p140ssg0p81v125c       0 
AOI211D1BWP30P140                10     6.300    tcbn28hpcplusbwp30p140ssg0p81v125c       0 
AOI211D2BWP30P140                 1     1.134    tcbn28hpcplusbwp30p140ssg0p81v125c       0 
AOI211OPTREPBD1BWP30P140          3     3.402    tcbn28hpcplusbwp30p140ssg0p81v125c       0 
AOI21D0P7BWP30P140                1     0.504    tcbn28hpcplusbwp30p140ssg0p81v125c       0 
AOI21D1BWP30P140                 58    29.232    tcbn28hpcplusbwp30p140ssg0p81v125c       0 
AOI21OPTREPBD1BWP30P140           3     2.268    tcbn28hpcplusbwp30p140ssg0p81v125c       0 
AOI21OPTREPBD2BWP30P140           1     1.386    tcbn28hpcplusbwp30p140ssg0p81v125c       0 
AOI221D1BWP30P140                31    23.436    tcbn28hpcplusbwp30p140ssg0p81v125c       0 
AOI222D1BWP30P140                 3     3.024    tcbn28hpcplusbwp30p140ssg0p81v125c       0 
AOI22D1BWP30P140                194   122.220    tcbn28hpcplusbwp30p140ssg0p81v125c       0 
CKAN2D1BWP30P140                 46    23.184    tcbn28hpcplusbwp30p140ssg0p81v125c       0 
CKLNQD1BWP30P140                 10    18.900    tcbn28hpcplusbwp30p140ssg0p81v125c       0 
CKMUX2D0BWP30P140                70    61.740    tcbn28hpcplusbwp30p140ssg0p81v125c       0 
CKMUX2D2BWP30P140                 2     2.268    tcbn28hpcplusbwp30p140ssg0p81v125c       0 
CKND1BWP30P140                  519   130.788    tcbn28hpcplusbwp30p140ssg0p81v125c       0 
CKND2BWP30P140                   13     4.914    tcbn28hpcplusbwp30p140ssg0p81v125c       0 
CKND2D1BWP30P140                 62    23.436    tcbn28hpcplusbwp30p140ssg0p81v125c       0 
DFCNQD1BWP30P140                189   428.652    tcbn28hpcplusbwp30p140ssg0p81v125c       0 
EDFCND4BWP30P140                  1     4.032    tcbn28hpcplusbwp30p140ssg0p81v125c       0 
EDFCNQD4BWP30P140                 1     3.402    tcbn28hpcplusbwp30p140ssg0p81v125c       0 
FA1D1BWP30P140                 1382  2960.244    tcbn28hpcplusbwp30p140ssg0p81v125c       0 
FA1OPTCD1BWP30P140                5    12.600    tcbn28hpcplusbwp30p140ssg0p81v125c       0 
FA1OPTCD2BWP30P140                1     3.024    tcbn28hpcplusbwp30p140ssg0p81v125c       0 
HA1D1BWP30P140                   31    50.778    tcbn28hpcplusbwp30p140ssg0p81v125c       0 
IAO21D0BWP30P140                 10     6.300    tcbn28hpcplusbwp30p140ssg0p81v125c       0 
IAO21D1BWP30P140                  2     1.260    tcbn28hpcplusbwp30p140ssg0p81v125c       0 
IAO21D2BWP30P140                  2     1.764    tcbn28hpcplusbwp30p140ssg0p81v125c       0 
IAO22D1BWP30P140                  7     6.174    tcbn28hpcplusbwp30p140ssg0p81v125c       0 
IND2D1BWP30P140                  12     6.048    tcbn28hpcplusbwp30p140ssg0p81v125c       0 
IND2D4BWP30P140                   1     1.386    tcbn28hpcplusbwp30p140ssg0p81v125c       0 
IND3D1BWP30P140                   2     1.260    tcbn28hpcplusbwp30p140ssg0p81v125c       0 
INR2D0BWP30P140                   1     0.504    tcbn28hpcplusbwp30p140ssg0p81v125c       0 
INR2D1BWP30P140                  50    25.200    tcbn28hpcplusbwp30p140ssg0p81v125c       0 
INR2D2BWP30P140                   2     1.512    tcbn28hpcplusbwp30p140ssg0p81v125c       0 
INR2D4BWP30P140                   1     1.386    tcbn28hpcplusbwp30p140ssg0p81v125c       0 
INR3D0BWP30P140                   2     1.260    tcbn28hpcplusbwp30p140ssg0p81v125c       0 
INVD0P7BWP30P140                  2     0.504    tcbn28hpcplusbwp30p140ssg0p81v125c       0 
INVD12BWP30P140                   1     1.638    tcbn28hpcplusbwp30p140ssg0p81v125c       0 
INVD18BWP30P140                   2     4.788    tcbn28hpcplusbwp30p140ssg0p81v125c       0 
INVD1BWP30P140                    3     0.756    tcbn28hpcplusbwp30p140ssg0p81v125c       0 
INVD3BWP30P140                    2     1.008    tcbn28hpcplusbwp30p140ssg0p81v125c       0 
INVD6BWP30P140                    4     3.528    tcbn28hpcplusbwp30p140ssg0p81v125c       0 
IOA21D0BWP30P140                 16    10.080    tcbn28hpcplusbwp30p140ssg0p81v125c       0 
IOA21D1BWP30P140                 20    12.600    tcbn28hpcplusbwp30p140ssg0p81v125c       0 
IOA21D2BWP30P140                  2     1.764    tcbn28hpcplusbwp30p140ssg0p81v125c       0 
IOA22D1BWP30P140                  2     1.764    tcbn28hpcplusbwp30p140ssg0p81v125c       0 
MAOI222D1BWP30P140              169   127.764    tcbn28hpcplusbwp30p140ssg0p81v125c       0 
MAOI22D1BWP30P140                73    55.188    tcbn28hpcplusbwp30p140ssg0p81v125c       0 
MOAI22D0BWP30P140                 1     0.756    tcbn28hpcplusbwp30p140ssg0p81v125c       0 
MOAI22D1BWP30P140                88    66.528    tcbn28hpcplusbwp30p140ssg0p81v125c       0 
MOAI22D2BWP30P140                 1     1.260    tcbn28hpcplusbwp30p140ssg0p81v125c       0 
MUX2D0BWP30P140                   4     3.528    tcbn28hpcplusbwp30p140ssg0p81v125c       0 
MUX2D1BWP30P140                  11    11.088    tcbn28hpcplusbwp30p140ssg0p81v125c       0 
MUX2D2BWP30P140                   5     5.670    tcbn28hpcplusbwp30p140ssg0p81v125c       0 
MUX2D4BWP30P140                   2     3.528    tcbn28hpcplusbwp30p140ssg0p81v125c       0 
MUX2ND0BWP30P140                 10     7.560    tcbn28hpcplusbwp30p140ssg0p81v125c       0 
MUX2ND2BWP30P140                 14    17.640    tcbn28hpcplusbwp30p140ssg0p81v125c       0 
MUX2ND4BWP30P140                  1     2.016    tcbn28hpcplusbwp30p140ssg0p81v125c       0 
MUX2NOPTD2BWP30P140               9    12.474    tcbn28hpcplusbwp30p140ssg0p81v125c       0 
MUX2NOPTD6BWP30P140               1     3.654    tcbn28hpcplusbwp30p140ssg0p81v125c       0 
MUX2NUD1BWP30P140               326   246.456    tcbn28hpcplusbwp30p140ssg0p81v125c       0 
MUX2OPTD2BWP30P140                1     1.134    tcbn28hpcplusbwp30p140ssg0p81v125c       0 
MUX3D1BWP30P140                  10    17.640    tcbn28hpcplusbwp30p140ssg0p81v125c       0 
MUX3D4BWP30P140                   1     2.646    tcbn28hpcplusbwp30p140ssg0p81v125c       0 
MUX3NUD1BWP30P140                17    27.846    tcbn28hpcplusbwp30p140ssg0p81v125c       0 
ND2D1BWP30P140                   78    29.484    tcbn28hpcplusbwp30p140ssg0p81v125c       0 
ND2D2BWP30P140                    3     1.890    tcbn28hpcplusbwp30p140ssg0p81v125c       0 
ND2D3BWP30P140                    1     0.882    tcbn28hpcplusbwp30p140ssg0p81v125c       0 
ND2D4BWP30P140                    1     1.134    tcbn28hpcplusbwp30p140ssg0p81v125c       0 
ND2D8BWP30P140                    1     2.142    tcbn28hpcplusbwp30p140ssg0p81v125c       0 
ND2OPTIBD16BWP30P140              1     4.158    tcbn28hpcplusbwp30p140ssg0p81v125c       0 
ND2OPTIBD1BWP30P140              31    11.718    tcbn28hpcplusbwp30p140ssg0p81v125c       0 
ND2OPTIBD2BWP30P140               1     0.630    tcbn28hpcplusbwp30p140ssg0p81v125c       0 
ND2OPTIBD8BWP30P140               1     2.142    tcbn28hpcplusbwp30p140ssg0p81v125c       0 
ND2OPTPAD8BWP30P140               1     3.024    tcbn28hpcplusbwp30p140ssg0p81v125c       0 
NR2D0P7BWP30P140                 13     4.914    tcbn28hpcplusbwp30p140ssg0p81v125c       0 
NR2D1BWP30P140                   95    35.910    tcbn28hpcplusbwp30p140ssg0p81v125c       0 
NR2D3BWP30P140                    3     2.646    tcbn28hpcplusbwp30p140ssg0p81v125c       0 
NR2D4BWP30P140                    4     4.536    tcbn28hpcplusbwp30p140ssg0p81v125c       0 
NR2OPTD6BWP30P140                 1     1.638    tcbn28hpcplusbwp30p140ssg0p81v125c       0 
NR2OPTIBD1BWP30P140              69    26.082    tcbn28hpcplusbwp30p140ssg0p81v125c       0 
NR3D0BWP30P140                    1     0.504    tcbn28hpcplusbwp30p140ssg0p81v125c       0 
NR3D0P7BWP30P140                  1     0.504    tcbn28hpcplusbwp30p140ssg0p81v125c       0 
NR3D1P5BWP30P140                  1     0.882    tcbn28hpcplusbwp30p140ssg0p81v125c       0 
NR4D1BWP30P140                    1     1.134    tcbn28hpcplusbwp30p140ssg0p81v125c       0 
OA211D1BWP30P140                  1     0.756    tcbn28hpcplusbwp30p140ssg0p81v125c       0 
OA21D1BWP30P140                  13     8.190    tcbn28hpcplusbwp30p140ssg0p81v125c       0 
OA22D1BWP30P140                  26    22.932    tcbn28hpcplusbwp30p140ssg0p81v125c       0 
OAI211D1BWP30P140                 7     4.410    tcbn28hpcplusbwp30p140ssg0p81v125c       0 
OAI211D2BWP30P140                 3     3.402    tcbn28hpcplusbwp30p140ssg0p81v125c       0 
OAI21D0P7BWP30P140                8     4.032    tcbn28hpcplusbwp30p140ssg0p81v125c       0 
OAI21D1BWP30P140                 81    40.824    tcbn28hpcplusbwp30p140ssg0p81v125c       0 
OAI21D2BWP30P140                  6     5.292    tcbn28hpcplusbwp30p140ssg0p81v125c       0 
OAI21D4BWP30P140                  9    15.876    tcbn28hpcplusbwp30p140ssg0p81v125c       0 
OAI21D8BWP30P140                  3     9.828    tcbn28hpcplusbwp30p140ssg0p81v125c       0 
OAI21OPTREPBD1BWP30P140           7     5.292    tcbn28hpcplusbwp30p140ssg0p81v125c       0 
OAI21OPTREPBD2BWP30P140           4     5.544    tcbn28hpcplusbwp30p140ssg0p81v125c       0 
OAI221D1BWP30P140                 2     1.764    tcbn28hpcplusbwp30p140ssg0p81v125c       0 
OAI221D2BWP30P140                 2     3.024    tcbn28hpcplusbwp30p140ssg0p81v125c       0 
OAI222D1BWP30P140                14    14.112    tcbn28hpcplusbwp30p140ssg0p81v125c       0 
OAI22D1BWP30P140               1183   745.290    tcbn28hpcplusbwp30p140ssg0p81v125c       0 
OR2D0BWP30P140                   59    29.736    tcbn28hpcplusbwp30p140ssg0p81v125c       0 
OR2D1BWP30P140                   49    24.696    tcbn28hpcplusbwp30p140ssg0p81v125c       0 
OR2D2BWP30P140                    1     0.630    tcbn28hpcplusbwp30p140ssg0p81v125c       0 
OR2D4BWP30P140                    2     2.268    tcbn28hpcplusbwp30p140ssg0p81v125c       0 
OR2D6BWP30P140                    1     1.386    tcbn28hpcplusbwp30p140ssg0p81v125c       0 
SDFCNQOPTBD4BWP30P140             1     4.158    tcbn28hpcplusbwp30p140ssg0p81v125c       0 
SDFCNQOPTMCD12BWP30P140           1     9.828    tcbn28hpcplusbwp30p140ssg0p81v125c       0 
XNR2D1BWP30P140                   1     1.008    tcbn28hpcplusbwp30p140ssg0p81v125c       0 
XNR2UD0BWP30P140                 70    61.740    tcbn28hpcplusbwp30p140ssg0p81v125c       0 
XNR2UD1BWP30P140               1279  1128.078    tcbn28hpcplusbwp30p140ssg0p81v125c       0 
XNR3D1BWP30P140                   3     5.670    tcbn28hpcplusbwp30p140ssg0p81v125c       0 
XNR3D2BWP30P140                   1     2.016    tcbn28hpcplusbwp30p140ssg0p81v125c       0 
XNR3UD1BWP30P140                 81   142.884    tcbn28hpcplusbwp30p140ssg0p81v125c       0 
XOR2UD0BWP30P140                 13    11.466    tcbn28hpcplusbwp30p140ssg0p81v125c       0 
XOR2UD1BWP30P140                431   380.142    tcbn28hpcplusbwp30p140ssg0p81v125c       0 
XOR3D1BWP30P140                   6    11.340    tcbn28hpcplusbwp30p140ssg0p81v125c       0 
XOR3D2BWP30P140                   1     2.016    tcbn28hpcplusbwp30p140ssg0p81v125c       0 
XOR3UD1BWP30P140                 66   116.424    tcbn28hpcplusbwp30p140ssg0p81v125c       0 
XOR4D1BWP30P140                   9    23.814    tcbn28hpcplusbwp30p140ssg0p81v125c       0 
--------------------------------------------------------------------------------------------
total                          7424  7717.752                                       


                                                       
            Type             Instances   Area   Area % 
-------------------------------------------------------
sequential                         193  450.072    5.8 
inverter                           546  147.924    1.9 
clock_gating_integrated_cell        10   18.900    0.2 
logic                             6675 7100.856   92.0 
physical_cells                       0    0.000    0.0 
-------------------------------------------------------
total                             7424 7717.752  100.0 

