============================================================
  Generated by:           Genus(TM) Synthesis Solution 22.15-s086_1
  Generated on:           Oct 09 2024  09:40:21 pm
  Module:                 conv_standard
  Operating conditions:   ssg0p81v125c 
  Operating conditions:   tt0p9v25c 
  Operating conditions:   ffg0p99vm40c 
  Interconnect mode:      global
  Area mode:              physical library
============================================================


Path 1: MET (800 ps) Setup Check with Pin outputMAP_reg[0][19]/CP->D
           View: analysis_view_0p99v_m40c_capbst_fastest
          Group: clk
     Startpoint: (R) row_reg[1]/CP
          Clock: (R) clk
       Endpoint: (R) outputMAP_reg[0][19]/D
          Clock: (R) clk

                     Capture       Launch     
        Clock Edge:+    2000            0     
       Src Latency:+       0            0     
       Net Latency:+       0 (I)        0 (I) 
           Arrival:=    2000            0     
                                              
             Setup:-      18                  
     Required Time:=    1982                  
      Launch Clock:-       0                  
         Data Path:-    1182                  
             Slack:=     800                  

#--------------------------------------------------------------------------------------------------------------------------
#           Timing Point            Flags    Arc   Edge          Cell            Fanout  Load Trans Delay Arrival Instance 
#                                                                                        (fF)  (ps)  (ps)   (ps)  Location 
#--------------------------------------------------------------------------------------------------------------------------
  row_reg[1]/CP                     -       -      R     (arrival)                   18     -     0     0       0    (-,-) 
  row_reg[1]/Q                      -       CP->Q  F     SDFCNQOPTBD4BWP30P140       62  83.2    66    67      67    (-,-) 
  g29440/ZN                         -       I->ZN  R     INVD12BWP30P140             73 109.3    40    37     103    (-,-) 
  g29362/ZN                         -       A1->ZN F     ND2OPTIBD16BWP30P140        37  45.1    32    21     124    (-,-) 
  g29123/ZN                         -       A2->ZN R     NR2OPTD6BWP30P140           19  21.5    27    24     148    (-,-) 
  g28964/ZN                         -       I->ZN  F     CKND2BWP30P140               2   2.8    11     9     156    (-,-) 
  g28900/ZN                         -       B1->ZN R     INR2D1BWP30P140              1   2.2    16    13     169    (-,-) 
  g28406/ZN                         -       A4->ZN F     NR4D1BWP30P140               2   5.4    27    22     191    (-,-) 
  g28199/ZN                         -       A1->ZN R     NR2D1BWP30P140               1   2.2    23    17     209    (-,-) 
  g28106/Z                          -       A1->Z  R     OR2D6BWP30P140              24  38.8    22    26     235    (-,-) 
  macOp/mul_87_50_I3_g7626/ZN       -       I->ZN  F     CKND2BWP30P140               6   7.3    17    14     248    (-,-) 
  macOp/mul_87_50_I3_g7619/ZN       -       B1->ZN R     INR2D1BWP30P140              2   4.2    26    21     269    (-,-) 
  macOp/mul_87_50_I3_g7470/Z        -       A1->Z  R     OR2D0BWP30P140               2   2.9    21    22     292    (-,-) 
  macOp/mul_87_50_I3_g7182/ZN       -       A2->ZN F     NR2D1BWP30P140               2   3.5    18    14     305    (-,-) 
  macOp/mul_87_50_I3_g7102/CO       -       CI->CO F     FA1D1BWP30P140               2   2.9    14    27     332    (-,-) 
  macOp/mul_87_50_I3_g7094/ZN       -       B->ZN  R     OAI21D0P7BWP30P140           1   1.6    22    13     345    (-,-) 
  macOp/mul_87_50_I3_g7088/ZN       -       B->ZN  F     IOA21D0BWP30P140             2   2.9    34    25     370    (-,-) 
  macOp/mul_87_50_I3_g7630/Z        -       A1->Z  F     AO22D1BWP30P140              2   2.9    13    26     396    (-,-) 
  macOp/mul_87_50_I3_g7629/Z        -       A1->Z  F     AO22D1BWP30P140              2   3.6    15    22     418    (-,-) 
  macOp/mul_87_50_I3_g7022/ZN       -       A1->ZN R     AOI21OPTREPBD1BWP30P140      2   3.0    19    15     433    (-,-) 
  macOp/mul_87_50_I3_g7013/ZN       -       I->ZN  F     CKND1BWP30P140               1   1.7    11     9     443    (-,-) 
  macOp/mul_87_50_I3_g7628/Z        -       A1->Z  F     AO22D1BWP30P140              2   2.9    13    20     463    (-,-) 
  macOp/mul_87_50_I3_g7627/Z        -       A1->Z  F     AO22D1BWP30P140              2   3.5    15    22     485    (-,-) 
  macOp/g7994/ZN                    -       A->ZN  R     MAOI222D1BWP30P140           2   3.0    30    23     508    (-,-) 
  macOp/mul_87_50_I3_g6983/ZN       -       B->ZN  F     IAO21D1BWP30P140             1   1.8    13    11     518    (-,-) 
  macOp/mul_87_50_I3_g2/Z           -       B->Z   F     AO21D1BWP30P140              1   2.4    11    21     539    (-,-) 
  macOp/mul_87_50_I3_g6979/CO       -       CI->CO F     FA1D1BWP30P140               1   3.0    14    25     564    (-,-) 
  macOp/mul_87_50_I3_g6978/CO       -       CI->CO F     FA1OPTCD1BWP30P140           1   2.4    12    18     583    (-,-) 
  macOp/mul_87_50_I3_g6977/CO       -       CI->CO F     FA1D1BWP30P140               1   2.4    12    24     607    (-,-) 
  macOp/mul_87_50_I3_g6976/CO       -       CI->CO F     FA1D1BWP30P140               1   2.4    12    24     631    (-,-) 
  macOp/mul_87_50_I3_g6975/CO       -       CI->CO F     FA1D1BWP30P140               1   2.4    12    24     655    (-,-) 
  macOp/mul_87_50_I3_g6974/CO       -       CI->CO F     FA1D1BWP30P140               1   2.4    12    24     680    (-,-) 
  macOp/mul_87_50_I3_g6973/CO       -       CI->CO F     FA1D1BWP30P140               1   2.4    12    24     704    (-,-) 
  macOp/mul_87_50_I3_g6972/CO       -       CI->CO F     FA1D1BWP30P140               1   2.4    12    24     728    (-,-) 
  macOp/mul_87_50_I3_g6971/CO       -       CI->CO F     FA1D1BWP30P140               1   2.4    12    24     752    (-,-) 
  macOp/mul_87_50_I3_g6970/CO       -       CI->CO F     FA1D1BWP30P140               1   2.4    12    24     776    (-,-) 
  macOp/mul_87_50_I3_g6969/CO       -       CI->CO F     FA1D1BWP30P140               1   2.4    12    24     800    (-,-) 
  macOp/mul_87_50_I3_g6968/CO       -       CI->CO F     FA1D1BWP30P140               1   2.4    12    24     825    (-,-) 
  macOp/mul_87_50_I3_g6967/CO       -       CI->CO F     FA1D1BWP30P140               1   2.4    12    24     849    (-,-) 
  macOp/mul_87_50_I3_g6966/CO       -       CI->CO F     FA1D1BWP30P140               1   2.4    12    24     873    (-,-) 
  macOp/mul_87_50_I3_g6965/CO       -       CI->CO F     FA1D1BWP30P140               1   2.4    12    24     897    (-,-) 
  macOp/mul_87_50_I3_g6964/S        -       CI->S  R     FA1D1BWP30P140               1   3.2    18    43     941    (-,-) 
  macOp/sps/L1c/g1479__5526/S       -       A->S   F     FA1D1BWP30P140               1   2.4    14    41     981    (-,-) 
  macOp/sps/L2b/g1579__2802/S       -       CI->S  R     FA1D1BWP30P140               1   2.5    16    42    1024    (-,-) 
  macOp/sps/L3/g1387__1617/S        -       CI->S  F     FA1D1BWP30P140               1   2.4    14    38    1062    (-,-) 
  macOp/sps/L4/g1534__1617/S        -       CI->S  R     FA1D1BWP30P140               1   3.1    18    44    1105    (-,-) 
  macOp/sps/add_49_22_g579__1617/CO -       B->CO  R     FA1D1BWP30P140               1   1.8    11    22    1128    (-,-) 
  macOp/sps/add_49_22_g578__3680/Z  -       A3->Z  R     XOR3UD1BWP30P140             9  11.5    76    55    1182    (-,-) 
  outputMAP_reg[0][19]/D            <<<     -      R     DFCNQD1BWP30P140             9     -     -     0    1182    (-,-) 
#--------------------------------------------------------------------------------------------------------------------------


