============================================================
  Generated by:           Genus(TM) Synthesis Solution 22.15-s086_1
  Generated on:           Oct 09 2024  09:39:57 pm
  Module:                 conv_standard
  Operating conditions:   ssg0p81v125c 
  Interconnect mode:      global
  Area mode:              physical library
============================================================


Path 1: MET (0 ps) Setup Check with Pin outputMAP_reg[0][19]/CP->D
           View: analysis_view_0p81v_125c_capwst_slowest
          Group: clk
     Startpoint: (R) col_reg[1]/CP
          Clock: (R) clk
       Endpoint: (R) outputMAP_reg[0][19]/D
          Clock: (R) clk

                     Capture       Launch     
        Clock Edge:+    2000            0     
       Src Latency:+       0            0     
       Net Latency:+       0 (I)        0 (I) 
           Arrival:=    2000            0     
                                              
             Setup:-      33                  
     Required Time:=    1967                  
      Launch Clock:-       0                  
         Data Path:-    1967                  
             Slack:=       0                  

#----------------------------------------------------------------------------------------------------------------------
#           Timing Point            Flags    Arc   Edge        Cell          Fanout  Load Trans Delay Arrival Instance 
#                                                                                    (fF)  (ps)  (ps)   (ps)  Location 
#----------------------------------------------------------------------------------------------------------------------
  col_reg[1]/CP                     -       -      R     (arrival)               18     -     0     0       0    (-,-) 
  col_reg[1]/Q                      -       CP->Q  R     EDFCNQD4BWP30P140       41  56.6    75    93      93    (-,-) 
  g29735/ZN                         -       I->ZN  F     INVD18BWP30P140         97 116.3    49    42     135    (-,-) 
  g29794/ZN                         -       I->ZN  R     INVD18BWP30P140        112 139.1    47    42     177    (-,-) 
  g29256/ZN                         -       S->ZN  R     MUX2NOPTD2BWP30P140      2   2.1    26    30     207    (-,-) 
  g29139/ZN                         -       I->ZN  F     CKND1BWP30P140           1   1.2    15    14     220    (-,-) 
  g28893/ZN                         -       I0->ZN R     MUX2NUD1BWP30P140        2   2.1    63    32     252    (-,-) 
  g28600/ZN                         -       A1->ZN F     NR2D1BWP30P140           1   1.3    29    18     270    (-,-) 
  g28351/ZN                         -       A1->ZN R     NR3D0P7BWP30P140         2   3.4    65    48     318    (-,-) 
  g28175/ZN                         -       I0->ZN F     MUX2ND2BWP30P140        10  14.1    40    64     382    (-,-) 
  macOp/mul_87_50_I4_g7829/ZN       -       A1->ZN F     XNR2UD1BWP30P140         2   2.0    35    34     416    (-,-) 
  macOp/mul_87_50_I4_g7720/ZN       -       A1->ZN F     IAO21D0BWP30P140         2   2.3    32    42     458    (-,-) 
  macOp/g8032/ZN                    -       A1->ZN F     XNR3UD1BWP30P140         2   1.9    38    72     530    (-,-) 
  macOp/mul_87_50_I4_g7462/Z        -       A1->Z  F     CKAN2D1BWP30P140         2   2.1    17    34     564    (-,-) 
  macOp/mul_87_50_I4_g7444/Z        -       B->Z   F     AO21D1BWP30P140          1   2.1    18    35     598    (-,-) 
  macOp/mul_87_50_I4_g7406/CO       -       CI->CO F     FA1D1BWP30P140           2   2.6    24    44     642    (-,-) 
  macOp/mul_87_50_I4_g7391/ZN       -       A1->ZN R     AOI21D1BWP30P140         2   2.7    39    31     673    (-,-) 
  macOp/g7997/Z                     -       A1->Z  R     OA21D1BWP30P140          2   2.6    21    34     707    (-,-) 
  macOp/mul_87_50_I4_g7369/ZN       -       A1->ZN F     OAI21D0P7BWP30P140       1   2.1    41    28     736    (-,-) 
  macOp/mul_87_50_I4_g7361/CO       -       CI->CO F     FA1D1BWP30P140           1   2.1    22    50     786    (-,-) 
  macOp/mul_87_50_I4_g7360/CO       -       CI->CO F     FA1D1BWP30P140           1   2.1    21    43     829    (-,-) 
  macOp/mul_87_50_I4_g7359/CO       -       CI->CO F     FA1D1BWP30P140           1   2.1    21    43     872    (-,-) 
  macOp/mul_87_50_I4_g7358/CO       -       CI->CO F     FA1D1BWP30P140           1   2.1    21    43     916    (-,-) 
  macOp/mul_87_50_I4_g7357/CO       -       CI->CO F     FA1D1BWP30P140           1   2.1    21    43     959    (-,-) 
  macOp/mul_87_50_I4_g7356/CO       -       CI->CO F     FA1D1BWP30P140           1   2.1    21    43    1002    (-,-) 
  macOp/mul_87_50_I4_g7355/CO       -       CI->CO F     FA1D1BWP30P140           1   2.1    21    43    1046    (-,-) 
  macOp/mul_87_50_I4_g7354/CO       -       CI->CO F     FA1D1BWP30P140           1   2.1    21    43    1089    (-,-) 
  macOp/mul_87_50_I4_g7353/CO       -       CI->CO F     FA1D1BWP30P140           1   2.1    21    43    1132    (-,-) 
  macOp/mul_87_50_I4_g7352/CO       -       CI->CO F     FA1D1BWP30P140           1   2.1    21    43    1175    (-,-) 
  macOp/mul_87_50_I4_g7351/CO       -       CI->CO F     FA1D1BWP30P140           1   2.1    21    43    1219    (-,-) 
  macOp/mul_87_50_I4_g7350/CO       -       CI->CO F     FA1D1BWP30P140           1   2.1    21    43    1262    (-,-) 
  macOp/mul_87_50_I4_g7349/CO       -       CI->CO F     FA1D1BWP30P140           1   2.1    21    43    1305    (-,-) 
  macOp/mul_87_50_I4_g7348/CO       -       CI->CO F     FA1D1BWP30P140           1   2.1    21    43    1349    (-,-) 
  macOp/mul_87_50_I4_g7347/CO       -       CI->CO F     FA1D1BWP30P140           1   2.1    21    43    1392    (-,-) 
  macOp/mul_87_50_I4_g7346/CO       -       CI->CO F     FA1D1BWP30P140           1   2.1    21    43    1435    (-,-) 
  macOp/mul_87_50_I4_g7345/CO       -       CI->CO F     FA1D1BWP30P140           1   2.1    21    43    1478    (-,-) 
  macOp/mul_87_50_I4_g7344/S        -       CI->S  R     FA1D1BWP30P140           1   2.1    27    75    1553    (-,-) 
  macOp/sps/L1b/g1475__4319/S       -       CI->S  F     FA1D1BWP30P140           1   2.1    26    69    1623    (-,-) 
  macOp/sps/L2a/g1397__3680/S       -       CI->S  R     FA1D1BWP30P140           1   2.6    30    78    1701    (-,-) 
  macOp/sps/L3/g1387__1617/S        -       B->S   F     FA1D1BWP30P140           1   2.1    26    71    1772    (-,-) 
  macOp/sps/L4/g1534__1617/S        -       CI->S  R     FA1D1BWP30P140           1   2.6    30    78    1850    (-,-) 
  macOp/sps/add_49_22_g579__1617/CO -       B->CO  R     FA1D1BWP30P140           1   1.3    17    38    1889    (-,-) 
  macOp/sps/add_49_22_g578__3680/Z  -       A3->Z  R     XOR3UD1BWP30P140         9   8.2   104    78    1967    (-,-) 
  outputMAP_reg[0][19]/D            <<<     -      R     DFCNQD1BWP30P140         9     -     -     0    1967    (-,-) 
#----------------------------------------------------------------------------------------------------------------------


