============================================================
  Generated by:           Genus(TM) Synthesis Solution 22.15-s086_1
  Generated on:           Oct 09 2024  09:40:09 pm
  Module:                 conv_standard
  Operating conditions:   ssg0p81v125c 
  Operating conditions:   tt0p9v25c 
  Interconnect mode:      global
  Area mode:              physical library
============================================================


Path 1: MET (448 ps) Setup Check with Pin outputMAP_reg[0][19]/CP->D
           View: analysis_view_0p90v_25c_captyp_nominal
          Group: clk
     Startpoint: (R) col_reg[1]/CP
          Clock: (R) clk
       Endpoint: (F) outputMAP_reg[0][19]/D
          Clock: (R) clk

                     Capture       Launch     
        Clock Edge:+    2000            0     
       Src Latency:+       0            0     
       Net Latency:+       0 (I)        0 (I) 
           Arrival:=    2000            0     
                                              
             Setup:-      18                  
     Required Time:=    1982                  
      Launch Clock:-       0                  
         Data Path:-    1534                  
             Slack:=     448                  

#--------------------------------------------------------------------------------------------------------------------------
#           Timing Point            Flags    Arc   Edge          Cell            Fanout  Load Trans Delay Arrival Instance 
#                                                                                        (fF)  (ps)  (ps)   (ps)  Location 
#--------------------------------------------------------------------------------------------------------------------------
  col_reg[1]/CP                     -       -      R     (arrival)                   18     -     0     0       0    (-,-) 
  col_reg[1]/Q                      -       CP->Q  F     EDFCNQD4BWP30P140           41  60.6    62    74      74    (-,-) 
  g29735/ZN                         -       I->ZN  R     INVD18BWP30P140             97 137.9    41    39     114    (-,-) 
  g29794/ZN                         -       I->ZN  F     INVD18BWP30P140            112 152.5    41    34     148    (-,-) 
  g29001/Z                          -       S->Z   F     MUX2D1BWP30P140              1   1.5    12    29     177    (-,-) 
  g28825/ZN                         -       B1->ZN R     IAO22D1BWP30P140             2   2.7    40    23     199    (-,-) 
  g28750/ZN                         -       I->ZN  F     CKND1BWP30P140               1   1.5    17    14     214    (-,-) 
  g28457/ZN                         -       A1->ZN R     AOI21D1BWP30P140             1   1.5    35    17     231    (-,-) 
  g28367/ZN                         -       B->ZN  F     IOA21D1BWP30P140             1   2.1    25    22     252    (-,-) 
  g28106/Z                          -       A2->Z  F     OR2D6BWP30P140              24  35.3    27    38     291    (-,-) 
  macOp/mul_87_50_I3_g7626/ZN       -       I->ZN  R     CKND2BWP30P140               6   6.6    19    19     310    (-,-) 
  macOp/mul_87_50_I3_g7619/ZN       -       B1->ZN F     INR2D1BWP30P140              2   3.9    21    17     328    (-,-) 
  macOp/mul_87_50_I3_g7470/Z        -       A1->Z  F     OR2D0BWP30P140               2   2.6    22    31     358    (-,-) 
  macOp/mul_87_50_I3_g7182/ZN       -       A2->ZN R     NR2D1BWP30P140               2   3.4    32    26     384    (-,-) 
  macOp/mul_87_50_I3_g7102/CO       -       CI->CO R     FA1D1BWP30P140               2   2.7    18    34     418    (-,-) 
  macOp/mul_87_50_I3_g7094/ZN       -       B->ZN  F     OAI21D0P7BWP30P140           1   1.4    29    20     439    (-,-) 
  macOp/mul_87_50_I3_g7088/ZN       -       B->ZN  R     IOA21D0BWP30P140             2   2.8    28    26     465    (-,-) 
  macOp/mul_87_50_I3_g7630/Z        -       A1->Z  R     AO22D1BWP30P140              2   2.8    17    29     494    (-,-) 
  macOp/mul_87_50_I3_g7629/Z        -       A1->Z  R     AO22D1BWP30P140              2   3.6    20    29     522    (-,-) 
  macOp/mul_87_50_I3_g7022/ZN       -       A1->ZN F     AOI21OPTREPBD1BWP30P140      2   2.7    24    21     543    (-,-) 
  macOp/mul_87_50_I3_g7013/ZN       -       I->ZN  R     CKND1BWP30P140               1   1.6    14    14     557    (-,-) 
  macOp/mul_87_50_I3_g7628/Z        -       A1->Z  R     AO22D1BWP30P140              2   2.8    18    26     583    (-,-) 
  macOp/mul_87_50_I3_g7627/Z        -       A1->Z  R     AO22D1BWP30P140              2   3.3    19    28     611    (-,-) 
  macOp/g7994/ZN                    -       A->ZN  F     MAOI222D1BWP30P140           2   2.7    38    30     641    (-,-) 
  macOp/g8028/ZN                    -       A1->ZN F     XNR3UD1BWP30P140             1   2.9    32    61     702    (-,-) 
  macOp/sps/L1c/g1484__1705/S       -       A->S   R     FA1D1BWP30P140               1   2.3    21    68     770    (-,-) 
  macOp/sps/L2b/g1584__6131/S       -       CI->S  F     FA1D1BWP30P140               1   2.2    18    51     821    (-,-) 
  macOp/sps/L3/g1392__7098/S        -       CI->S  R     FA1D1BWP30P140               1   2.3    21    56     877    (-,-) 
  macOp/sps/L4/g1539__7098/S        -       CI->S  F     FA1D1BWP30P140               1   2.8    20    53     930    (-,-) 
  macOp/sps/add_49_22_g595__1666/CO -       B->CO  F     FA1D1BWP30P140               1   2.2    16    38     968    (-,-) 
  macOp/sps/add_49_22_g594__2346/CO -       CI->CO F     FA1D1BWP30P140               1   2.2    16    32    1000    (-,-) 
  macOp/sps/add_49_22_g593__2883/CO -       CI->CO F     FA1D1BWP30P140               1   2.2    16    32    1032    (-,-) 
  macOp/sps/add_49_22_g592__9945/CO -       CI->CO F     FA1D1BWP30P140               1   2.2    16    32    1064    (-,-) 
  macOp/sps/add_49_22_g591__9315/CO -       CI->CO F     FA1D1BWP30P140               1   2.2    16    32    1096    (-,-) 
  macOp/sps/add_49_22_g590__6161/CO -       CI->CO F     FA1D1BWP30P140               1   2.2    16    32    1128    (-,-) 
  macOp/sps/add_49_22_g589__4733/CO -       CI->CO F     FA1D1BWP30P140               1   2.2    16    32    1160    (-,-) 
  macOp/sps/add_49_22_g588__7482/CO -       CI->CO F     FA1D1BWP30P140               1   2.2    16    32    1192    (-,-) 
  macOp/sps/add_49_22_g587__5115/CO -       CI->CO F     FA1D1BWP30P140               1   2.2    16    32    1224    (-,-) 
  macOp/sps/add_49_22_g586__1881/CO -       CI->CO F     FA1D1BWP30P140               1   2.2    16    32    1256    (-,-) 
  macOp/sps/add_49_22_g585__6131/CO -       CI->CO F     FA1D1BWP30P140               1   2.2    16    32    1288    (-,-) 
  macOp/sps/add_49_22_g584__7098/CO -       CI->CO F     FA1D1BWP30P140               1   2.2    16    32    1320    (-,-) 
  macOp/sps/add_49_22_g583__8246/CO -       CI->CO F     FA1D1BWP30P140               1   2.2    16    32    1352    (-,-) 
  macOp/sps/add_49_22_g582__5122/CO -       CI->CO F     FA1D1BWP30P140               1   2.2    16    32    1384    (-,-) 
  macOp/sps/add_49_22_g581__1705/CO -       CI->CO F     FA1D1BWP30P140               1   2.2    16    32    1416    (-,-) 
  macOp/sps/add_49_22_g580__2802/CO -       CI->CO F     FA1D1BWP30P140               1   2.2    16    32    1448    (-,-) 
  macOp/sps/add_49_22_g579__1617/CO -       CI->CO F     FA1D1BWP30P140               1   1.5    13    30    1478    (-,-) 
  macOp/sps/add_49_22_g578__3680/Z  -       A3->Z  F     XOR3UD1BWP30P140             9   9.6    76    56    1534    (-,-) 
  outputMAP_reg[0][19]/D            <<<     -      F     DFCNQD1BWP30P140             9     -     -     0    1534    (-,-) 
#--------------------------------------------------------------------------------------------------------------------------


